{"C:\\Users\\Genui\\Documents\\lap3\\CramWrite-back-end\\api\\app.js": {"path":"C:\\Users\\Genui\\Documents\\lap3\\CramWrite-back-end\\api\\app.js","statementMap":{"0":{"start":{"line":1,"column":16},"end":{"line":1,"column":34}},"1":{"start":{"line":2,"column":13},"end":{"line":2,"column":28}},"2":{"start":{"line":3,"column":15},"end":{"line":3,"column":48}},"3":{"start":{"line":4,"column":22},"end":{"line":4,"column":62}},"4":{"start":{"line":6,"column":24},"end":{"line":6,"column":54}},"5":{"start":{"line":7,"column":21},"end":{"line":7,"column":48}},"6":{"start":{"line":8,"column":21},"end":{"line":8,"column":48}},"7":{"start":{"line":9,"column":22},"end":{"line":9,"column":50}},"8":{"start":{"line":10,"column":19},"end":{"line":10,"column":44}},"9":{"start":{"line":11,"column":18},"end":{"line":11,"column":42}},"10":{"start":{"line":12,"column":23},"end":{"line":12,"column":52}},"11":{"start":{"line":14,"column":12},"end":{"line":14,"column":21}},"12":{"start":{"line":15,"column":0},"end":{"line":15,"column":16}},"13":{"start":{"line":16,"column":0},"end":{"line":16,"column":24}},"14":{"start":{"line":17,"column":0},"end":{"line":17,"column":51}},"15":{"start":{"line":17,"column":36},"end":{"line":17,"column":51}},"16":{"start":{"line":19,"column":0},"end":{"line":21,"column":3}},"17":{"start":{"line":20,"column":2},"end":{"line":20,"column":70}},"18":{"start":{"line":23,"column":0},"end":{"line":23,"column":54}},"19":{"start":{"line":24,"column":0},"end":{"line":24,"column":32}},"20":{"start":{"line":25,"column":0},"end":{"line":25,"column":47}},"21":{"start":{"line":26,"column":0},"end":{"line":26,"column":49}},"22":{"start":{"line":27,"column":0},"end":{"line":27,"column":41}},"23":{"start":{"line":28,"column":0},"end":{"line":28,"column":51}},"24":{"start":{"line":29,"column":0},"end":{"line":29,"column":43}},"25":{"start":{"line":31,"column":0},"end":{"line":31,"column":21}}},"fnMap":{"0":{"name":"(anonymous_0)","decl":{"start":{"line":19,"column":13},"end":{"line":19,"column":14}},"loc":{"start":{"line":19,"column":27},"end":{"line":21,"column":1}},"line":19}},"branchMap":{"0":{"loc":{"start":{"line":17,"column":0},"end":{"line":17,"column":51}},"type":"if","locations":[{"start":{"line":17,"column":0},"end":{"line":17,"column":51}},{"start":{},"end":{}}],"line":17}},"s":{"0":1,"1":1,"2":1,"3":1,"4":1,"5":1,"6":1,"7":1,"8":1,"9":1,"10":1,"11":1,"12":1,"13":1,"14":1,"15":0,"16":1,"17":0,"18":1,"19":1,"20":1,"21":1,"22":1,"23":1,"24":1,"25":1},"f":{"0":0},"b":{"0":[0,1]},"_coverageSchema":"1a1c01bbd47fc00a2c39e90264f33305004495a9","hash":"6e2412da0d28f08002e89e188cba1ce1534f168d"}
,"C:\\Users\\Genui\\Documents\\lap3\\CramWrite-back-end\\api\\__tests__\\config.js": {"path":"C:\\Users\\Genui\\Documents\\lap3\\CramWrite-back-end\\api\\__tests__\\config.js","statementMap":{"0":{"start":{"line":1,"column":17},"end":{"line":1,"column":30}},"1":{"start":{"line":2,"column":11},"end":{"line":2,"column":24}},"2":{"start":{"line":4,"column":0},"end":{"line":4,"column":26}},"3":{"start":{"line":6,"column":14},"end":{"line":6,"column":66}},"4":{"start":{"line":8,"column":20},"end":{"line":20,"column":1}},"5":{"start":{"line":9,"column":4},"end":{"line":19,"column":6}},"6":{"start":{"line":10,"column":8},"end":{"line":18,"column":9}},"7":{"start":{"line":11,"column":23},"end":{"line":13,"column":14}},"8":{"start":{"line":14,"column":12},"end":{"line":14,"column":34}},"9":{"start":{"line":15,"column":12},"end":{"line":15,"column":37}},"10":{"start":{"line":17,"column":12},"end":{"line":17,"column":45}},"11":{"start":{"line":22,"column":0},"end":{"line":22,"column":33}}},"fnMap":{"0":{"name":"(anonymous_0)","decl":{"start":{"line":8,"column":20},"end":{"line":8,"column":21}},"loc":{"start":{"line":8,"column":26},"end":{"line":20,"column":1}},"line":8},"1":{"name":"(anonymous_1)","decl":{"start":{"line":9,"column":23},"end":{"line":9,"column":24}},"loc":{"start":{"line":9,"column":50},"end":{"line":19,"column":5}},"line":9}},"branchMap":{},"s":{"0":1,"1":1,"2":1,"3":1,"4":1,"5":1,"6":1,"7":1,"8":1,"9":1,"10":0,"11":1},"f":{"0":1,"1":1},"b":{},"_coverageSchema":"1a1c01bbd47fc00a2c39e90264f33305004495a9","hash":"89acbbe04640f477e7fd6f9623b0f3e75c62ea8c"}
,"C:\\Users\\Genui\\Documents\\lap3\\CramWrite-back-end\\api\\controllers\\client.js": {"path":"C:\\Users\\Genui\\Documents\\lap3\\CramWrite-back-end\\api\\controllers\\client.js","statementMap":{"0":{"start":{"line":1,"column":15},"end":{"line":1,"column":45}},"1":{"start":{"line":2,"column":14},"end":{"line":2,"column":43}},"2":{"start":{"line":3,"column":15},"end":{"line":3,"column":32}},"3":{"start":{"line":6,"column":4},"end":{"line":12,"column":5}},"4":{"start":{"line":7,"column":24},"end":{"line":7,"column":45}},"5":{"start":{"line":8,"column":8},"end":{"line":8,"column":38}},"6":{"start":{"line":10,"column":8},"end":{"line":10,"column":48}},"7":{"start":{"line":16,"column":4},"end":{"line":22,"column":5}},"8":{"start":{"line":17,"column":19},"end":{"line":17,"column":42}},"9":{"start":{"line":18,"column":23},"end":{"line":18,"column":50}},"10":{"start":{"line":19,"column":8},"end":{"line":19,"column":37}},"11":{"start":{"line":21,"column":8},"end":{"line":21,"column":52}},"12":{"start":{"line":26,"column":4},"end":{"line":35,"column":5}},"13":{"start":{"line":27,"column":21},"end":{"line":27,"column":29}},"14":{"start":{"line":28,"column":21},"end":{"line":28,"column":83}},"15":{"start":{"line":29,"column":8},"end":{"line":29,"column":63}},"16":{"start":{"line":31,"column":23},"end":{"line":31,"column":52}},"17":{"start":{"line":32,"column":8},"end":{"line":32,"column":37}},"18":{"start":{"line":34,"column":8},"end":{"line":34,"column":53}},"19":{"start":{"line":39,"column":4},"end":{"line":47,"column":5}},"20":{"start":{"line":40,"column":21},"end":{"line":40,"column":37}},"21":{"start":{"line":41,"column":22},"end":{"line":41,"column":53}},"22":{"start":{"line":42,"column":23},"end":{"line":42,"column":60}},"23":{"start":{"line":44,"column":8},"end":{"line":44,"column":37}},"24":{"start":{"line":46,"column":8},"end":{"line":46,"column":53}},"25":{"start":{"line":51,"column":4},"end":{"line":63,"column":5}},"26":{"start":{"line":52,"column":21},"end":{"line":52,"column":29}},"27":{"start":{"line":53,"column":23},"end":{"line":53,"column":67}},"28":{"start":{"line":54,"column":30},"end":{"line":54,"column":82}},"29":{"start":{"line":56,"column":8},"end":{"line":58,"column":9}},"30":{"start":{"line":57,"column":12},"end":{"line":57,"column":53}},"31":{"start":{"line":59,"column":22},"end":{"line":59,"column":51}},"32":{"start":{"line":60,"column":8},"end":{"line":60,"column":76}},"33":{"start":{"line":62,"column":8},"end":{"line":62,"column":53}},"34":{"start":{"line":67,"column":4},"end":{"line":74,"column":5}},"35":{"start":{"line":68,"column":19},"end":{"line":68,"column":42}},"36":{"start":{"line":69,"column":23},"end":{"line":69,"column":50}},"37":{"start":{"line":70,"column":30},"end":{"line":70,"column":59}},"38":{"start":{"line":71,"column":8},"end":{"line":71,"column":44}},"39":{"start":{"line":73,"column":8},"end":{"line":73,"column":53}},"40":{"start":{"line":79,"column":4},"end":{"line":86,"column":5}},"41":{"start":{"line":80,"column":19},"end":{"line":80,"column":42}},"42":{"start":{"line":81,"column":23},"end":{"line":81,"column":50}},"43":{"start":{"line":82,"column":8},"end":{"line":82,"column":30}},"44":{"start":{"line":83,"column":8},"end":{"line":83,"column":53}},"45":{"start":{"line":85,"column":8},"end":{"line":85,"column":53}},"46":{"start":{"line":90,"column":4},"end":{"line":97,"column":5}},"47":{"start":{"line":91,"column":19},"end":{"line":91,"column":42}},"48":{"start":{"line":92,"column":23},"end":{"line":92,"column":50}},"49":{"start":{"line":93,"column":24},"end":{"line":93,"column":51}},"50":{"start":{"line":94,"column":8},"end":{"line":94,"column":38}},"51":{"start":{"line":96,"column":8},"end":{"line":96,"column":52}},"52":{"start":{"line":101,"column":4},"end":{"line":108,"column":5}},"53":{"start":{"line":102,"column":19},"end":{"line":102,"column":42}},"54":{"start":{"line":103,"column":23},"end":{"line":103,"column":50}},"55":{"start":{"line":104,"column":27},"end":{"line":104,"column":55}},"56":{"start":{"line":105,"column":8},"end":{"line":105,"column":41}},"57":{"start":{"line":107,"column":8},"end":{"line":107,"column":52}},"58":{"start":{"line":112,"column":4},"end":{"line":119,"column":5}},"59":{"start":{"line":113,"column":19},"end":{"line":113,"column":42}},"60":{"start":{"line":114,"column":23},"end":{"line":114,"column":50}},"61":{"start":{"line":115,"column":25},"end":{"line":115,"column":51}},"62":{"start":{"line":116,"column":8},"end":{"line":116,"column":39}},"63":{"start":{"line":118,"column":8},"end":{"line":118,"column":52}},"64":{"start":{"line":122,"column":0},"end":{"line":124,"column":1}}},"fnMap":{"0":{"name":"index","decl":{"start":{"line":5,"column":15},"end":{"line":5,"column":20}},"loc":{"start":{"line":5,"column":31},"end":{"line":13,"column":1}},"line":5},"1":{"name":"show","decl":{"start":{"line":15,"column":15},"end":{"line":15,"column":19}},"loc":{"start":{"line":15,"column":31},"end":{"line":23,"column":1}},"line":15},"2":{"name":"register","decl":{"start":{"line":25,"column":15},"end":{"line":25,"column":23}},"loc":{"start":{"line":25,"column":35},"end":{"line":36,"column":1}},"line":25},"3":{"name":"showToken","decl":{"start":{"line":38,"column":15},"end":{"line":38,"column":24}},"loc":{"start":{"line":38,"column":36},"end":{"line":48,"column":1}},"line":38},"4":{"name":"login","decl":{"start":{"line":50,"column":15},"end":{"line":50,"column":20}},"loc":{"start":{"line":50,"column":32},"end":{"line":64,"column":1}},"line":50},"5":{"name":"update","decl":{"start":{"line":66,"column":15},"end":{"line":66,"column":21}},"loc":{"start":{"line":66,"column":33},"end":{"line":75,"column":1}},"line":66},"6":{"name":"destroy","decl":{"start":{"line":78,"column":15},"end":{"line":78,"column":22}},"loc":{"start":{"line":78,"column":34},"end":{"line":87,"column":1}},"line":78},"7":{"name":"checkTeacher","decl":{"start":{"line":89,"column":15},"end":{"line":89,"column":27}},"loc":{"start":{"line":89,"column":39},"end":{"line":98,"column":1}},"line":89},"8":{"name":"showAllFlashcards","decl":{"start":{"line":100,"column":15},"end":{"line":100,"column":32}},"loc":{"start":{"line":100,"column":43},"end":{"line":109,"column":1}},"line":100},"9":{"name":"showAllSubjects","decl":{"start":{"line":111,"column":15},"end":{"line":111,"column":30}},"loc":{"start":{"line":111,"column":41},"end":{"line":120,"column":1}},"line":111}},"branchMap":{"0":{"loc":{"start":{"line":56,"column":8},"end":{"line":58,"column":9}},"type":"if","locations":[{"start":{"line":56,"column":8},"end":{"line":58,"column":9}},{"start":{},"end":{}}],"line":56}},"s":{"0":1,"1":1,"2":1,"3":1,"4":1,"5":1,"6":0,"7":0,"8":0,"9":0,"10":0,"11":0,"12":0,"13":0,"14":0,"15":0,"16":0,"17":0,"18":0,"19":0,"20":0,"21":0,"22":0,"23":0,"24":0,"25":0,"26":0,"27":0,"28":0,"29":0,"30":0,"31":0,"32":0,"33":0,"34":0,"35":0,"36":0,"37":0,"38":0,"39":0,"40":0,"41":0,"42":0,"43":0,"44":0,"45":0,"46":0,"47":0,"48":0,"49":0,"50":0,"51":0,"52":0,"53":0,"54":0,"55":0,"56":0,"57":0,"58":0,"59":0,"60":0,"61":0,"62":0,"63":0,"64":1},"f":{"0":1,"1":0,"2":0,"3":0,"4":0,"5":0,"6":0,"7":0,"8":0,"9":0},"b":{"0":[0,0]},"_coverageSchema":"1a1c01bbd47fc00a2c39e90264f33305004495a9","hash":"1d130bf516fa1f91f3cd72a17665c98f902b959e"}
,"C:\\Users\\Genui\\Documents\\lap3\\CramWrite-back-end\\api\\controllers\\flashcard.js": {"path":"C:\\Users\\Genui\\Documents\\lap3\\CramWrite-back-end\\api\\controllers\\flashcard.js","statementMap":{"0":{"start":{"line":1,"column":18},"end":{"line":1,"column":51}},"1":{"start":{"line":4,"column":4},"end":{"line":9,"column":5}},"2":{"start":{"line":5,"column":27},"end":{"line":5,"column":51}},"3":{"start":{"line":6,"column":8},"end":{"line":6,"column":41}},"4":{"start":{"line":8,"column":8},"end":{"line":8,"column":52}},"5":{"start":{"line":13,"column":4},"end":{"line":19,"column":5}},"6":{"start":{"line":14,"column":19},"end":{"line":14,"column":42}},"7":{"start":{"line":15,"column":26},"end":{"line":15,"column":56}},"8":{"start":{"line":16,"column":8},"end":{"line":16,"column":40}},"9":{"start":{"line":18,"column":8},"end":{"line":18,"column":52}},"10":{"start":{"line":23,"column":4},"end":{"line":29,"column":5}},"11":{"start":{"line":24,"column":19},"end":{"line":24,"column":42}},"12":{"start":{"line":25,"column":27},"end":{"line":25,"column":57}},"13":{"start":{"line":26,"column":8},"end":{"line":26,"column":41}},"14":{"start":{"line":28,"column":8},"end":{"line":28,"column":52}},"15":{"start":{"line":33,"column":4},"end":{"line":38,"column":5}},"16":{"start":{"line":34,"column":26},"end":{"line":34,"column":58}},"17":{"start":{"line":35,"column":8},"end":{"line":35,"column":40}},"18":{"start":{"line":37,"column":8},"end":{"line":37,"column":52}},"19":{"start":{"line":42,"column":4},"end":{"line":49,"column":5}},"20":{"start":{"line":43,"column":19},"end":{"line":43,"column":42}},"21":{"start":{"line":44,"column":26},"end":{"line":44,"column":56}},"22":{"start":{"line":45,"column":33},"end":{"line":45,"column":65}},"23":{"start":{"line":46,"column":8},"end":{"line":46,"column":47}},"24":{"start":{"line":48,"column":8},"end":{"line":48,"column":53}},"25":{"start":{"line":53,"column":4},"end":{"line":59,"column":5}},"26":{"start":{"line":54,"column":19},"end":{"line":54,"column":42}},"27":{"start":{"line":55,"column":26},"end":{"line":55,"column":59}},"28":{"start":{"line":56,"column":8},"end":{"line":56,"column":39}},"29":{"start":{"line":58,"column":8},"end":{"line":58,"column":53}},"30":{"start":{"line":63,"column":4},"end":{"line":69,"column":5}},"31":{"start":{"line":64,"column":19},"end":{"line":64,"column":42}},"32":{"start":{"line":65,"column":26},"end":{"line":65,"column":60}},"33":{"start":{"line":66,"column":8},"end":{"line":66,"column":39}},"34":{"start":{"line":68,"column":8},"end":{"line":68,"column":53}},"35":{"start":{"line":73,"column":4},"end":{"line":80,"column":5}},"36":{"start":{"line":74,"column":19},"end":{"line":74,"column":42}},"37":{"start":{"line":75,"column":26},"end":{"line":75,"column":56}},"38":{"start":{"line":76,"column":8},"end":{"line":76,"column":33}},"39":{"start":{"line":77,"column":8},"end":{"line":77,"column":53}},"40":{"start":{"line":79,"column":8},"end":{"line":79,"column":53}},"41":{"start":{"line":83,"column":0},"end":{"line":85,"column":1}}},"fnMap":{"0":{"name":"index","decl":{"start":{"line":3,"column":15},"end":{"line":3,"column":20}},"loc":{"start":{"line":3,"column":31},"end":{"line":10,"column":1}},"line":3},"1":{"name":"show","decl":{"start":{"line":12,"column":15},"end":{"line":12,"column":19}},"loc":{"start":{"line":12,"column":31},"end":{"line":20,"column":1}},"line":12},"2":{"name":"showSet","decl":{"start":{"line":22,"column":15},"end":{"line":22,"column":22}},"loc":{"start":{"line":22,"column":34},"end":{"line":30,"column":1}},"line":22},"3":{"name":"create","decl":{"start":{"line":32,"column":15},"end":{"line":32,"column":21}},"loc":{"start":{"line":32,"column":33},"end":{"line":39,"column":1}},"line":32},"4":{"name":"update","decl":{"start":{"line":41,"column":15},"end":{"line":41,"column":21}},"loc":{"start":{"line":41,"column":33},"end":{"line":50,"column":1}},"line":41},"5":{"name":"showClient","decl":{"start":{"line":52,"column":15},"end":{"line":52,"column":25}},"loc":{"start":{"line":52,"column":37},"end":{"line":60,"column":1}},"line":52},"6":{"name":"showSubject","decl":{"start":{"line":62,"column":15},"end":{"line":62,"column":26}},"loc":{"start":{"line":62,"column":38},"end":{"line":70,"column":1}},"line":62},"7":{"name":"destroy","decl":{"start":{"line":72,"column":15},"end":{"line":72,"column":22}},"loc":{"start":{"line":72,"column":34},"end":{"line":81,"column":1}},"line":72}},"branchMap":{},"s":{"0":1,"1":0,"2":0,"3":0,"4":0,"5":0,"6":0,"7":0,"8":0,"9":0,"10":0,"11":0,"12":0,"13":0,"14":0,"15":0,"16":0,"17":0,"18":0,"19":0,"20":0,"21":0,"22":0,"23":0,"24":0,"25":0,"26":0,"27":0,"28":0,"29":0,"30":0,"31":0,"32":0,"33":0,"34":0,"35":0,"36":0,"37":0,"38":0,"39":0,"40":0,"41":1},"f":{"0":0,"1":0,"2":0,"3":0,"4":0,"5":0,"6":0,"7":0},"b":{},"_coverageSchema":"1a1c01bbd47fc00a2c39e90264f33305004495a9","hash":"bdc8b341412bf1997c50bfacfbff7bf1d37cd25c"}
,"C:\\Users\\Genui\\Documents\\lap3\\CramWrite-back-end\\api\\controllers\\folder.js": {"path":"C:\\Users\\Genui\\Documents\\lap3\\CramWrite-back-end\\api\\controllers\\folder.js","statementMap":{"0":{"start":{"line":1,"column":15},"end":{"line":1,"column":45}},"1":{"start":{"line":4,"column":4},"end":{"line":9,"column":5}},"2":{"start":{"line":5,"column":24},"end":{"line":5,"column":45}},"3":{"start":{"line":6,"column":8},"end":{"line":6,"column":38}},"4":{"start":{"line":8,"column":8},"end":{"line":8,"column":52}},"5":{"start":{"line":13,"column":4},"end":{"line":19,"column":5}},"6":{"start":{"line":14,"column":19},"end":{"line":14,"column":42}},"7":{"start":{"line":15,"column":23},"end":{"line":15,"column":50}},"8":{"start":{"line":16,"column":8},"end":{"line":16,"column":37}},"9":{"start":{"line":18,"column":8},"end":{"line":18,"column":52}},"10":{"start":{"line":24,"column":4},"end":{"line":29,"column":5}},"11":{"start":{"line":25,"column":23},"end":{"line":25,"column":52}},"12":{"start":{"line":26,"column":8},"end":{"line":26,"column":37}},"13":{"start":{"line":28,"column":8},"end":{"line":28,"column":52}},"14":{"start":{"line":34,"column":4},"end":{"line":41,"column":5}},"15":{"start":{"line":35,"column":19},"end":{"line":35,"column":42}},"16":{"start":{"line":36,"column":23},"end":{"line":36,"column":50}},"17":{"start":{"line":37,"column":30},"end":{"line":37,"column":59}},"18":{"start":{"line":38,"column":8},"end":{"line":38,"column":44}},"19":{"start":{"line":40,"column":8},"end":{"line":40,"column":53}},"20":{"start":{"line":46,"column":4},"end":{"line":53,"column":5}},"21":{"start":{"line":47,"column":19},"end":{"line":47,"column":42}},"22":{"start":{"line":48,"column":23},"end":{"line":48,"column":50}},"23":{"start":{"line":49,"column":8},"end":{"line":49,"column":30}},"24":{"start":{"line":50,"column":8},"end":{"line":50,"column":53}},"25":{"start":{"line":52,"column":8},"end":{"line":52,"column":53}},"26":{"start":{"line":57,"column":4},"end":{"line":64,"column":5}},"27":{"start":{"line":58,"column":19},"end":{"line":58,"column":42}},"28":{"start":{"line":59,"column":23},"end":{"line":59,"column":50}},"29":{"start":{"line":60,"column":21},"end":{"line":60,"column":43}},"30":{"start":{"line":61,"column":8},"end":{"line":61,"column":34}},"31":{"start":{"line":63,"column":8},"end":{"line":63,"column":53}},"32":{"start":{"line":67,"column":0},"end":{"line":69,"column":1}}},"fnMap":{"0":{"name":"index","decl":{"start":{"line":3,"column":15},"end":{"line":3,"column":20}},"loc":{"start":{"line":3,"column":31},"end":{"line":10,"column":1}},"line":3},"1":{"name":"show","decl":{"start":{"line":12,"column":15},"end":{"line":12,"column":19}},"loc":{"start":{"line":12,"column":31},"end":{"line":20,"column":1}},"line":12},"2":{"name":"create","decl":{"start":{"line":23,"column":15},"end":{"line":23,"column":21}},"loc":{"start":{"line":23,"column":33},"end":{"line":30,"column":1}},"line":23},"3":{"name":"update","decl":{"start":{"line":33,"column":15},"end":{"line":33,"column":21}},"loc":{"start":{"line":33,"column":33},"end":{"line":42,"column":1}},"line":33},"4":{"name":"destroy","decl":{"start":{"line":45,"column":15},"end":{"line":45,"column":22}},"loc":{"start":{"line":45,"column":34},"end":{"line":54,"column":1}},"line":45},"5":{"name":"showAllSets","decl":{"start":{"line":56,"column":15},"end":{"line":56,"column":26}},"loc":{"start":{"line":56,"column":38},"end":{"line":65,"column":1}},"line":56}},"branchMap":{},"s":{"0":1,"1":0,"2":0,"3":0,"4":0,"5":0,"6":0,"7":0,"8":0,"9":0,"10":0,"11":0,"12":0,"13":0,"14":0,"15":0,"16":0,"17":0,"18":0,"19":0,"20":0,"21":0,"22":0,"23":0,"24":0,"25":0,"26":0,"27":0,"28":0,"29":0,"30":0,"31":0,"32":1},"f":{"0":0,"1":0,"2":0,"3":0,"4":0,"5":0},"b":{},"_coverageSchema":"1a1c01bbd47fc00a2c39e90264f33305004495a9","hash":"4e7c1d6a7942d6018361ca49618739316ebd830c"}
,"C:\\Users\\Genui\\Documents\\lap3\\CramWrite-back-end\\api\\controllers\\question.js": {"path":"C:\\Users\\Genui\\Documents\\lap3\\CramWrite-back-end\\api\\controllers\\question.js","statementMap":{"0":{"start":{"line":1,"column":17},"end":{"line":1,"column":49}},"1":{"start":{"line":4,"column":4},"end":{"line":9,"column":5}},"2":{"start":{"line":5,"column":26},"end":{"line":5,"column":49}},"3":{"start":{"line":6,"column":8},"end":{"line":6,"column":40}},"4":{"start":{"line":8,"column":8},"end":{"line":8,"column":52}},"5":{"start":{"line":13,"column":4},"end":{"line":19,"column":5}},"6":{"start":{"line":14,"column":19},"end":{"line":14,"column":42}},"7":{"start":{"line":15,"column":25},"end":{"line":15,"column":54}},"8":{"start":{"line":16,"column":8},"end":{"line":16,"column":39}},"9":{"start":{"line":18,"column":8},"end":{"line":18,"column":52}},"10":{"start":{"line":23,"column":4},"end":{"line":29,"column":5}},"11":{"start":{"line":24,"column":19},"end":{"line":24,"column":42}},"12":{"start":{"line":25,"column":26},"end":{"line":25,"column":56}},"13":{"start":{"line":26,"column":8},"end":{"line":26,"column":40}},"14":{"start":{"line":28,"column":8},"end":{"line":28,"column":52}},"15":{"start":{"line":33,"column":4},"end":{"line":38,"column":5}},"16":{"start":{"line":34,"column":25},"end":{"line":34,"column":56}},"17":{"start":{"line":35,"column":8},"end":{"line":35,"column":39}},"18":{"start":{"line":37,"column":8},"end":{"line":37,"column":52}},"19":{"start":{"line":42,"column":4},"end":{"line":49,"column":5}},"20":{"start":{"line":43,"column":19},"end":{"line":43,"column":42}},"21":{"start":{"line":44,"column":25},"end":{"line":44,"column":54}},"22":{"start":{"line":45,"column":32},"end":{"line":45,"column":63}},"23":{"start":{"line":46,"column":8},"end":{"line":46,"column":46}},"24":{"start":{"line":48,"column":8},"end":{"line":48,"column":53}},"25":{"start":{"line":53,"column":4},"end":{"line":60,"column":5}},"26":{"start":{"line":54,"column":19},"end":{"line":54,"column":42}},"27":{"start":{"line":55,"column":25},"end":{"line":55,"column":54}},"28":{"start":{"line":56,"column":8},"end":{"line":56,"column":32}},"29":{"start":{"line":57,"column":8},"end":{"line":57,"column":53}},"30":{"start":{"line":59,"column":8},"end":{"line":59,"column":53}},"31":{"start":{"line":63,"column":0},"end":{"line":65,"column":1}}},"fnMap":{"0":{"name":"index","decl":{"start":{"line":3,"column":15},"end":{"line":3,"column":20}},"loc":{"start":{"line":3,"column":31},"end":{"line":10,"column":1}},"line":3},"1":{"name":"show","decl":{"start":{"line":12,"column":15},"end":{"line":12,"column":19}},"loc":{"start":{"line":12,"column":31},"end":{"line":20,"column":1}},"line":12},"2":{"name":"showQuiz","decl":{"start":{"line":22,"column":15},"end":{"line":22,"column":23}},"loc":{"start":{"line":22,"column":35},"end":{"line":30,"column":1}},"line":22},"3":{"name":"create","decl":{"start":{"line":32,"column":15},"end":{"line":32,"column":21}},"loc":{"start":{"line":32,"column":33},"end":{"line":39,"column":1}},"line":32},"4":{"name":"update","decl":{"start":{"line":41,"column":15},"end":{"line":41,"column":21}},"loc":{"start":{"line":41,"column":33},"end":{"line":50,"column":1}},"line":41},"5":{"name":"destroy","decl":{"start":{"line":52,"column":15},"end":{"line":52,"column":22}},"loc":{"start":{"line":52,"column":34},"end":{"line":61,"column":1}},"line":52}},"branchMap":{},"s":{"0":1,"1":0,"2":0,"3":0,"4":0,"5":0,"6":0,"7":0,"8":0,"9":0,"10":0,"11":0,"12":0,"13":0,"14":0,"15":0,"16":0,"17":0,"18":0,"19":0,"20":0,"21":0,"22":0,"23":0,"24":0,"25":0,"26":0,"27":0,"28":0,"29":0,"30":0,"31":1},"f":{"0":0,"1":0,"2":0,"3":0,"4":0,"5":0},"b":{},"_coverageSchema":"1a1c01bbd47fc00a2c39e90264f33305004495a9","hash":"43c376b6ffe5e4e99abd397de70053e7cfed224a"}
,"C:\\Users\\Genui\\Documents\\lap3\\CramWrite-back-end\\api\\controllers\\quiz.js": {"path":"C:\\Users\\Genui\\Documents\\lap3\\CramWrite-back-end\\api\\controllers\\quiz.js","statementMap":{"0":{"start":{"line":1,"column":13},"end":{"line":1,"column":41}},"1":{"start":{"line":4,"column":4},"end":{"line":9,"column":5}},"2":{"start":{"line":5,"column":21},"end":{"line":5,"column":40}},"3":{"start":{"line":6,"column":8},"end":{"line":6,"column":35}},"4":{"start":{"line":8,"column":8},"end":{"line":8,"column":52}},"5":{"start":{"line":13,"column":4},"end":{"line":19,"column":5}},"6":{"start":{"line":14,"column":19},"end":{"line":14,"column":42}},"7":{"start":{"line":15,"column":21},"end":{"line":15,"column":46}},"8":{"start":{"line":16,"column":8},"end":{"line":16,"column":35}},"9":{"start":{"line":18,"column":8},"end":{"line":18,"column":52}},"10":{"start":{"line":24,"column":4},"end":{"line":29,"column":5}},"11":{"start":{"line":25,"column":21},"end":{"line":25,"column":48}},"12":{"start":{"line":26,"column":8},"end":{"line":26,"column":35}},"13":{"start":{"line":28,"column":8},"end":{"line":28,"column":52}},"14":{"start":{"line":33,"column":4},"end":{"line":40,"column":5}},"15":{"start":{"line":34,"column":19},"end":{"line":34,"column":42}},"16":{"start":{"line":35,"column":21},"end":{"line":35,"column":46}},"17":{"start":{"line":36,"column":28},"end":{"line":36,"column":55}},"18":{"start":{"line":37,"column":8},"end":{"line":37,"column":42}},"19":{"start":{"line":39,"column":8},"end":{"line":39,"column":53}},"20":{"start":{"line":44,"column":4},"end":{"line":50,"column":5}},"21":{"start":{"line":45,"column":19},"end":{"line":45,"column":42}},"22":{"start":{"line":46,"column":21},"end":{"line":46,"column":50}},"23":{"start":{"line":47,"column":8},"end":{"line":47,"column":37}},"24":{"start":{"line":49,"column":8},"end":{"line":49,"column":53}},"25":{"start":{"line":55,"column":4},"end":{"line":62,"column":5}},"26":{"start":{"line":56,"column":19},"end":{"line":56,"column":42}},"27":{"start":{"line":57,"column":21},"end":{"line":57,"column":46}},"28":{"start":{"line":58,"column":8},"end":{"line":58,"column":28}},"29":{"start":{"line":59,"column":8},"end":{"line":59,"column":53}},"30":{"start":{"line":61,"column":8},"end":{"line":61,"column":53}},"31":{"start":{"line":66,"column":4},"end":{"line":73,"column":5}},"32":{"start":{"line":67,"column":19},"end":{"line":67,"column":42}},"33":{"start":{"line":68,"column":21},"end":{"line":68,"column":46}},"34":{"start":{"line":69,"column":26},"end":{"line":69,"column":51}},"35":{"start":{"line":70,"column":8},"end":{"line":70,"column":39}},"36":{"start":{"line":72,"column":8},"end":{"line":72,"column":53}},"37":{"start":{"line":78,"column":0},"end":{"line":80,"column":1}}},"fnMap":{"0":{"name":"index","decl":{"start":{"line":3,"column":15},"end":{"line":3,"column":20}},"loc":{"start":{"line":3,"column":31},"end":{"line":10,"column":1}},"line":3},"1":{"name":"show","decl":{"start":{"line":12,"column":15},"end":{"line":12,"column":19}},"loc":{"start":{"line":12,"column":31},"end":{"line":20,"column":1}},"line":12},"2":{"name":"create","decl":{"start":{"line":23,"column":15},"end":{"line":23,"column":21}},"loc":{"start":{"line":23,"column":33},"end":{"line":30,"column":1}},"line":23},"3":{"name":"update","decl":{"start":{"line":32,"column":15},"end":{"line":32,"column":21}},"loc":{"start":{"line":32,"column":33},"end":{"line":41,"column":1}},"line":32},"4":{"name":"showSubject","decl":{"start":{"line":43,"column":15},"end":{"line":43,"column":26}},"loc":{"start":{"line":43,"column":38},"end":{"line":51,"column":1}},"line":43},"5":{"name":"destroy","decl":{"start":{"line":54,"column":15},"end":{"line":54,"column":22}},"loc":{"start":{"line":54,"column":34},"end":{"line":63,"column":1}},"line":54},"6":{"name":"showAllQuestions","decl":{"start":{"line":65,"column":15},"end":{"line":65,"column":31}},"loc":{"start":{"line":65,"column":43},"end":{"line":74,"column":1}},"line":65}},"branchMap":{},"s":{"0":1,"1":0,"2":0,"3":0,"4":0,"5":0,"6":0,"7":0,"8":0,"9":0,"10":0,"11":0,"12":0,"13":0,"14":0,"15":0,"16":0,"17":0,"18":0,"19":0,"20":0,"21":0,"22":0,"23":0,"24":0,"25":0,"26":0,"27":0,"28":0,"29":0,"30":0,"31":0,"32":0,"33":0,"34":0,"35":0,"36":0,"37":1},"f":{"0":0,"1":0,"2":0,"3":0,"4":0,"5":0,"6":0},"b":{},"_coverageSchema":"1a1c01bbd47fc00a2c39e90264f33305004495a9","hash":"ca237095641deae2efd343f6957b148fd4c1b835"}
,"C:\\Users\\Genui\\Documents\\lap3\\CramWrite-back-end\\api\\controllers\\set.js": {"path":"C:\\Users\\Genui\\Documents\\lap3\\CramWrite-back-end\\api\\controllers\\set.js","statementMap":{"0":{"start":{"line":1,"column":12},"end":{"line":1,"column":39}},"1":{"start":{"line":4,"column":4},"end":{"line":9,"column":5}},"2":{"start":{"line":5,"column":21},"end":{"line":5,"column":39}},"3":{"start":{"line":6,"column":8},"end":{"line":6,"column":35}},"4":{"start":{"line":8,"column":8},"end":{"line":8,"column":52}},"5":{"start":{"line":13,"column":4},"end":{"line":19,"column":5}},"6":{"start":{"line":14,"column":19},"end":{"line":14,"column":42}},"7":{"start":{"line":15,"column":20},"end":{"line":15,"column":44}},"8":{"start":{"line":16,"column":8},"end":{"line":16,"column":34}},"9":{"start":{"line":18,"column":8},"end":{"line":18,"column":52}},"10":{"start":{"line":23,"column":4},"end":{"line":29,"column":5}},"11":{"start":{"line":24,"column":19},"end":{"line":24,"column":42}},"12":{"start":{"line":25,"column":21},"end":{"line":25,"column":48}},"13":{"start":{"line":26,"column":8},"end":{"line":26,"column":35}},"14":{"start":{"line":28,"column":8},"end":{"line":28,"column":52}},"15":{"start":{"line":33,"column":4},"end":{"line":39,"column":5}},"16":{"start":{"line":34,"column":19},"end":{"line":34,"column":42}},"17":{"start":{"line":35,"column":21},"end":{"line":35,"column":49}},"18":{"start":{"line":36,"column":8},"end":{"line":36,"column":35}},"19":{"start":{"line":38,"column":8},"end":{"line":38,"column":52}},"20":{"start":{"line":43,"column":4},"end":{"line":50,"column":5}},"21":{"start":{"line":44,"column":19},"end":{"line":44,"column":42}},"22":{"start":{"line":45,"column":20},"end":{"line":45,"column":44}},"23":{"start":{"line":46,"column":27},"end":{"line":46,"column":52}},"24":{"start":{"line":47,"column":8},"end":{"line":47,"column":41}},"25":{"start":{"line":49,"column":8},"end":{"line":49,"column":52}},"26":{"start":{"line":54,"column":4},"end":{"line":59,"column":5}},"27":{"start":{"line":55,"column":20},"end":{"line":55,"column":46}},"28":{"start":{"line":56,"column":8},"end":{"line":56,"column":34}},"29":{"start":{"line":58,"column":8},"end":{"line":58,"column":52}},"30":{"start":{"line":63,"column":4},"end":{"line":70,"column":5}},"31":{"start":{"line":64,"column":19},"end":{"line":64,"column":42}},"32":{"start":{"line":65,"column":20},"end":{"line":65,"column":44}},"33":{"start":{"line":66,"column":27},"end":{"line":66,"column":53}},"34":{"start":{"line":67,"column":8},"end":{"line":67,"column":41}},"35":{"start":{"line":69,"column":8},"end":{"line":69,"column":53}},"36":{"start":{"line":74,"column":4},"end":{"line":81,"column":5}},"37":{"start":{"line":75,"column":19},"end":{"line":75,"column":42}},"38":{"start":{"line":76,"column":20},"end":{"line":76,"column":44}},"39":{"start":{"line":77,"column":8},"end":{"line":77,"column":27}},"40":{"start":{"line":78,"column":8},"end":{"line":78,"column":53}},"41":{"start":{"line":80,"column":8},"end":{"line":80,"column":53}},"42":{"start":{"line":84,"column":0},"end":{"line":86,"column":1}}},"fnMap":{"0":{"name":"index","decl":{"start":{"line":3,"column":15},"end":{"line":3,"column":20}},"loc":{"start":{"line":3,"column":31},"end":{"line":10,"column":1}},"line":3},"1":{"name":"show","decl":{"start":{"line":12,"column":15},"end":{"line":12,"column":19}},"loc":{"start":{"line":12,"column":31},"end":{"line":20,"column":1}},"line":12},"2":{"name":"showFolder","decl":{"start":{"line":22,"column":15},"end":{"line":22,"column":25}},"loc":{"start":{"line":22,"column":37},"end":{"line":30,"column":1}},"line":22},"3":{"name":"showSubject","decl":{"start":{"line":32,"column":15},"end":{"line":32,"column":26}},"loc":{"start":{"line":32,"column":38},"end":{"line":40,"column":1}},"line":32},"4":{"name":"showAllFlashcards","decl":{"start":{"line":42,"column":15},"end":{"line":42,"column":32}},"loc":{"start":{"line":42,"column":43},"end":{"line":51,"column":1}},"line":42},"5":{"name":"create","decl":{"start":{"line":53,"column":15},"end":{"line":53,"column":21}},"loc":{"start":{"line":53,"column":33},"end":{"line":60,"column":1}},"line":53},"6":{"name":"update","decl":{"start":{"line":62,"column":15},"end":{"line":62,"column":21}},"loc":{"start":{"line":62,"column":33},"end":{"line":71,"column":1}},"line":62},"7":{"name":"destroy","decl":{"start":{"line":73,"column":15},"end":{"line":73,"column":22}},"loc":{"start":{"line":73,"column":34},"end":{"line":82,"column":1}},"line":73}},"branchMap":{},"s":{"0":1,"1":0,"2":0,"3":0,"4":0,"5":0,"6":0,"7":0,"8":0,"9":0,"10":0,"11":0,"12":0,"13":0,"14":0,"15":0,"16":0,"17":0,"18":0,"19":0,"20":0,"21":0,"22":0,"23":0,"24":0,"25":0,"26":0,"27":0,"28":0,"29":0,"30":0,"31":0,"32":0,"33":0,"34":0,"35":0,"36":0,"37":0,"38":0,"39":0,"40":0,"41":0,"42":1},"f":{"0":0,"1":0,"2":0,"3":0,"4":0,"5":0,"6":0,"7":0},"b":{},"_coverageSchema":"1a1c01bbd47fc00a2c39e90264f33305004495a9","hash":"fa4c4c246431ef44860f768fff6253ad1cf4d090"}
,"C:\\Users\\Genui\\Documents\\lap3\\CramWrite-back-end\\api\\controllers\\subject.js": {"path":"C:\\Users\\Genui\\Documents\\lap3\\CramWrite-back-end\\api\\controllers\\subject.js","statementMap":{"0":{"start":{"line":1,"column":16},"end":{"line":1,"column":47}},"1":{"start":{"line":4,"column":4},"end":{"line":9,"column":5}},"2":{"start":{"line":5,"column":25},"end":{"line":5,"column":47}},"3":{"start":{"line":6,"column":8},"end":{"line":6,"column":39}},"4":{"start":{"line":8,"column":8},"end":{"line":8,"column":52}},"5":{"start":{"line":13,"column":4},"end":{"line":19,"column":5}},"6":{"start":{"line":14,"column":19},"end":{"line":14,"column":42}},"7":{"start":{"line":15,"column":24},"end":{"line":15,"column":52}},"8":{"start":{"line":16,"column":8},"end":{"line":16,"column":38}},"9":{"start":{"line":18,"column":8},"end":{"line":18,"column":52}},"10":{"start":{"line":24,"column":4},"end":{"line":29,"column":5}},"11":{"start":{"line":25,"column":24},"end":{"line":25,"column":54}},"12":{"start":{"line":26,"column":8},"end":{"line":26,"column":38}},"13":{"start":{"line":28,"column":8},"end":{"line":28,"column":52}},"14":{"start":{"line":33,"column":4},"end":{"line":40,"column":5}},"15":{"start":{"line":34,"column":19},"end":{"line":34,"column":42}},"16":{"start":{"line":35,"column":24},"end":{"line":35,"column":52}},"17":{"start":{"line":36,"column":31},"end":{"line":36,"column":61}},"18":{"start":{"line":37,"column":8},"end":{"line":37,"column":45}},"19":{"start":{"line":39,"column":8},"end":{"line":39,"column":53}},"20":{"start":{"line":44,"column":4},"end":{"line":50,"column":5}},"21":{"start":{"line":45,"column":19},"end":{"line":45,"column":42}},"22":{"start":{"line":46,"column":24},"end":{"line":46,"column":55}},"23":{"start":{"line":47,"column":8},"end":{"line":47,"column":37}},"24":{"start":{"line":49,"column":8},"end":{"line":49,"column":53}},"25":{"start":{"line":55,"column":4},"end":{"line":62,"column":5}},"26":{"start":{"line":56,"column":19},"end":{"line":56,"column":42}},"27":{"start":{"line":57,"column":24},"end":{"line":57,"column":52}},"28":{"start":{"line":58,"column":8},"end":{"line":58,"column":31}},"29":{"start":{"line":59,"column":8},"end":{"line":59,"column":53}},"30":{"start":{"line":61,"column":8},"end":{"line":61,"column":53}},"31":{"start":{"line":66,"column":4},"end":{"line":73,"column":5}},"32":{"start":{"line":67,"column":19},"end":{"line":67,"column":42}},"33":{"start":{"line":68,"column":24},"end":{"line":68,"column":52}},"34":{"start":{"line":69,"column":21},"end":{"line":69,"column":44}},"35":{"start":{"line":70,"column":8},"end":{"line":70,"column":35}},"36":{"start":{"line":72,"column":8},"end":{"line":72,"column":52}},"37":{"start":{"line":77,"column":4},"end":{"line":84,"column":5}},"38":{"start":{"line":78,"column":19},"end":{"line":78,"column":42}},"39":{"start":{"line":79,"column":24},"end":{"line":79,"column":52}},"40":{"start":{"line":80,"column":21},"end":{"line":80,"column":44}},"41":{"start":{"line":81,"column":8},"end":{"line":81,"column":35}},"42":{"start":{"line":83,"column":8},"end":{"line":83,"column":52}},"43":{"start":{"line":87,"column":0},"end":{"line":89,"column":1}}},"fnMap":{"0":{"name":"index","decl":{"start":{"line":3,"column":15},"end":{"line":3,"column":20}},"loc":{"start":{"line":3,"column":31},"end":{"line":10,"column":1}},"line":3},"1":{"name":"show","decl":{"start":{"line":12,"column":15},"end":{"line":12,"column":19}},"loc":{"start":{"line":12,"column":31},"end":{"line":20,"column":1}},"line":12},"2":{"name":"create","decl":{"start":{"line":23,"column":15},"end":{"line":23,"column":21}},"loc":{"start":{"line":23,"column":33},"end":{"line":30,"column":1}},"line":23},"3":{"name":"update","decl":{"start":{"line":32,"column":15},"end":{"line":32,"column":21}},"loc":{"start":{"line":32,"column":33},"end":{"line":41,"column":1}},"line":32},"4":{"name":"showClient","decl":{"start":{"line":43,"column":15},"end":{"line":43,"column":25}},"loc":{"start":{"line":43,"column":37},"end":{"line":51,"column":1}},"line":43},"5":{"name":"destroy","decl":{"start":{"line":54,"column":15},"end":{"line":54,"column":22}},"loc":{"start":{"line":54,"column":34},"end":{"line":63,"column":1}},"line":54},"6":{"name":"showAllSets","decl":{"start":{"line":65,"column":15},"end":{"line":65,"column":26}},"loc":{"start":{"line":65,"column":37},"end":{"line":74,"column":1}},"line":65},"7":{"name":"showAllQuiz","decl":{"start":{"line":76,"column":15},"end":{"line":76,"column":26}},"loc":{"start":{"line":76,"column":37},"end":{"line":85,"column":1}},"line":76}},"branchMap":{},"s":{"0":1,"1":0,"2":0,"3":0,"4":0,"5":0,"6":0,"7":0,"8":0,"9":0,"10":0,"11":0,"12":0,"13":0,"14":0,"15":0,"16":0,"17":0,"18":0,"19":0,"20":0,"21":0,"22":0,"23":0,"24":0,"25":0,"26":0,"27":0,"28":0,"29":0,"30":0,"31":0,"32":0,"33":0,"34":0,"35":0,"36":0,"37":0,"38":0,"39":0,"40":0,"41":0,"42":0,"43":1},"f":{"0":0,"1":0,"2":0,"3":0,"4":0,"5":0,"6":0,"7":0},"b":{},"_coverageSchema":"1a1c01bbd47fc00a2c39e90264f33305004495a9","hash":"ea2fd6c8ed65a9eaeb3bdd90f3fadd0bfbd226e9"}
,"C:\\Users\\Genui\\Documents\\lap3\\CramWrite-back-end\\api\\database\\connect.js": {"path":"C:\\Users\\Genui\\Documents\\lap3\\CramWrite-back-end\\api\\database\\connect.js","statementMap":{"0":{"start":{"line":1,"column":17},"end":{"line":1,"column":30}},"1":{"start":{"line":2,"column":0},"end":{"line":2,"column":27}},"2":{"start":{"line":4,"column":0},"end":{"line":16,"column":1}},"3":{"start":{"line":5,"column":15},"end":{"line":7,"column":6}},"4":{"start":{"line":9,"column":4},"end":{"line":9,"column":24}},"5":{"start":{"line":11,"column":15},"end":{"line":13,"column":6}},"6":{"start":{"line":15,"column":4},"end":{"line":15,"column":24}},"7":{"start":{"line":18,"column":0},"end":{"line":18,"column":41}}},"fnMap":{},"branchMap":{"0":{"loc":{"start":{"line":4,"column":0},"end":{"line":16,"column":1}},"type":"if","locations":[{"start":{"line":4,"column":0},"end":{"line":16,"column":1}},{"start":{"line":10,"column":7},"end":{"line":16,"column":1}}],"line":4}},"s":{"0":1,"1":1,"2":1,"3":1,"4":1,"5":0,"6":0,"7":1},"f":{},"b":{"0":[1,0]},"_coverageSchema":"1a1c01bbd47fc00a2c39e90264f33305004495a9","hash":"ef77fdaa072b2070457b61bee53436eaf03ab4b7"}
,"C:\\Users\\Genui\\Documents\\lap3\\CramWrite-back-end\\api\\middleware\\authenticator.js": {"path":"C:\\Users\\Genui\\Documents\\lap3\\CramWrite-back-end\\api\\middleware\\authenticator.js","statementMap":{"0":{"start":{"line":1,"column":14},"end":{"line":1,"column":40}},"1":{"start":{"line":4,"column":4},"end":{"line":16,"column":5}},"2":{"start":{"line":5,"column":26},"end":{"line":5,"column":51}},"3":{"start":{"line":7,"column":8},"end":{"line":13,"column":9}},"4":{"start":{"line":8,"column":12},"end":{"line":8,"column":55}},"5":{"start":{"line":10,"column":31},"end":{"line":10,"column":67}},"6":{"start":{"line":12,"column":12},"end":{"line":12,"column":19}},"7":{"start":{"line":15,"column":8},"end":{"line":15,"column":51}},"8":{"start":{"line":19,"column":0},"end":{"line":19,"column":31}}},"fnMap":{"0":{"name":"authenticator","decl":{"start":{"line":3,"column":15},"end":{"line":3,"column":28}},"loc":{"start":{"line":3,"column":45},"end":{"line":17,"column":1}},"line":3}},"branchMap":{"0":{"loc":{"start":{"line":7,"column":8},"end":{"line":13,"column":9}},"type":"if","locations":[{"start":{"line":7,"column":8},"end":{"line":13,"column":9}},{"start":{"line":9,"column":15},"end":{"line":13,"column":9}}],"line":7}},"s":{"0":1,"1":0,"2":0,"3":0,"4":0,"5":0,"6":0,"7":0,"8":1},"f":{"0":0},"b":{"0":[0,0]},"_coverageSchema":"1a1c01bbd47fc00a2c39e90264f33305004495a9","hash":"b2d3c3bad1ffbe7e1fbb8c7bca9265060586e500"}
,"C:\\Users\\Genui\\Documents\\lap3\\CramWrite-back-end\\api\\middleware\\logger.js": {"path":"C:\\Users\\Genui\\Documents\\lap3\\CramWrite-back-end\\api\\middleware\\logger.js","statementMap":{"0":{"start":{"line":2,"column":4},"end":{"line":2,"column":86}},"1":{"start":{"line":4,"column":4},"end":{"line":4,"column":11}},"2":{"start":{"line":7,"column":0},"end":{"line":7,"column":24}}},"fnMap":{"0":{"name":"logger","decl":{"start":{"line":1,"column":9},"end":{"line":1,"column":15}},"loc":{"start":{"line":1,"column":32},"end":{"line":5,"column":1}},"line":1}},"branchMap":{},"s":{"0":0,"1":0,"2":1},"f":{"0":0},"b":{},"_coverageSchema":"1a1c01bbd47fc00a2c39e90264f33305004495a9","hash":"960f4b5bee67af9ff7d74fe96953674e57d65ae1"}
,"C:\\Users\\Genui\\Documents\\lap3\\CramWrite-back-end\\api\\middleware\\teacherAuthenticator.js": {"path":"C:\\Users\\Genui\\Documents\\lap3\\CramWrite-back-end\\api\\middleware\\teacherAuthenticator.js","statementMap":{"0":{"start":{"line":1,"column":14},"end":{"line":1,"column":40}},"1":{"start":{"line":2,"column":15},"end":{"line":2,"column":42}},"2":{"start":{"line":5,"column":4},"end":{"line":23,"column":5}},"3":{"start":{"line":6,"column":26},"end":{"line":6,"column":51}},"4":{"start":{"line":8,"column":8},"end":{"line":20,"column":9}},"5":{"start":{"line":9,"column":12},"end":{"line":9,"column":55}},"6":{"start":{"line":11,"column":31},"end":{"line":11,"column":67}},"7":{"start":{"line":13,"column":27},"end":{"line":13,"column":69}},"8":{"start":{"line":15,"column":12},"end":{"line":17,"column":13}},"9":{"start":{"line":16,"column":16},"end":{"line":16,"column":55}},"10":{"start":{"line":19,"column":12},"end":{"line":19,"column":19}},"11":{"start":{"line":22,"column":8},"end":{"line":22,"column":51}},"12":{"start":{"line":26,"column":0},"end":{"line":26,"column":38}}},"fnMap":{"0":{"name":"teacherAuthenticator","decl":{"start":{"line":4,"column":15},"end":{"line":4,"column":35}},"loc":{"start":{"line":4,"column":52},"end":{"line":24,"column":1}},"line":4}},"branchMap":{"0":{"loc":{"start":{"line":8,"column":8},"end":{"line":20,"column":9}},"type":"if","locations":[{"start":{"line":8,"column":8},"end":{"line":20,"column":9}},{"start":{"line":10,"column":15},"end":{"line":20,"column":9}}],"line":8},"1":{"loc":{"start":{"line":15,"column":12},"end":{"line":17,"column":13}},"type":"if","locations":[{"start":{"line":15,"column":12},"end":{"line":17,"column":13}},{"start":{},"end":{}}],"line":15}},"s":{"0":1,"1":1,"2":0,"3":0,"4":0,"5":0,"6":0,"7":0,"8":0,"9":0,"10":0,"11":0,"12":1},"f":{"0":0},"b":{"0":[0,0],"1":[0,0]},"_coverageSchema":"1a1c01bbd47fc00a2c39e90264f33305004495a9","hash":"ab4363cdaf239f890b97475651adebf87bf37efd"}
,"C:\\Users\\Genui\\Documents\\lap3\\CramWrite-back-end\\api\\models\\Client.js": {"path":"C:\\Users\\Genui\\Documents\\lap3\\CramWrite-back-end\\api\\models\\Client.js","statementMap":{"0":{"start":{"line":1,"column":11},"end":{"line":1,"column":41}},"1":{"start":{"line":2,"column":18},"end":{"line":2,"column":40}},"2":{"start":{"line":3,"column":16},"end":{"line":3,"column":36}},"3":{"start":{"line":7,"column":8},"end":{"line":7,"column":28}},"4":{"start":{"line":8,"column":8},"end":{"line":8,"column":29}},"5":{"start":{"line":9,"column":8},"end":{"line":9,"column":34}},"6":{"start":{"line":10,"column":8},"end":{"line":10,"column":33}},"7":{"start":{"line":11,"column":8},"end":{"line":11,"column":33}},"8":{"start":{"line":17,"column":21},"end":{"line":17,"column":60}},"9":{"start":{"line":18,"column":4},"end":{"line":18,"column":49}},"10":{"start":{"line":18,"column":34},"end":{"line":18,"column":47}},"11":{"start":{"line":22,"column":21},"end":{"line":22,"column":135}},"12":{"start":{"line":23,"column":4},"end":{"line":25,"column":5}},"13":{"start":{"line":24,"column":8},"end":{"line":24,"column":48}},"14":{"start":{"line":26,"column":4},"end":{"line":26,"column":40}},"15":{"start":{"line":30,"column":21},"end":{"line":30,"column":140}},"16":{"start":{"line":31,"column":4},"end":{"line":33,"column":5}},"17":{"start":{"line":32,"column":8},"end":{"line":32,"column":48}},"18":{"start":{"line":34,"column":4},"end":{"line":34,"column":40}},"19":{"start":{"line":38,"column":50},"end":{"line":38,"column":54}},"20":{"start":{"line":39,"column":21},"end":{"line":39,"column":174}},"21":{"start":{"line":41,"column":4},"end":{"line":41,"column":40}},"22":{"start":{"line":45,"column":50},"end":{"line":45,"column":54}},"23":{"start":{"line":47,"column":4},"end":{"line":49,"column":5}},"24":{"start":{"line":48,"column":8},"end":{"line":48,"column":41}},"25":{"start":{"line":50,"column":21},"end":{"line":50,"column":197}},"26":{"start":{"line":51,"column":4},"end":{"line":51,"column":40}},"27":{"start":{"line":55,"column":21},"end":{"line":55,"column":102}},"28":{"start":{"line":56,"column":4},"end":{"line":56,"column":40}},"29":{"start":{"line":61,"column":4},"end":{"line":61,"column":24}},"30":{"start":{"line":65,"column":21},"end":{"line":65,"column":59}},"31":{"start":{"line":66,"column":4},"end":{"line":66,"column":20}},"32":{"start":{"line":70,"column":21},"end":{"line":70,"column":57}},"33":{"start":{"line":71,"column":4},"end":{"line":71,"column":20}},"34":{"start":{"line":76,"column":0},"end":{"line":76,"column":24}}},"fnMap":{"0":{"name":"(anonymous_0)","decl":{"start":{"line":6,"column":4},"end":{"line":6,"column":5}},"loc":{"start":{"line":6,"column":72},"end":{"line":12,"column":5}},"line":6},"1":{"name":"(anonymous_1)","decl":{"start":{"line":16,"column":0},"end":{"line":16,"column":1}},"loc":{"start":{"line":16,"column":22},"end":{"line":19,"column":1}},"line":16},"2":{"name":"(anonymous_2)","decl":{"start":{"line":18,"column":29},"end":{"line":18,"column":30}},"loc":{"start":{"line":18,"column":34},"end":{"line":18,"column":47}},"line":18},"3":{"name":"(anonymous_3)","decl":{"start":{"line":21,"column":0},"end":{"line":21,"column":1}},"loc":{"start":{"line":21,"column":28},"end":{"line":27,"column":1}},"line":21},"4":{"name":"(anonymous_4)","decl":{"start":{"line":29,"column":0},"end":{"line":29,"column":1}},"loc":{"start":{"line":29,"column":40},"end":{"line":35,"column":1}},"line":29},"5":{"name":"(anonymous_5)","decl":{"start":{"line":37,"column":0},"end":{"line":37,"column":1}},"loc":{"start":{"line":37,"column":26},"end":{"line":42,"column":1}},"line":37},"6":{"name":"(anonymous_6)","decl":{"start":{"line":44,"column":0},"end":{"line":44,"column":1}},"loc":{"start":{"line":44,"column":19},"end":{"line":52,"column":1}},"line":44},"7":{"name":"(anonymous_7)","decl":{"start":{"line":54,"column":0},"end":{"line":54,"column":1}},"loc":{"start":{"line":54,"column":16},"end":{"line":57,"column":1}},"line":54},"8":{"name":"(anonymous_8)","decl":{"start":{"line":60,"column":0},"end":{"line":60,"column":1}},"loc":{"start":{"line":60,"column":21},"end":{"line":62,"column":1}},"line":60},"9":{"name":"(anonymous_9)","decl":{"start":{"line":64,"column":0},"end":{"line":64,"column":1}},"loc":{"start":{"line":64,"column":22},"end":{"line":67,"column":1}},"line":64},"10":{"name":"(anonymous_10)","decl":{"start":{"line":69,"column":0},"end":{"line":69,"column":1}},"loc":{"start":{"line":69,"column":20},"end":{"line":72,"column":1}},"line":69}},"branchMap":{"0":{"loc":{"start":{"line":23,"column":4},"end":{"line":25,"column":5}},"type":"if","locations":[{"start":{"line":23,"column":4},"end":{"line":25,"column":5}},{"start":{},"end":{}}],"line":23},"1":{"loc":{"start":{"line":31,"column":4},"end":{"line":33,"column":5}},"type":"if","locations":[{"start":{"line":31,"column":4},"end":{"line":33,"column":5}},{"start":{},"end":{}}],"line":31},"2":{"loc":{"start":{"line":47,"column":4},"end":{"line":49,"column":5}},"type":"if","locations":[{"start":{"line":47,"column":4},"end":{"line":49,"column":5}},{"start":{},"end":{}}],"line":47},"3":{"loc":{"start":{"line":47,"column":8},"end":{"line":47,"column":76}},"type":"binary-expr","locations":[{"start":{"line":47,"column":8},"end":{"line":47,"column":15}},{"start":{"line":47,"column":20},"end":{"line":47,"column":28}},{"start":{"line":47,"column":32},"end":{"line":47,"column":49}},{"start":{"line":47,"column":54},"end":{"line":47,"column":63}},{"start":{"line":47,"column":67},"end":{"line":47,"column":76}}],"line":47}},"s":{"0":1,"1":1,"2":1,"3":1,"4":1,"5":1,"6":1,"7":1,"8":1,"9":1,"10":1,"11":0,"12":0,"13":0,"14":0,"15":0,"16":0,"17":0,"18":0,"19":0,"20":0,"21":0,"22":0,"23":0,"24":0,"25":0,"26":0,"27":0,"28":0,"29":0,"30":0,"31":0,"32":0,"33":0,"34":1},"f":{"0":1,"1":1,"2":1,"3":0,"4":0,"5":0,"6":0,"7":0,"8":0,"9":0,"10":0},"b":{"0":[0,0],"1":[0,0],"2":[0,0],"3":[0,0,0,0,0]},"_coverageSchema":"1a1c01bbd47fc00a2c39e90264f33305004495a9","hash":"c18fbc8141abd1cc53e2f69e075a31fb190db340"}
,"C:\\Users\\Genui\\Documents\\lap3\\CramWrite-back-end\\api\\models\\flashcard.js": {"path":"C:\\Users\\Genui\\Documents\\lap3\\CramWrite-back-end\\api\\models\\flashcard.js","statementMap":{"0":{"start":{"line":1,"column":11},"end":{"line":1,"column":41}},"1":{"start":{"line":5,"column":8},"end":{"line":5,"column":27}},"2":{"start":{"line":6,"column":8},"end":{"line":6,"column":34}},"3":{"start":{"line":7,"column":8},"end":{"line":7,"column":26}},"4":{"start":{"line":8,"column":8},"end":{"line":8,"column":32}},"5":{"start":{"line":9,"column":8},"end":{"line":9,"column":25}},"6":{"start":{"line":10,"column":8},"end":{"line":10,"column":37}},"7":{"start":{"line":11,"column":8},"end":{"line":11,"column":29}},"8":{"start":{"line":15,"column":25},"end":{"line":15,"column":149}},"9":{"start":{"line":16,"column":8},"end":{"line":16,"column":56}},"10":{"start":{"line":16,"column":38},"end":{"line":16,"column":54}},"11":{"start":{"line":20,"column":25},"end":{"line":20,"column":157}},"12":{"start":{"line":21,"column":8},"end":{"line":23,"column":9}},"13":{"start":{"line":22,"column":12},"end":{"line":22,"column":57}},"14":{"start":{"line":24,"column":8},"end":{"line":24,"column":47}},"15":{"start":{"line":28,"column":25},"end":{"line":28,"column":155}},"16":{"start":{"line":29,"column":8},"end":{"line":31,"column":9}},"17":{"start":{"line":30,"column":12},"end":{"line":30,"column":58}},"18":{"start":{"line":32,"column":8},"end":{"line":32,"column":56}},"19":{"start":{"line":32,"column":38},"end":{"line":32,"column":54}},"20":{"start":{"line":36,"column":79},"end":{"line":36,"column":83}},"21":{"start":{"line":37,"column":25},"end":{"line":37,"column":217}},"22":{"start":{"line":39,"column":8},"end":{"line":39,"column":47}},"23":{"start":{"line":43,"column":57},"end":{"line":43,"column":61}},"24":{"start":{"line":44,"column":8},"end":{"line":46,"column":9}},"25":{"start":{"line":45,"column":12},"end":{"line":45,"column":45}},"26":{"start":{"line":47,"column":25},"end":{"line":47,"column":217}},"27":{"start":{"line":48,"column":8},"end":{"line":48,"column":47}},"28":{"start":{"line":52,"column":25},"end":{"line":52,"column":159}},"29":{"start":{"line":53,"column":8},"end":{"line":55,"column":9}},"30":{"start":{"line":54,"column":12},"end":{"line":54,"column":59}},"31":{"start":{"line":56,"column":8},"end":{"line":56,"column":57}},"32":{"start":{"line":56,"column":39},"end":{"line":56,"column":55}},"33":{"start":{"line":60,"column":25},"end":{"line":60,"column":160}},"34":{"start":{"line":61,"column":8},"end":{"line":63,"column":9}},"35":{"start":{"line":62,"column":12},"end":{"line":62,"column":59}},"36":{"start":{"line":64,"column":8},"end":{"line":64,"column":57}},"37":{"start":{"line":64,"column":39},"end":{"line":64,"column":55}},"38":{"start":{"line":68,"column":25},"end":{"line":68,"column":108}},"39":{"start":{"line":69,"column":8},"end":{"line":69,"column":47}},"40":{"start":{"line":76,"column":0},"end":{"line":76,"column":27}}},"fnMap":{"0":{"name":"(anonymous_0)","decl":{"start":{"line":4,"column":4},"end":{"line":4,"column":5}},"loc":{"start":{"line":4,"column":88},"end":{"line":12,"column":5}},"line":4},"1":{"name":"(anonymous_1)","decl":{"start":{"line":14,"column":4},"end":{"line":14,"column":5}},"loc":{"start":{"line":14,"column":26},"end":{"line":17,"column":5}},"line":14},"2":{"name":"(anonymous_2)","decl":{"start":{"line":16,"column":33},"end":{"line":16,"column":34}},"loc":{"start":{"line":16,"column":38},"end":{"line":16,"column":54}},"line":16},"3":{"name":"(anonymous_3)","decl":{"start":{"line":19,"column":4},"end":{"line":19,"column":5}},"loc":{"start":{"line":19,"column":32},"end":{"line":25,"column":5}},"line":19},"4":{"name":"(anonymous_4)","decl":{"start":{"line":27,"column":4},"end":{"line":27,"column":5}},"loc":{"start":{"line":27,"column":32},"end":{"line":33,"column":5}},"line":27},"5":{"name":"(anonymous_5)","decl":{"start":{"line":32,"column":33},"end":{"line":32,"column":34}},"loc":{"start":{"line":32,"column":38},"end":{"line":32,"column":54}},"line":32},"6":{"name":"(anonymous_6)","decl":{"start":{"line":35,"column":4},"end":{"line":35,"column":5}},"loc":{"start":{"line":35,"column":30},"end":{"line":40,"column":5}},"line":35},"7":{"name":"(anonymous_7)","decl":{"start":{"line":42,"column":4},"end":{"line":42,"column":5}},"loc":{"start":{"line":42,"column":23},"end":{"line":49,"column":5}},"line":42},"8":{"name":"(anonymous_8)","decl":{"start":{"line":51,"column":4},"end":{"line":51,"column":5}},"loc":{"start":{"line":51,"column":35},"end":{"line":57,"column":5}},"line":51},"9":{"name":"(anonymous_9)","decl":{"start":{"line":56,"column":34},"end":{"line":56,"column":35}},"loc":{"start":{"line":56,"column":39},"end":{"line":56,"column":55}},"line":56},"10":{"name":"(anonymous_10)","decl":{"start":{"line":59,"column":4},"end":{"line":59,"column":5}},"loc":{"start":{"line":59,"column":36},"end":{"line":65,"column":5}},"line":59},"11":{"name":"(anonymous_11)","decl":{"start":{"line":64,"column":34},"end":{"line":64,"column":35}},"loc":{"start":{"line":64,"column":39},"end":{"line":64,"column":55}},"line":64},"12":{"name":"(anonymous_12)","decl":{"start":{"line":67,"column":4},"end":{"line":67,"column":5}},"loc":{"start":{"line":67,"column":20},"end":{"line":70,"column":5}},"line":67}},"branchMap":{"0":{"loc":{"start":{"line":21,"column":8},"end":{"line":23,"column":9}},"type":"if","locations":[{"start":{"line":21,"column":8},"end":{"line":23,"column":9}},{"start":{},"end":{}}],"line":21},"1":{"loc":{"start":{"line":29,"column":8},"end":{"line":31,"column":9}},"type":"if","locations":[{"start":{"line":29,"column":8},"end":{"line":31,"column":9}},{"start":{},"end":{}}],"line":29},"2":{"loc":{"start":{"line":36,"column":24},"end":{"line":36,"column":34}},"type":"default-arg","locations":[{"start":{"line":36,"column":30},"end":{"line":36,"column":34}}],"line":36},"3":{"loc":{"start":{"line":36,"column":62},"end":{"line":36,"column":75}},"type":"default-arg","locations":[{"start":{"line":36,"column":71},"end":{"line":36,"column":75}}],"line":36},"4":{"loc":{"start":{"line":44,"column":8},"end":{"line":46,"column":9}},"type":"if","locations":[{"start":{"line":44,"column":8},"end":{"line":46,"column":9}},{"start":{},"end":{}}],"line":44},"5":{"loc":{"start":{"line":44,"column":12},"end":{"line":44,"column":63}},"type":"binary-expr","locations":[{"start":{"line":44,"column":12},"end":{"line":44,"column":20}},{"start":{"line":44,"column":24},"end":{"line":44,"column":28}},{"start":{"line":44,"column":32},"end":{"line":44,"column":37}},{"start":{"line":44,"column":41},"end":{"line":44,"column":52}},{"start":{"line":44,"column":56},"end":{"line":44,"column":63}}],"line":44},"6":{"loc":{"start":{"line":53,"column":8},"end":{"line":55,"column":9}},"type":"if","locations":[{"start":{"line":53,"column":8},"end":{"line":55,"column":9}},{"start":{},"end":{}}],"line":53},"7":{"loc":{"start":{"line":61,"column":8},"end":{"line":63,"column":9}},"type":"if","locations":[{"start":{"line":61,"column":8},"end":{"line":63,"column":9}},{"start":{},"end":{}}],"line":61}},"s":{"0":1,"1":0,"2":0,"3":0,"4":0,"5":0,"6":0,"7":0,"8":0,"9":0,"10":0,"11":0,"12":0,"13":0,"14":0,"15":0,"16":0,"17":0,"18":0,"19":0,"20":0,"21":0,"22":0,"23":0,"24":0,"25":0,"26":0,"27":0,"28":0,"29":0,"30":0,"31":0,"32":0,"33":0,"34":0,"35":0,"36":0,"37":0,"38":0,"39":0,"40":1},"f":{"0":0,"1":0,"2":0,"3":0,"4":0,"5":0,"6":0,"7":0,"8":0,"9":0,"10":0,"11":0,"12":0},"b":{"0":[0,0],"1":[0,0],"2":[0],"3":[0],"4":[0,0],"5":[0,0,0,0,0],"6":[0,0],"7":[0,0]},"_coverageSchema":"1a1c01bbd47fc00a2c39e90264f33305004495a9","hash":"370e1568c5f2f03e97e8b80bd53dbbdc7357babd"}
,"C:\\Users\\Genui\\Documents\\lap3\\CramWrite-back-end\\api\\models\\folder.js": {"path":"C:\\Users\\Genui\\Documents\\lap3\\CramWrite-back-end\\api\\models\\folder.js","statementMap":{"0":{"start":{"line":1,"column":11},"end":{"line":1,"column":41}},"1":{"start":{"line":2,"column":12},"end":{"line":2,"column":28}},"2":{"start":{"line":6,"column":8},"end":{"line":6,"column":28}},"3":{"start":{"line":7,"column":8},"end":{"line":7,"column":29}},"4":{"start":{"line":12,"column":21},"end":{"line":12,"column":95}},"5":{"start":{"line":13,"column":4},"end":{"line":13,"column":49}},"6":{"start":{"line":13,"column":34},"end":{"line":13,"column":47}},"7":{"start":{"line":17,"column":21},"end":{"line":17,"column":103}},"8":{"start":{"line":18,"column":4},"end":{"line":20,"column":5}},"9":{"start":{"line":19,"column":8},"end":{"line":19,"column":50}},"10":{"start":{"line":21,"column":4},"end":{"line":21,"column":40}},"11":{"start":{"line":25,"column":21},"end":{"line":25,"column":25}},"12":{"start":{"line":26,"column":21},"end":{"line":26,"column":101}},"13":{"start":{"line":28,"column":4},"end":{"line":28,"column":40}},"14":{"start":{"line":32,"column":21},"end":{"line":32,"column":25}},"15":{"start":{"line":33,"column":4},"end":{"line":35,"column":5}},"16":{"start":{"line":34,"column":8},"end":{"line":34,"column":41}},"17":{"start":{"line":36,"column":21},"end":{"line":36,"column":100}},"18":{"start":{"line":37,"column":4},"end":{"line":37,"column":40}},"19":{"start":{"line":41,"column":21},"end":{"line":41,"column":102}},"20":{"start":{"line":42,"column":4},"end":{"line":42,"column":40}},"21":{"start":{"line":46,"column":21},"end":{"line":46,"column":53}},"22":{"start":{"line":47,"column":4},"end":{"line":47,"column":19}},"23":{"start":{"line":52,"column":0},"end":{"line":52,"column":24}}},"fnMap":{"0":{"name":"(anonymous_0)","decl":{"start":{"line":5,"column":4},"end":{"line":5,"column":5}},"loc":{"start":{"line":5,"column":40},"end":{"line":9,"column":1}},"line":5},"1":{"name":"(anonymous_1)","decl":{"start":{"line":11,"column":0},"end":{"line":11,"column":1}},"loc":{"start":{"line":11,"column":22},"end":{"line":14,"column":1}},"line":11},"2":{"name":"(anonymous_2)","decl":{"start":{"line":13,"column":29},"end":{"line":13,"column":30}},"loc":{"start":{"line":13,"column":34},"end":{"line":13,"column":47}},"line":13},"3":{"name":"(anonymous_3)","decl":{"start":{"line":16,"column":0},"end":{"line":16,"column":1}},"loc":{"start":{"line":16,"column":28},"end":{"line":22,"column":1}},"line":16},"4":{"name":"(anonymous_4)","decl":{"start":{"line":24,"column":0},"end":{"line":24,"column":1}},"loc":{"start":{"line":24,"column":26},"end":{"line":29,"column":1}},"line":24},"5":{"name":"(anonymous_5)","decl":{"start":{"line":31,"column":0},"end":{"line":31,"column":1}},"loc":{"start":{"line":31,"column":19},"end":{"line":38,"column":1}},"line":31},"6":{"name":"(anonymous_6)","decl":{"start":{"line":40,"column":0},"end":{"line":40,"column":1}},"loc":{"start":{"line":40,"column":16},"end":{"line":43,"column":1}},"line":40},"7":{"name":"(anonymous_7)","decl":{"start":{"line":45,"column":0},"end":{"line":45,"column":1}},"loc":{"start":{"line":45,"column":16},"end":{"line":48,"column":1}},"line":45}},"branchMap":{"0":{"loc":{"start":{"line":18,"column":4},"end":{"line":20,"column":5}},"type":"if","locations":[{"start":{"line":18,"column":4},"end":{"line":20,"column":5}},{"start":{},"end":{}}],"line":18},"1":{"loc":{"start":{"line":33,"column":4},"end":{"line":35,"column":5}},"type":"if","locations":[{"start":{"line":33,"column":4},"end":{"line":35,"column":5}},{"start":{},"end":{}}],"line":33}},"s":{"0":1,"1":1,"2":0,"3":0,"4":0,"5":0,"6":0,"7":0,"8":0,"9":0,"10":0,"11":0,"12":0,"13":0,"14":0,"15":0,"16":0,"17":0,"18":0,"19":0,"20":0,"21":0,"22":0,"23":1},"f":{"0":0,"1":0,"2":0,"3":0,"4":0,"5":0,"6":0,"7":0},"b":{"0":[0,0],"1":[0,0]},"_coverageSchema":"1a1c01bbd47fc00a2c39e90264f33305004495a9","hash":"5027b3a292801a24f0b478e9356ea58c573f1d3e"}
,"C:\\Users\\Genui\\Documents\\lap3\\CramWrite-back-end\\api\\models\\question.js": {"path":"C:\\Users\\Genui\\Documents\\lap3\\CramWrite-back-end\\api\\models\\question.js","statementMap":{"0":{"start":{"line":1,"column":11},"end":{"line":1,"column":41}},"1":{"start":{"line":5,"column":8},"end":{"line":5,"column":30}},"2":{"start":{"line":6,"column":8},"end":{"line":6,"column":28}},"3":{"start":{"line":7,"column":8},"end":{"line":7,"column":33}},"4":{"start":{"line":8,"column":8},"end":{"line":8,"column":39}},"5":{"start":{"line":9,"column":8},"end":{"line":9,"column":39}},"6":{"start":{"line":10,"column":8},"end":{"line":10,"column":39}},"7":{"start":{"line":11,"column":8},"end":{"line":11,"column":39}},"8":{"start":{"line":15,"column":25},"end":{"line":15,"column":168}},"9":{"start":{"line":16,"column":8},"end":{"line":16,"column":55}},"10":{"start":{"line":16,"column":38},"end":{"line":16,"column":53}},"11":{"start":{"line":20,"column":25},"end":{"line":20,"column":176}},"12":{"start":{"line":21,"column":8},"end":{"line":23,"column":9}},"13":{"start":{"line":22,"column":12},"end":{"line":22,"column":56}},"14":{"start":{"line":24,"column":8},"end":{"line":24,"column":46}},"15":{"start":{"line":28,"column":25},"end":{"line":28,"column":172}},"16":{"start":{"line":29,"column":8},"end":{"line":31,"column":9}},"17":{"start":{"line":30,"column":12},"end":{"line":30,"column":57}},"18":{"start":{"line":32,"column":8},"end":{"line":32,"column":55}},"19":{"start":{"line":32,"column":38},"end":{"line":32,"column":53}},"20":{"start":{"line":36,"column":85},"end":{"line":36,"column":89}},"21":{"start":{"line":37,"column":25},"end":{"line":37,"column":250}},"22":{"start":{"line":39,"column":8},"end":{"line":39,"column":46}},"23":{"start":{"line":43,"column":79},"end":{"line":43,"column":83}},"24":{"start":{"line":44,"column":8},"end":{"line":46,"column":9}},"25":{"start":{"line":45,"column":12},"end":{"line":45,"column":45}},"26":{"start":{"line":47,"column":25},"end":{"line":47,"column":257}},"27":{"start":{"line":48,"column":8},"end":{"line":48,"column":46}},"28":{"start":{"line":52,"column":25},"end":{"line":52,"column":110}},"29":{"start":{"line":53,"column":8},"end":{"line":53,"column":46}},"30":{"start":{"line":59,"column":0},"end":{"line":59,"column":26}}},"fnMap":{"0":{"name":"(anonymous_0)","decl":{"start":{"line":4,"column":4},"end":{"line":4,"column":5}},"loc":{"start":{"line":4,"column":105},"end":{"line":12,"column":5}},"line":4},"1":{"name":"(anonymous_1)","decl":{"start":{"line":14,"column":4},"end":{"line":14,"column":5}},"loc":{"start":{"line":14,"column":26},"end":{"line":17,"column":5}},"line":14},"2":{"name":"(anonymous_2)","decl":{"start":{"line":16,"column":33},"end":{"line":16,"column":34}},"loc":{"start":{"line":16,"column":38},"end":{"line":16,"column":53}},"line":16},"3":{"name":"(anonymous_3)","decl":{"start":{"line":19,"column":4},"end":{"line":19,"column":5}},"loc":{"start":{"line":19,"column":32},"end":{"line":25,"column":5}},"line":19},"4":{"name":"(anonymous_4)","decl":{"start":{"line":27,"column":4},"end":{"line":27,"column":5}},"loc":{"start":{"line":27,"column":33},"end":{"line":33,"column":5}},"line":27},"5":{"name":"(anonymous_5)","decl":{"start":{"line":32,"column":33},"end":{"line":32,"column":34}},"loc":{"start":{"line":32,"column":38},"end":{"line":32,"column":53}},"line":32},"6":{"name":"(anonymous_6)","decl":{"start":{"line":35,"column":4},"end":{"line":35,"column":5}},"loc":{"start":{"line":35,"column":30},"end":{"line":40,"column":5}},"line":35},"7":{"name":"(anonymous_7)","decl":{"start":{"line":42,"column":4},"end":{"line":42,"column":5}},"loc":{"start":{"line":42,"column":23},"end":{"line":49,"column":5}},"line":42},"8":{"name":"(anonymous_8)","decl":{"start":{"line":51,"column":4},"end":{"line":51,"column":5}},"loc":{"start":{"line":51,"column":20},"end":{"line":54,"column":5}},"line":51}},"branchMap":{"0":{"loc":{"start":{"line":21,"column":8},"end":{"line":23,"column":9}},"type":"if","locations":[{"start":{"line":21,"column":8},"end":{"line":23,"column":9}},{"start":{},"end":{}}],"line":21},"1":{"loc":{"start":{"line":29,"column":8},"end":{"line":31,"column":9}},"type":"if","locations":[{"start":{"line":29,"column":8},"end":{"line":31,"column":9}},{"start":{},"end":{}}],"line":29},"2":{"loc":{"start":{"line":44,"column":8},"end":{"line":46,"column":9}},"type":"if","locations":[{"start":{"line":44,"column":8},"end":{"line":46,"column":9}},{"start":{},"end":{}}],"line":44},"3":{"loc":{"start":{"line":44,"column":12},"end":{"line":44,"column":85}},"type":"binary-expr","locations":[{"start":{"line":44,"column":12},"end":{"line":44,"column":21}},{"start":{"line":44,"column":25},"end":{"line":44,"column":37}},{"start":{"line":44,"column":41},"end":{"line":44,"column":53}},{"start":{"line":44,"column":57},"end":{"line":44,"column":69}},{"start":{"line":44,"column":73},"end":{"line":44,"column":85}}],"line":44}},"s":{"0":1,"1":0,"2":0,"3":0,"4":0,"5":0,"6":0,"7":0,"8":0,"9":0,"10":0,"11":0,"12":0,"13":0,"14":0,"15":0,"16":0,"17":0,"18":0,"19":0,"20":0,"21":0,"22":0,"23":0,"24":0,"25":0,"26":0,"27":0,"28":0,"29":0,"30":1},"f":{"0":0,"1":0,"2":0,"3":0,"4":0,"5":0,"6":0,"7":0,"8":0},"b":{"0":[0,0],"1":[0,0],"2":[0,0],"3":[0,0,0,0,0]},"_coverageSchema":"1a1c01bbd47fc00a2c39e90264f33305004495a9","hash":"d2ec4e1c5e61d3d1778400294ce853470e11242f"}
,"C:\\Users\\Genui\\Documents\\lap3\\CramWrite-back-end\\api\\models\\quiz.js": {"path":"C:\\Users\\Genui\\Documents\\lap3\\CramWrite-back-end\\api\\models\\quiz.js","statementMap":{"0":{"start":{"line":1,"column":11},"end":{"line":1,"column":41}},"1":{"start":{"line":2,"column":17},"end":{"line":2,"column":38}},"2":{"start":{"line":7,"column":8},"end":{"line":7,"column":26}},"3":{"start":{"line":8,"column":8},"end":{"line":8,"column":34}},"4":{"start":{"line":9,"column":8},"end":{"line":9,"column":30}},"5":{"start":{"line":10,"column":8},"end":{"line":10,"column":43}},"6":{"start":{"line":15,"column":25},"end":{"line":15,"column":126}},"7":{"start":{"line":16,"column":8},"end":{"line":16,"column":51}},"8":{"start":{"line":16,"column":38},"end":{"line":16,"column":49}},"9":{"start":{"line":20,"column":25},"end":{"line":20,"column":134}},"10":{"start":{"line":21,"column":8},"end":{"line":23,"column":9}},"11":{"start":{"line":22,"column":12},"end":{"line":22,"column":52}},"12":{"start":{"line":24,"column":8},"end":{"line":24,"column":42}},"13":{"start":{"line":28,"column":45},"end":{"line":28,"column":49}},"14":{"start":{"line":29,"column":25},"end":{"line":29,"column":164}},"15":{"start":{"line":31,"column":8},"end":{"line":31,"column":42}},"16":{"start":{"line":35,"column":45},"end":{"line":35,"column":49}},"17":{"start":{"line":36,"column":8},"end":{"line":38,"column":9}},"18":{"start":{"line":37,"column":12},"end":{"line":37,"column":45}},"19":{"start":{"line":39,"column":25},"end":{"line":39,"column":184}},"20":{"start":{"line":40,"column":8},"end":{"line":40,"column":42}},"21":{"start":{"line":44,"column":25},"end":{"line":44,"column":138}},"22":{"start":{"line":45,"column":8},"end":{"line":47,"column":9}},"23":{"start":{"line":46,"column":12},"end":{"line":46,"column":53}},"24":{"start":{"line":48,"column":8},"end":{"line":48,"column":52}},"25":{"start":{"line":48,"column":39},"end":{"line":48,"column":50}},"26":{"start":{"line":53,"column":25},"end":{"line":53,"column":102}},"27":{"start":{"line":54,"column":8},"end":{"line":54,"column":42}},"28":{"start":{"line":58,"column":25},"end":{"line":58,"column":60}},"29":{"start":{"line":59,"column":8},"end":{"line":59,"column":23}},"30":{"start":{"line":66,"column":0},"end":{"line":66,"column":22}}},"fnMap":{"0":{"name":"(anonymous_0)","decl":{"start":{"line":6,"column":4},"end":{"line":6,"column":5}},"loc":{"start":{"line":6,"column":71},"end":{"line":12,"column":5}},"line":6},"1":{"name":"(anonymous_1)","decl":{"start":{"line":14,"column":4},"end":{"line":14,"column":5}},"loc":{"start":{"line":14,"column":26},"end":{"line":17,"column":5}},"line":14},"2":{"name":"(anonymous_2)","decl":{"start":{"line":16,"column":33},"end":{"line":16,"column":34}},"loc":{"start":{"line":16,"column":38},"end":{"line":16,"column":49}},"line":16},"3":{"name":"(anonymous_3)","decl":{"start":{"line":19,"column":4},"end":{"line":19,"column":5}},"loc":{"start":{"line":19,"column":32},"end":{"line":25,"column":5}},"line":19},"4":{"name":"(anonymous_4)","decl":{"start":{"line":27,"column":4},"end":{"line":27,"column":5}},"loc":{"start":{"line":27,"column":30},"end":{"line":32,"column":5}},"line":27},"5":{"name":"(anonymous_5)","decl":{"start":{"line":34,"column":4},"end":{"line":34,"column":5}},"loc":{"start":{"line":34,"column":23},"end":{"line":41,"column":5}},"line":34},"6":{"name":"(anonymous_6)","decl":{"start":{"line":43,"column":4},"end":{"line":43,"column":5}},"loc":{"start":{"line":43,"column":36},"end":{"line":49,"column":5}},"line":43},"7":{"name":"(anonymous_7)","decl":{"start":{"line":48,"column":34},"end":{"line":48,"column":35}},"loc":{"start":{"line":48,"column":39},"end":{"line":48,"column":50}},"line":48},"8":{"name":"(anonymous_8)","decl":{"start":{"line":52,"column":4},"end":{"line":52,"column":5}},"loc":{"start":{"line":52,"column":20},"end":{"line":55,"column":5}},"line":52},"9":{"name":"(anonymous_9)","decl":{"start":{"line":57,"column":4},"end":{"line":57,"column":5}},"loc":{"start":{"line":57,"column":25},"end":{"line":60,"column":5}},"line":57}},"branchMap":{"0":{"loc":{"start":{"line":21,"column":8},"end":{"line":23,"column":9}},"type":"if","locations":[{"start":{"line":21,"column":8},"end":{"line":23,"column":9}},{"start":{},"end":{}}],"line":21},"1":{"loc":{"start":{"line":36,"column":8},"end":{"line":38,"column":9}},"type":"if","locations":[{"start":{"line":36,"column":8},"end":{"line":38,"column":9}},{"start":{},"end":{}}],"line":36},"2":{"loc":{"start":{"line":36,"column":12},"end":{"line":36,"column":45}},"type":"binary-expr","locations":[{"start":{"line":36,"column":12},"end":{"line":36,"column":20}},{"start":{"line":36,"column":24},"end":{"line":36,"column":29}},{"start":{"line":36,"column":33},"end":{"line":36,"column":45}}],"line":36},"3":{"loc":{"start":{"line":45,"column":8},"end":{"line":47,"column":9}},"type":"if","locations":[{"start":{"line":45,"column":8},"end":{"line":47,"column":9}},{"start":{},"end":{}}],"line":45}},"s":{"0":1,"1":1,"2":0,"3":0,"4":0,"5":0,"6":0,"7":0,"8":0,"9":0,"10":0,"11":0,"12":0,"13":0,"14":0,"15":0,"16":0,"17":0,"18":0,"19":0,"20":0,"21":0,"22":0,"23":0,"24":0,"25":0,"26":0,"27":0,"28":0,"29":0,"30":1},"f":{"0":0,"1":0,"2":0,"3":0,"4":0,"5":0,"6":0,"7":0,"8":0,"9":0},"b":{"0":[0,0],"1":[0,0],"2":[0,0,0],"3":[0,0]},"_coverageSchema":"1a1c01bbd47fc00a2c39e90264f33305004495a9","hash":"07520e25337b5f33aed746fc8598b32e820898a8"}
,"C:\\Users\\Genui\\Documents\\lap3\\CramWrite-back-end\\api\\models\\set.js": {"path":"C:\\Users\\Genui\\Documents\\lap3\\CramWrite-back-end\\api\\models\\set.js","statementMap":{"0":{"start":{"line":1,"column":11},"end":{"line":1,"column":41}},"1":{"start":{"line":2,"column":18},"end":{"line":2,"column":40}},"2":{"start":{"line":6,"column":8},"end":{"line":6,"column":25}},"3":{"start":{"line":7,"column":8},"end":{"line":7,"column":32}},"4":{"start":{"line":8,"column":8},"end":{"line":8,"column":29}},"5":{"start":{"line":9,"column":8},"end":{"line":9,"column":33}},"6":{"start":{"line":13,"column":25},"end":{"line":13,"column":122}},"7":{"start":{"line":14,"column":8},"end":{"line":14,"column":50}},"8":{"start":{"line":14,"column":38},"end":{"line":14,"column":48}},"9":{"start":{"line":18,"column":25},"end":{"line":18,"column":115}},"10":{"start":{"line":19,"column":8},"end":{"line":21,"column":9}},"11":{"start":{"line":20,"column":12},"end":{"line":20,"column":57}},"12":{"start":{"line":22,"column":8},"end":{"line":22,"column":41}},"13":{"start":{"line":26,"column":25},"end":{"line":26,"column":118}},"14":{"start":{"line":27,"column":8},"end":{"line":29,"column":9}},"15":{"start":{"line":28,"column":12},"end":{"line":28,"column":58}},"16":{"start":{"line":30,"column":8},"end":{"line":30,"column":50}},"17":{"start":{"line":30,"column":38},"end":{"line":30,"column":48}},"18":{"start":{"line":34,"column":25},"end":{"line":34,"column":134}},"19":{"start":{"line":35,"column":8},"end":{"line":37,"column":9}},"20":{"start":{"line":36,"column":12},"end":{"line":36,"column":58}},"21":{"start":{"line":38,"column":8},"end":{"line":38,"column":50}},"22":{"start":{"line":38,"column":38},"end":{"line":38,"column":48}},"23":{"start":{"line":42,"column":46},"end":{"line":42,"column":50}},"24":{"start":{"line":43,"column":25},"end":{"line":43,"column":156}},"25":{"start":{"line":45,"column":8},"end":{"line":45,"column":41}},"26":{"start":{"line":49,"column":39},"end":{"line":49,"column":43}},"27":{"start":{"line":50,"column":8},"end":{"line":52,"column":9}},"28":{"start":{"line":51,"column":12},"end":{"line":51,"column":45}},"29":{"start":{"line":53,"column":25},"end":{"line":53,"column":175}},"30":{"start":{"line":54,"column":8},"end":{"line":54,"column":41}},"31":{"start":{"line":58,"column":25},"end":{"line":58,"column":106}},"32":{"start":{"line":59,"column":8},"end":{"line":59,"column":41}},"33":{"start":{"line":63,"column":25},"end":{"line":63,"column":60}},"34":{"start":{"line":64,"column":8},"end":{"line":64,"column":24}},"35":{"start":{"line":70,"column":0},"end":{"line":70,"column":21}}},"fnMap":{"0":{"name":"(anonymous_0)","decl":{"start":{"line":5,"column":4},"end":{"line":5,"column":5}},"loc":{"start":{"line":5,"column":63},"end":{"line":10,"column":5}},"line":5},"1":{"name":"(anonymous_1)","decl":{"start":{"line":12,"column":4},"end":{"line":12,"column":5}},"loc":{"start":{"line":12,"column":26},"end":{"line":15,"column":5}},"line":12},"2":{"name":"(anonymous_2)","decl":{"start":{"line":14,"column":33},"end":{"line":14,"column":34}},"loc":{"start":{"line":14,"column":38},"end":{"line":14,"column":48}},"line":14},"3":{"name":"(anonymous_3)","decl":{"start":{"line":17,"column":4},"end":{"line":17,"column":5}},"loc":{"start":{"line":17,"column":32},"end":{"line":23,"column":5}},"line":17},"4":{"name":"(anonymous_4)","decl":{"start":{"line":25,"column":4},"end":{"line":25,"column":5}},"loc":{"start":{"line":25,"column":35},"end":{"line":31,"column":5}},"line":25},"5":{"name":"(anonymous_5)","decl":{"start":{"line":30,"column":33},"end":{"line":30,"column":34}},"loc":{"start":{"line":30,"column":38},"end":{"line":30,"column":48}},"line":30},"6":{"name":"(anonymous_6)","decl":{"start":{"line":33,"column":4},"end":{"line":33,"column":5}},"loc":{"start":{"line":33,"column":36},"end":{"line":39,"column":5}},"line":33},"7":{"name":"(anonymous_7)","decl":{"start":{"line":38,"column":33},"end":{"line":38,"column":34}},"loc":{"start":{"line":38,"column":38},"end":{"line":38,"column":48}},"line":38},"8":{"name":"(anonymous_8)","decl":{"start":{"line":41,"column":4},"end":{"line":41,"column":5}},"loc":{"start":{"line":41,"column":30},"end":{"line":46,"column":5}},"line":41},"9":{"name":"(anonymous_9)","decl":{"start":{"line":48,"column":4},"end":{"line":48,"column":5}},"loc":{"start":{"line":48,"column":23},"end":{"line":55,"column":5}},"line":48},"10":{"name":"(anonymous_10)","decl":{"start":{"line":57,"column":4},"end":{"line":57,"column":5}},"loc":{"start":{"line":57,"column":20},"end":{"line":60,"column":5}},"line":57},"11":{"name":"(anonymous_11)","decl":{"start":{"line":62,"column":4},"end":{"line":62,"column":5}},"loc":{"start":{"line":62,"column":26},"end":{"line":65,"column":5}},"line":62}},"branchMap":{"0":{"loc":{"start":{"line":19,"column":8},"end":{"line":21,"column":9}},"type":"if","locations":[{"start":{"line":19,"column":8},"end":{"line":21,"column":9}},{"start":{},"end":{}}],"line":19},"1":{"loc":{"start":{"line":27,"column":8},"end":{"line":29,"column":9}},"type":"if","locations":[{"start":{"line":27,"column":8},"end":{"line":29,"column":9}},{"start":{},"end":{}}],"line":27},"2":{"loc":{"start":{"line":35,"column":8},"end":{"line":37,"column":9}},"type":"if","locations":[{"start":{"line":35,"column":8},"end":{"line":37,"column":9}},{"start":{},"end":{}}],"line":35},"3":{"loc":{"start":{"line":42,"column":15},"end":{"line":42,"column":28}},"type":"default-arg","locations":[{"start":{"line":42,"column":24},"end":{"line":42,"column":28}}],"line":42},"4":{"loc":{"start":{"line":50,"column":8},"end":{"line":52,"column":9}},"type":"if","locations":[{"start":{"line":50,"column":8},"end":{"line":52,"column":9}},{"start":{},"end":{}}],"line":50},"5":{"loc":{"start":{"line":50,"column":12},"end":{"line":50,"column":39}},"type":"binary-expr","locations":[{"start":{"line":50,"column":12},"end":{"line":50,"column":19}},{"start":{"line":50,"column":23},"end":{"line":50,"column":27}},{"start":{"line":50,"column":31},"end":{"line":50,"column":39}}],"line":50}},"s":{"0":1,"1":1,"2":0,"3":0,"4":0,"5":0,"6":0,"7":0,"8":0,"9":0,"10":0,"11":0,"12":0,"13":0,"14":0,"15":0,"16":0,"17":0,"18":0,"19":0,"20":0,"21":0,"22":0,"23":0,"24":0,"25":0,"26":0,"27":0,"28":0,"29":0,"30":0,"31":0,"32":0,"33":0,"34":0,"35":1},"f":{"0":0,"1":0,"2":0,"3":0,"4":0,"5":0,"6":0,"7":0,"8":0,"9":0,"10":0,"11":0},"b":{"0":[0,0],"1":[0,0],"2":[0,0],"3":[0],"4":[0,0],"5":[0,0,0]},"_coverageSchema":"1a1c01bbd47fc00a2c39e90264f33305004495a9","hash":"3ad9f093ed1488b2aec457c10db4876b1cc73bd6"}
,"C:\\Users\\Genui\\Documents\\lap3\\CramWrite-back-end\\api\\models\\subject.js": {"path":"C:\\Users\\Genui\\Documents\\lap3\\CramWrite-back-end\\api\\models\\subject.js","statementMap":{"0":{"start":{"line":1,"column":11},"end":{"line":1,"column":41}},"1":{"start":{"line":2,"column":12},"end":{"line":2,"column":28}},"2":{"start":{"line":3,"column":13},"end":{"line":3,"column":30}},"3":{"start":{"line":7,"column":8},"end":{"line":7,"column":29}},"4":{"start":{"line":8,"column":8},"end":{"line":8,"column":32}},"5":{"start":{"line":9,"column":8},"end":{"line":9,"column":31}},"6":{"start":{"line":14,"column":25},"end":{"line":14,"column":115}},"7":{"start":{"line":15,"column":8},"end":{"line":15,"column":54}},"8":{"start":{"line":15,"column":38},"end":{"line":15,"column":52}},"9":{"start":{"line":19,"column":25},"end":{"line":19,"column":123}},"10":{"start":{"line":20,"column":8},"end":{"line":22,"column":9}},"11":{"start":{"line":21,"column":12},"end":{"line":21,"column":55}},"12":{"start":{"line":23,"column":8},"end":{"line":23,"column":45}},"13":{"start":{"line":27,"column":37},"end":{"line":27,"column":41}},"14":{"start":{"line":28,"column":25},"end":{"line":28,"column":134}},"15":{"start":{"line":30,"column":8},"end":{"line":30,"column":45}},"16":{"start":{"line":34,"column":37},"end":{"line":34,"column":41}},"17":{"start":{"line":35,"column":8},"end":{"line":37,"column":9}},"18":{"start":{"line":36,"column":12},"end":{"line":36,"column":45}},"19":{"start":{"line":38,"column":25},"end":{"line":38,"column":133}},"20":{"start":{"line":39,"column":8},"end":{"line":39,"column":45}},"21":{"start":{"line":43,"column":25},"end":{"line":43,"column":122}},"22":{"start":{"line":44,"column":8},"end":{"line":46,"column":9}},"23":{"start":{"line":45,"column":12},"end":{"line":45,"column":57}},"24":{"start":{"line":47,"column":8},"end":{"line":47,"column":55}},"25":{"start":{"line":47,"column":39},"end":{"line":47,"column":53}},"26":{"start":{"line":52,"column":25},"end":{"line":52,"column":108}},"27":{"start":{"line":53,"column":8},"end":{"line":53,"column":45}},"28":{"start":{"line":57,"column":25},"end":{"line":57,"column":58}},"29":{"start":{"line":58,"column":8},"end":{"line":58,"column":24}},"30":{"start":{"line":62,"column":25},"end":{"line":62,"column":59}},"31":{"start":{"line":63,"column":8},"end":{"line":63,"column":24}},"32":{"start":{"line":70,"column":0},"end":{"line":70,"column":25}}},"fnMap":{"0":{"name":"(anonymous_0)","decl":{"start":{"line":6,"column":4},"end":{"line":6,"column":5}},"loc":{"start":{"line":6,"column":53},"end":{"line":11,"column":5}},"line":6},"1":{"name":"(anonymous_1)","decl":{"start":{"line":13,"column":4},"end":{"line":13,"column":5}},"loc":{"start":{"line":13,"column":26},"end":{"line":16,"column":5}},"line":13},"2":{"name":"(anonymous_2)","decl":{"start":{"line":15,"column":33},"end":{"line":15,"column":34}},"loc":{"start":{"line":15,"column":38},"end":{"line":15,"column":52}},"line":15},"3":{"name":"(anonymous_3)","decl":{"start":{"line":18,"column":4},"end":{"line":18,"column":5}},"loc":{"start":{"line":18,"column":32},"end":{"line":24,"column":5}},"line":18},"4":{"name":"(anonymous_4)","decl":{"start":{"line":26,"column":4},"end":{"line":26,"column":5}},"loc":{"start":{"line":26,"column":30},"end":{"line":31,"column":5}},"line":26},"5":{"name":"(anonymous_5)","decl":{"start":{"line":33,"column":4},"end":{"line":33,"column":5}},"loc":{"start":{"line":33,"column":23},"end":{"line":40,"column":5}},"line":33},"6":{"name":"(anonymous_6)","decl":{"start":{"line":42,"column":4},"end":{"line":42,"column":5}},"loc":{"start":{"line":42,"column":35},"end":{"line":48,"column":5}},"line":42},"7":{"name":"(anonymous_7)","decl":{"start":{"line":47,"column":34},"end":{"line":47,"column":35}},"loc":{"start":{"line":47,"column":39},"end":{"line":47,"column":53}},"line":47},"8":{"name":"(anonymous_8)","decl":{"start":{"line":51,"column":4},"end":{"line":51,"column":5}},"loc":{"start":{"line":51,"column":20},"end":{"line":54,"column":5}},"line":51},"9":{"name":"(anonymous_9)","decl":{"start":{"line":56,"column":4},"end":{"line":56,"column":5}},"loc":{"start":{"line":56,"column":20},"end":{"line":59,"column":5}},"line":56},"10":{"name":"(anonymous_10)","decl":{"start":{"line":61,"column":4},"end":{"line":61,"column":5}},"loc":{"start":{"line":61,"column":20},"end":{"line":64,"column":5}},"line":61}},"branchMap":{"0":{"loc":{"start":{"line":20,"column":8},"end":{"line":22,"column":9}},"type":"if","locations":[{"start":{"line":20,"column":8},"end":{"line":22,"column":9}},{"start":{},"end":{}}],"line":20},"1":{"loc":{"start":{"line":35,"column":8},"end":{"line":37,"column":9}},"type":"if","locations":[{"start":{"line":35,"column":8},"end":{"line":37,"column":9}},{"start":{},"end":{}}],"line":35},"2":{"loc":{"start":{"line":35,"column":12},"end":{"line":35,"column":34}},"type":"binary-expr","locations":[{"start":{"line":35,"column":12},"end":{"line":35,"column":22}},{"start":{"line":35,"column":26},"end":{"line":35,"column":34}}],"line":35},"3":{"loc":{"start":{"line":44,"column":8},"end":{"line":46,"column":9}},"type":"if","locations":[{"start":{"line":44,"column":8},"end":{"line":46,"column":9}},{"start":{},"end":{}}],"line":44}},"s":{"0":1,"1":1,"2":1,"3":0,"4":0,"5":0,"6":0,"7":0,"8":0,"9":0,"10":0,"11":0,"12":0,"13":0,"14":0,"15":0,"16":0,"17":0,"18":0,"19":0,"20":0,"21":0,"22":0,"23":0,"24":0,"25":0,"26":0,"27":0,"28":0,"29":0,"30":0,"31":0,"32":1},"f":{"0":0,"1":0,"2":0,"3":0,"4":0,"5":0,"6":0,"7":0,"8":0,"9":0,"10":0},"b":{"0":[0,0],"1":[0,0],"2":[0,0],"3":[0,0]},"_coverageSchema":"1a1c01bbd47fc00a2c39e90264f33305004495a9","hash":"8637966b2e5ade3b2a963f23721edd7584a964a7"}
,"C:\\Users\\Genui\\Documents\\lap3\\CramWrite-back-end\\api\\models\\token.js": {"path":"C:\\Users\\Genui\\Documents\\lap3\\CramWrite-back-end\\api\\models\\token.js","statementMap":{"0":{"start":{"line":1,"column":23},"end":{"line":1,"column":38}},"1":{"start":{"line":3,"column":11},"end":{"line":3,"column":41}},"2":{"start":{"line":7,"column":8},"end":{"line":7,"column":33}},"3":{"start":{"line":8,"column":8},"end":{"line":8,"column":32}},"4":{"start":{"line":9,"column":8},"end":{"line":9,"column":27}},"5":{"start":{"line":13,"column":22},"end":{"line":13,"column":30}},"6":{"start":{"line":14,"column":23},"end":{"line":14,"column":126}},"7":{"start":{"line":16,"column":8},"end":{"line":16,"column":43}},"8":{"start":{"line":20,"column":25},"end":{"line":20,"column":89}},"9":{"start":{"line":21,"column":8},"end":{"line":23,"column":9}},"10":{"start":{"line":22,"column":12},"end":{"line":22,"column":55}},"11":{"start":{"line":24,"column":8},"end":{"line":24,"column":43}},"12":{"start":{"line":28,"column":25},"end":{"line":28,"column":89}},"13":{"start":{"line":29,"column":8},"end":{"line":31,"column":9}},"14":{"start":{"line":30,"column":12},"end":{"line":30,"column":55}},"15":{"start":{"line":32,"column":8},"end":{"line":32,"column":43}},"16":{"start":{"line":36,"column":0},"end":{"line":36,"column":23}}},"fnMap":{"0":{"name":"(anonymous_0)","decl":{"start":{"line":6,"column":4},"end":{"line":6,"column":5}},"loc":{"start":{"line":6,"column":48},"end":{"line":10,"column":5}},"line":6},"1":{"name":"(anonymous_1)","decl":{"start":{"line":12,"column":4},"end":{"line":12,"column":5}},"loc":{"start":{"line":12,"column":35},"end":{"line":17,"column":5}},"line":12},"2":{"name":"(anonymous_2)","decl":{"start":{"line":19,"column":4},"end":{"line":19,"column":5}},"loc":{"start":{"line":19,"column":32},"end":{"line":25,"column":5}},"line":19},"3":{"name":"(anonymous_3)","decl":{"start":{"line":27,"column":4},"end":{"line":27,"column":5}},"loc":{"start":{"line":27,"column":38},"end":{"line":33,"column":5}},"line":27}},"branchMap":{"0":{"loc":{"start":{"line":21,"column":8},"end":{"line":23,"column":9}},"type":"if","locations":[{"start":{"line":21,"column":8},"end":{"line":23,"column":9}},{"start":{},"end":{}}],"line":21},"1":{"loc":{"start":{"line":29,"column":8},"end":{"line":31,"column":9}},"type":"if","locations":[{"start":{"line":29,"column":8},"end":{"line":31,"column":9}},{"start":{},"end":{}}],"line":29}},"s":{"0":1,"1":1,"2":0,"3":0,"4":0,"5":0,"6":0,"7":0,"8":0,"9":0,"10":0,"11":0,"12":0,"13":0,"14":0,"15":0,"16":1},"f":{"0":0,"1":0,"2":0,"3":0},"b":{"0":[0,0],"1":[0,0]},"_coverageSchema":"1a1c01bbd47fc00a2c39e90264f33305004495a9","hash":"694cd4fab07a37de85cfa8de3084ebdf11222743"}
,"C:\\Users\\Genui\\Documents\\lap3\\CramWrite-back-end\\api\\routers\\client.js": {"path":"C:\\Users\\Genui\\Documents\\lap3\\CramWrite-back-end\\api\\routers\\client.js","statementMap":{"0":{"start":{"line":1,"column":19},"end":{"line":1,"column":37}},"1":{"start":{"line":3,"column":22},"end":{"line":3,"column":63}},"2":{"start":{"line":5,"column":25},"end":{"line":5,"column":60}},"3":{"start":{"line":6,"column":15},"end":{"line":6,"column":45}},"4":{"start":{"line":8,"column":21},"end":{"line":8,"column":29}},"5":{"start":{"line":11,"column":0},"end":{"line":11,"column":46}},"6":{"start":{"line":12,"column":0},"end":{"line":12,"column":58}},"7":{"start":{"line":13,"column":0},"end":{"line":13,"column":52}},"8":{"start":{"line":14,"column":0},"end":{"line":14,"column":63}},"9":{"start":{"line":15,"column":0},"end":{"line":15,"column":63}},"10":{"start":{"line":16,"column":0},"end":{"line":16,"column":67}},"11":{"start":{"line":17,"column":0},"end":{"line":17,"column":69}},"12":{"start":{"line":18,"column":0},"end":{"line":18,"column":62}},"13":{"start":{"line":19,"column":0},"end":{"line":19,"column":86}},"14":{"start":{"line":20,"column":0},"end":{"line":20,"column":82}},"15":{"start":{"line":23,"column":0},"end":{"line":23,"column":30}}},"fnMap":{},"branchMap":{},"s":{"0":1,"1":1,"2":1,"3":1,"4":1,"5":1,"6":1,"7":1,"8":1,"9":1,"10":1,"11":1,"12":1,"13":1,"14":1,"15":1},"f":{},"b":{},"_coverageSchema":"1a1c01bbd47fc00a2c39e90264f33305004495a9","hash":"92487b2cd655c2caa34b931d73279981b8ce62cf"}
,"C:\\Users\\Genui\\Documents\\lap3\\CramWrite-back-end\\api\\routers\\flashcard.js": {"path":"C:\\Users\\Genui\\Documents\\lap3\\CramWrite-back-end\\api\\routers\\flashcard.js","statementMap":{"0":{"start":{"line":1,"column":19},"end":{"line":1,"column":37}},"1":{"start":{"line":3,"column":28},"end":{"line":3,"column":66}},"2":{"start":{"line":4,"column":18},"end":{"line":4,"column":51}},"3":{"start":{"line":6,"column":24},"end":{"line":6,"column":32}},"4":{"start":{"line":8,"column":0},"end":{"line":8,"column":52}},"5":{"start":{"line":9,"column":0},"end":{"line":9,"column":54}},"6":{"start":{"line":10,"column":0},"end":{"line":10,"column":54}},"7":{"start":{"line":11,"column":0},"end":{"line":11,"column":67}},"8":{"start":{"line":12,"column":0},"end":{"line":12,"column":69}},"9":{"start":{"line":13,"column":0},"end":{"line":13,"column":58}},"10":{"start":{"line":14,"column":0},"end":{"line":14,"column":60}},"11":{"start":{"line":15,"column":0},"end":{"line":15,"column":67}},"12":{"start":{"line":18,"column":0},"end":{"line":18,"column":33}}},"fnMap":{},"branchMap":{},"s":{"0":1,"1":1,"2":1,"3":1,"4":1,"5":1,"6":1,"7":1,"8":1,"9":1,"10":1,"11":1,"12":1},"f":{},"b":{},"_coverageSchema":"1a1c01bbd47fc00a2c39e90264f33305004495a9","hash":"de6e162befe81c44216849877b58e14d85ada460"}
,"C:\\Users\\Genui\\Documents\\lap3\\CramWrite-back-end\\api\\routers\\folder.js": {"path":"C:\\Users\\Genui\\Documents\\lap3\\CramWrite-back-end\\api\\routers\\folder.js","statementMap":{"0":{"start":{"line":1,"column":19},"end":{"line":1,"column":37}},"1":{"start":{"line":3,"column":25},"end":{"line":3,"column":60}},"2":{"start":{"line":4,"column":15},"end":{"line":4,"column":45}},"3":{"start":{"line":6,"column":21},"end":{"line":6,"column":29}},"4":{"start":{"line":8,"column":0},"end":{"line":8,"column":46}},"5":{"start":{"line":9,"column":0},"end":{"line":9,"column":48}},"6":{"start":{"line":10,"column":0},"end":{"line":10,"column":48}},"7":{"start":{"line":11,"column":0},"end":{"line":11,"column":59}},"8":{"start":{"line":12,"column":0},"end":{"line":12,"column":52}},"9":{"start":{"line":13,"column":0},"end":{"line":13,"column":54}},"10":{"start":{"line":17,"column":0},"end":{"line":17,"column":30}}},"fnMap":{},"branchMap":{},"s":{"0":1,"1":1,"2":1,"3":1,"4":1,"5":1,"6":1,"7":1,"8":1,"9":1,"10":1},"f":{},"b":{},"_coverageSchema":"1a1c01bbd47fc00a2c39e90264f33305004495a9","hash":"1713d93568c79ee4df67eac7e14bd8e83f3dbe9d"}
,"C:\\Users\\Genui\\Documents\\lap3\\CramWrite-back-end\\api\\routers\\question.js": {"path":"C:\\Users\\Genui\\Documents\\lap3\\CramWrite-back-end\\api\\routers\\question.js","statementMap":{"0":{"start":{"line":1,"column":19},"end":{"line":1,"column":37}},"1":{"start":{"line":2,"column":29},"end":{"line":2,"column":77}},"2":{"start":{"line":4,"column":27},"end":{"line":4,"column":64}},"3":{"start":{"line":6,"column":23},"end":{"line":6,"column":31}},"4":{"start":{"line":8,"column":0},"end":{"line":8,"column":50}},"5":{"start":{"line":9,"column":0},"end":{"line":9,"column":74}},"6":{"start":{"line":10,"column":0},"end":{"line":10,"column":52}},"7":{"start":{"line":11,"column":0},"end":{"line":11,"column":61}},"8":{"start":{"line":12,"column":0},"end":{"line":12,"column":78}},"9":{"start":{"line":13,"column":0},"end":{"line":13,"column":80}},"10":{"start":{"line":16,"column":0},"end":{"line":16,"column":32}}},"fnMap":{},"branchMap":{},"s":{"0":1,"1":1,"2":1,"3":1,"4":1,"5":1,"6":1,"7":1,"8":1,"9":1,"10":1},"f":{},"b":{},"_coverageSchema":"1a1c01bbd47fc00a2c39e90264f33305004495a9","hash":"37ba0df185c5ed3240e72498b5a9669c0d26ee20"}
,"C:\\Users\\Genui\\Documents\\lap3\\CramWrite-back-end\\api\\routers\\quiz.js": {"path":"C:\\Users\\Genui\\Documents\\lap3\\CramWrite-back-end\\api\\routers\\quiz.js","statementMap":{"0":{"start":{"line":1,"column":19},"end":{"line":1,"column":37}},"1":{"start":{"line":2,"column":29},"end":{"line":2,"column":77}},"2":{"start":{"line":4,"column":23},"end":{"line":4,"column":56}},"3":{"start":{"line":5,"column":13},"end":{"line":5,"column":41}},"4":{"start":{"line":7,"column":19},"end":{"line":7,"column":27}},"5":{"start":{"line":9,"column":0},"end":{"line":9,"column":42}},"6":{"start":{"line":10,"column":0},"end":{"line":10,"column":66}},"7":{"start":{"line":11,"column":0},"end":{"line":11,"column":44}},"8":{"start":{"line":12,"column":0},"end":{"line":12,"column":59}},"9":{"start":{"line":13,"column":0},"end":{"line":13,"column":65}},"10":{"start":{"line":14,"column":0},"end":{"line":14,"column":70}},"11":{"start":{"line":15,"column":0},"end":{"line":15,"column":72}},"12":{"start":{"line":18,"column":0},"end":{"line":18,"column":28}}},"fnMap":{},"branchMap":{},"s":{"0":1,"1":1,"2":1,"3":1,"4":1,"5":1,"6":1,"7":1,"8":1,"9":1,"10":1,"11":1,"12":1},"f":{},"b":{},"_coverageSchema":"1a1c01bbd47fc00a2c39e90264f33305004495a9","hash":"b03ff489d3cf9fda6bf29ea4312d93c6b543c321"}
,"C:\\Users\\Genui\\Documents\\lap3\\CramWrite-back-end\\api\\routers\\set.js": {"path":"C:\\Users\\Genui\\Documents\\lap3\\CramWrite-back-end\\api\\routers\\set.js","statementMap":{"0":{"start":{"line":1,"column":19},"end":{"line":1,"column":37}},"1":{"start":{"line":3,"column":22},"end":{"line":3,"column":54}},"2":{"start":{"line":5,"column":18},"end":{"line":5,"column":26}},"3":{"start":{"line":7,"column":0},"end":{"line":7,"column":40}},"4":{"start":{"line":8,"column":0},"end":{"line":8,"column":42}},"5":{"start":{"line":9,"column":0},"end":{"line":9,"column":42}},"6":{"start":{"line":10,"column":0},"end":{"line":10,"column":55}},"7":{"start":{"line":11,"column":0},"end":{"line":11,"column":57}},"8":{"start":{"line":12,"column":0},"end":{"line":12,"column":64}},"9":{"start":{"line":13,"column":0},"end":{"line":13,"column":46}},"10":{"start":{"line":14,"column":0},"end":{"line":14,"column":48}},"11":{"start":{"line":17,"column":0},"end":{"line":17,"column":27}}},"fnMap":{},"branchMap":{},"s":{"0":1,"1":1,"2":1,"3":1,"4":1,"5":1,"6":1,"7":1,"8":1,"9":1,"10":1,"11":1},"f":{},"b":{},"_coverageSchema":"1a1c01bbd47fc00a2c39e90264f33305004495a9","hash":"ef82c0fa4703ac7a38c60886741faf78de5bba13"}
,"C:\\Users\\Genui\\Documents\\lap3\\CramWrite-back-end\\api\\routers\\subject.js": {"path":"C:\\Users\\Genui\\Documents\\lap3\\CramWrite-back-end\\api\\routers\\subject.js","statementMap":{"0":{"start":{"line":1,"column":19},"end":{"line":1,"column":37}},"1":{"start":{"line":3,"column":26},"end":{"line":3,"column":62}},"2":{"start":{"line":4,"column":16},"end":{"line":4,"column":47}},"3":{"start":{"line":6,"column":22},"end":{"line":6,"column":30}},"4":{"start":{"line":8,"column":0},"end":{"line":8,"column":48}},"5":{"start":{"line":9,"column":0},"end":{"line":9,"column":50}},"6":{"start":{"line":10,"column":0},"end":{"line":10,"column":50}},"7":{"start":{"line":11,"column":0},"end":{"line":11,"column":63}},"8":{"start":{"line":12,"column":0},"end":{"line":12,"column":61}},"9":{"start":{"line":13,"column":0},"end":{"line":13,"column":62}},"10":{"start":{"line":14,"column":0},"end":{"line":14,"column":54}},"11":{"start":{"line":15,"column":0},"end":{"line":15,"column":56}},"12":{"start":{"line":19,"column":0},"end":{"line":19,"column":31}}},"fnMap":{},"branchMap":{},"s":{"0":1,"1":1,"2":1,"3":1,"4":1,"5":1,"6":1,"7":1,"8":1,"9":1,"10":1,"11":1,"12":1},"f":{},"b":{},"_coverageSchema":"1a1c01bbd47fc00a2c39e90264f33305004495a9","hash":"5ab1e723381310b1acfa7875204bef634e4764a2"}
}
