{"C:\\Users\\Genui\\Documents\\lap3\\CramWrite-back-end\\api\\app.js": {"path":"C:\\Users\\Genui\\Documents\\lap3\\CramWrite-back-end\\api\\app.js","statementMap":{"0":{"start":{"line":1,"column":16},"end":{"line":1,"column":34}},"1":{"start":{"line":2,"column":13},"end":{"line":2,"column":28}},"2":{"start":{"line":3,"column":15},"end":{"line":3,"column":48}},"3":{"start":{"line":4,"column":22},"end":{"line":4,"column":62}},"4":{"start":{"line":6,"column":24},"end":{"line":6,"column":54}},"5":{"start":{"line":7,"column":21},"end":{"line":7,"column":48}},"6":{"start":{"line":8,"column":21},"end":{"line":8,"column":48}},"7":{"start":{"line":9,"column":22},"end":{"line":9,"column":50}},"8":{"start":{"line":10,"column":18},"end":{"line":10,"column":42}},"9":{"start":{"line":11,"column":23},"end":{"line":11,"column":52}},"10":{"start":{"line":13,"column":12},"end":{"line":13,"column":21}},"11":{"start":{"line":14,"column":0},"end":{"line":14,"column":16}},"12":{"start":{"line":15,"column":0},"end":{"line":15,"column":24}},"13":{"start":{"line":16,"column":0},"end":{"line":16,"column":15}},"14":{"start":{"line":18,"column":0},"end":{"line":20,"column":3}},"15":{"start":{"line":19,"column":2},"end":{"line":19,"column":70}},"16":{"start":{"line":22,"column":0},"end":{"line":22,"column":54}},"17":{"start":{"line":23,"column":0},"end":{"line":23,"column":32}},"18":{"start":{"line":24,"column":0},"end":{"line":24,"column":47}},"19":{"start":{"line":25,"column":0},"end":{"line":25,"column":49}},"20":{"start":{"line":26,"column":0},"end":{"line":26,"column":41}},"21":{"start":{"line":27,"column":0},"end":{"line":27,"column":51}},"22":{"start":{"line":29,"column":0},"end":{"line":29,"column":21}}},"fnMap":{"0":{"name":"(anonymous_0)","decl":{"start":{"line":18,"column":13},"end":{"line":18,"column":14}},"loc":{"start":{"line":18,"column":27},"end":{"line":20,"column":1}},"line":18}},"branchMap":{},"s":{"0":1,"1":1,"2":1,"3":1,"4":1,"5":1,"6":1,"7":1,"8":1,"9":1,"10":1,"11":1,"12":1,"13":1,"14":1,"15":0,"16":1,"17":1,"18":1,"19":1,"20":1,"21":1,"22":1},"f":{"0":0},"b":{},"_coverageSchema":"1a1c01bbd47fc00a2c39e90264f33305004495a9","hash":"832d77431b0f4038cf3ed7005b43b7cc30b0809c"}
,"C:\\Users\\Genui\\Documents\\lap3\\CramWrite-back-end\\api\\controllers\\client.js": {"path":"C:\\Users\\Genui\\Documents\\lap3\\CramWrite-back-end\\api\\controllers\\client.js","statementMap":{"0":{"start":{"line":1,"column":15},"end":{"line":1,"column":45}},"1":{"start":{"line":2,"column":14},"end":{"line":2,"column":43}},"2":{"start":{"line":3,"column":15},"end":{"line":3,"column":32}},"3":{"start":{"line":6,"column":4},"end":{"line":11,"column":5}},"4":{"start":{"line":7,"column":24},"end":{"line":7,"column":45}},"5":{"start":{"line":8,"column":8},"end":{"line":8,"column":38}},"6":{"start":{"line":10,"column":8},"end":{"line":10,"column":52}},"7":{"start":{"line":15,"column":4},"end":{"line":21,"column":5}},"8":{"start":{"line":16,"column":19},"end":{"line":16,"column":42}},"9":{"start":{"line":17,"column":23},"end":{"line":17,"column":50}},"10":{"start":{"line":18,"column":8},"end":{"line":18,"column":37}},"11":{"start":{"line":20,"column":8},"end":{"line":20,"column":52}},"12":{"start":{"line":25,"column":4},"end":{"line":34,"column":5}},"13":{"start":{"line":26,"column":21},"end":{"line":26,"column":29}},"14":{"start":{"line":27,"column":21},"end":{"line":27,"column":83}},"15":{"start":{"line":28,"column":8},"end":{"line":28,"column":63}},"16":{"start":{"line":30,"column":23},"end":{"line":30,"column":52}},"17":{"start":{"line":31,"column":8},"end":{"line":31,"column":37}},"18":{"start":{"line":33,"column":8},"end":{"line":33,"column":53}},"19":{"start":{"line":38,"column":4},"end":{"line":46,"column":5}},"20":{"start":{"line":39,"column":21},"end":{"line":39,"column":37}},"21":{"start":{"line":40,"column":22},"end":{"line":40,"column":53}},"22":{"start":{"line":41,"column":23},"end":{"line":41,"column":60}},"23":{"start":{"line":43,"column":8},"end":{"line":43,"column":37}},"24":{"start":{"line":45,"column":8},"end":{"line":45,"column":53}},"25":{"start":{"line":50,"column":4},"end":{"line":62,"column":5}},"26":{"start":{"line":51,"column":21},"end":{"line":51,"column":29}},"27":{"start":{"line":52,"column":23},"end":{"line":52,"column":67}},"28":{"start":{"line":53,"column":30},"end":{"line":53,"column":82}},"29":{"start":{"line":55,"column":8},"end":{"line":57,"column":9}},"30":{"start":{"line":56,"column":12},"end":{"line":56,"column":53}},"31":{"start":{"line":58,"column":22},"end":{"line":58,"column":51}},"32":{"start":{"line":59,"column":8},"end":{"line":59,"column":76}},"33":{"start":{"line":61,"column":8},"end":{"line":61,"column":53}},"34":{"start":{"line":66,"column":4},"end":{"line":73,"column":5}},"35":{"start":{"line":67,"column":19},"end":{"line":67,"column":42}},"36":{"start":{"line":68,"column":23},"end":{"line":68,"column":50}},"37":{"start":{"line":69,"column":30},"end":{"line":69,"column":59}},"38":{"start":{"line":70,"column":8},"end":{"line":70,"column":44}},"39":{"start":{"line":72,"column":8},"end":{"line":72,"column":53}},"40":{"start":{"line":78,"column":4},"end":{"line":85,"column":5}},"41":{"start":{"line":79,"column":19},"end":{"line":79,"column":42}},"42":{"start":{"line":80,"column":23},"end":{"line":80,"column":50}},"43":{"start":{"line":81,"column":8},"end":{"line":81,"column":30}},"44":{"start":{"line":82,"column":8},"end":{"line":82,"column":53}},"45":{"start":{"line":84,"column":8},"end":{"line":84,"column":53}},"46":{"start":{"line":89,"column":4},"end":{"line":96,"column":5}},"47":{"start":{"line":90,"column":19},"end":{"line":90,"column":42}},"48":{"start":{"line":91,"column":23},"end":{"line":91,"column":50}},"49":{"start":{"line":92,"column":24},"end":{"line":92,"column":51}},"50":{"start":{"line":93,"column":8},"end":{"line":93,"column":38}},"51":{"start":{"line":95,"column":8},"end":{"line":95,"column":52}},"52":{"start":{"line":99,"column":0},"end":{"line":101,"column":1}}},"fnMap":{"0":{"name":"index","decl":{"start":{"line":5,"column":15},"end":{"line":5,"column":20}},"loc":{"start":{"line":5,"column":31},"end":{"line":12,"column":1}},"line":5},"1":{"name":"show","decl":{"start":{"line":14,"column":15},"end":{"line":14,"column":19}},"loc":{"start":{"line":14,"column":31},"end":{"line":22,"column":1}},"line":14},"2":{"name":"register","decl":{"start":{"line":24,"column":15},"end":{"line":24,"column":23}},"loc":{"start":{"line":24,"column":35},"end":{"line":35,"column":1}},"line":24},"3":{"name":"showToken","decl":{"start":{"line":37,"column":15},"end":{"line":37,"column":24}},"loc":{"start":{"line":37,"column":36},"end":{"line":47,"column":1}},"line":37},"4":{"name":"login","decl":{"start":{"line":49,"column":15},"end":{"line":49,"column":20}},"loc":{"start":{"line":49,"column":32},"end":{"line":63,"column":1}},"line":49},"5":{"name":"update","decl":{"start":{"line":65,"column":15},"end":{"line":65,"column":21}},"loc":{"start":{"line":65,"column":33},"end":{"line":74,"column":1}},"line":65},"6":{"name":"destroy","decl":{"start":{"line":77,"column":15},"end":{"line":77,"column":22}},"loc":{"start":{"line":77,"column":34},"end":{"line":86,"column":1}},"line":77},"7":{"name":"checkTeacher","decl":{"start":{"line":88,"column":15},"end":{"line":88,"column":27}},"loc":{"start":{"line":88,"column":39},"end":{"line":97,"column":1}},"line":88}},"branchMap":{"0":{"loc":{"start":{"line":55,"column":8},"end":{"line":57,"column":9}},"type":"if","locations":[{"start":{"line":55,"column":8},"end":{"line":57,"column":9}},{"start":{},"end":{}}],"line":55}},"s":{"0":1,"1":1,"2":1,"3":1,"4":1,"5":1,"6":0,"7":1,"8":1,"9":1,"10":1,"11":0,"12":0,"13":0,"14":0,"15":0,"16":0,"17":0,"18":0,"19":0,"20":0,"21":0,"22":0,"23":0,"24":0,"25":0,"26":0,"27":0,"28":0,"29":0,"30":0,"31":0,"32":0,"33":0,"34":0,"35":0,"36":0,"37":0,"38":0,"39":0,"40":0,"41":0,"42":0,"43":0,"44":0,"45":0,"46":1,"47":1,"48":1,"49":1,"50":1,"51":0,"52":1},"f":{"0":1,"1":1,"2":0,"3":0,"4":0,"5":0,"6":0,"7":1},"b":{"0":[0,0]},"_coverageSchema":"1a1c01bbd47fc00a2c39e90264f33305004495a9","hash":"91de2d49db86f6b1898c7019845458fdeaeaef79"}
,"C:\\Users\\Genui\\Documents\\lap3\\CramWrite-back-end\\api\\controllers\\flashcard.js": {"path":"C:\\Users\\Genui\\Documents\\lap3\\CramWrite-back-end\\api\\controllers\\flashcard.js","statementMap":{"0":{"start":{"line":1,"column":18},"end":{"line":1,"column":51}},"1":{"start":{"line":4,"column":4},"end":{"line":9,"column":5}},"2":{"start":{"line":5,"column":27},"end":{"line":5,"column":51}},"3":{"start":{"line":6,"column":8},"end":{"line":6,"column":41}},"4":{"start":{"line":8,"column":8},"end":{"line":8,"column":52}},"5":{"start":{"line":13,"column":4},"end":{"line":19,"column":5}},"6":{"start":{"line":14,"column":19},"end":{"line":14,"column":42}},"7":{"start":{"line":15,"column":26},"end":{"line":15,"column":56}},"8":{"start":{"line":16,"column":8},"end":{"line":16,"column":40}},"9":{"start":{"line":18,"column":8},"end":{"line":18,"column":52}},"10":{"start":{"line":23,"column":4},"end":{"line":29,"column":5}},"11":{"start":{"line":24,"column":19},"end":{"line":24,"column":42}},"12":{"start":{"line":25,"column":27},"end":{"line":25,"column":57}},"13":{"start":{"line":26,"column":8},"end":{"line":26,"column":41}},"14":{"start":{"line":28,"column":8},"end":{"line":28,"column":52}},"15":{"start":{"line":33,"column":4},"end":{"line":38,"column":5}},"16":{"start":{"line":34,"column":26},"end":{"line":34,"column":58}},"17":{"start":{"line":35,"column":8},"end":{"line":35,"column":40}},"18":{"start":{"line":37,"column":8},"end":{"line":37,"column":52}},"19":{"start":{"line":42,"column":4},"end":{"line":49,"column":5}},"20":{"start":{"line":43,"column":19},"end":{"line":43,"column":42}},"21":{"start":{"line":44,"column":26},"end":{"line":44,"column":56}},"22":{"start":{"line":45,"column":33},"end":{"line":45,"column":65}},"23":{"start":{"line":46,"column":8},"end":{"line":46,"column":47}},"24":{"start":{"line":48,"column":8},"end":{"line":48,"column":53}},"25":{"start":{"line":53,"column":4},"end":{"line":59,"column":5}},"26":{"start":{"line":54,"column":19},"end":{"line":54,"column":42}},"27":{"start":{"line":55,"column":26},"end":{"line":55,"column":59}},"28":{"start":{"line":56,"column":8},"end":{"line":56,"column":39}},"29":{"start":{"line":58,"column":8},"end":{"line":58,"column":53}},"30":{"start":{"line":63,"column":4},"end":{"line":69,"column":5}},"31":{"start":{"line":64,"column":19},"end":{"line":64,"column":42}},"32":{"start":{"line":65,"column":26},"end":{"line":65,"column":60}},"33":{"start":{"line":66,"column":8},"end":{"line":66,"column":39}},"34":{"start":{"line":68,"column":8},"end":{"line":68,"column":53}},"35":{"start":{"line":73,"column":4},"end":{"line":80,"column":5}},"36":{"start":{"line":74,"column":19},"end":{"line":74,"column":42}},"37":{"start":{"line":75,"column":26},"end":{"line":75,"column":56}},"38":{"start":{"line":76,"column":8},"end":{"line":76,"column":33}},"39":{"start":{"line":77,"column":8},"end":{"line":77,"column":53}},"40":{"start":{"line":79,"column":8},"end":{"line":79,"column":53}},"41":{"start":{"line":83,"column":0},"end":{"line":85,"column":1}}},"fnMap":{"0":{"name":"index","decl":{"start":{"line":3,"column":15},"end":{"line":3,"column":20}},"loc":{"start":{"line":3,"column":31},"end":{"line":10,"column":1}},"line":3},"1":{"name":"show","decl":{"start":{"line":12,"column":15},"end":{"line":12,"column":19}},"loc":{"start":{"line":12,"column":31},"end":{"line":20,"column":1}},"line":12},"2":{"name":"showSet","decl":{"start":{"line":22,"column":15},"end":{"line":22,"column":22}},"loc":{"start":{"line":22,"column":34},"end":{"line":30,"column":1}},"line":22},"3":{"name":"create","decl":{"start":{"line":32,"column":15},"end":{"line":32,"column":21}},"loc":{"start":{"line":32,"column":33},"end":{"line":39,"column":1}},"line":32},"4":{"name":"update","decl":{"start":{"line":41,"column":15},"end":{"line":41,"column":21}},"loc":{"start":{"line":41,"column":33},"end":{"line":50,"column":1}},"line":41},"5":{"name":"showClient","decl":{"start":{"line":52,"column":15},"end":{"line":52,"column":25}},"loc":{"start":{"line":52,"column":37},"end":{"line":60,"column":1}},"line":52},"6":{"name":"showSubject","decl":{"start":{"line":62,"column":15},"end":{"line":62,"column":26}},"loc":{"start":{"line":62,"column":38},"end":{"line":70,"column":1}},"line":62},"7":{"name":"destroy","decl":{"start":{"line":72,"column":15},"end":{"line":72,"column":22}},"loc":{"start":{"line":72,"column":34},"end":{"line":81,"column":1}},"line":72}},"branchMap":{},"s":{"0":1,"1":0,"2":0,"3":0,"4":0,"5":0,"6":0,"7":0,"8":0,"9":0,"10":0,"11":0,"12":0,"13":0,"14":0,"15":0,"16":0,"17":0,"18":0,"19":0,"20":0,"21":0,"22":0,"23":0,"24":0,"25":0,"26":0,"27":0,"28":0,"29":0,"30":0,"31":0,"32":0,"33":0,"34":0,"35":0,"36":0,"37":0,"38":0,"39":0,"40":0,"41":1},"f":{"0":0,"1":0,"2":0,"3":0,"4":0,"5":0,"6":0,"7":0},"b":{},"_coverageSchema":"1a1c01bbd47fc00a2c39e90264f33305004495a9","hash":"bdc8b341412bf1997c50bfacfbff7bf1d37cd25c"}
,"C:\\Users\\Genui\\Documents\\lap3\\CramWrite-back-end\\api\\controllers\\folder.js": {"path":"C:\\Users\\Genui\\Documents\\lap3\\CramWrite-back-end\\api\\controllers\\folder.js","statementMap":{"0":{"start":{"line":1,"column":15},"end":{"line":1,"column":45}},"1":{"start":{"line":4,"column":4},"end":{"line":9,"column":5}},"2":{"start":{"line":5,"column":24},"end":{"line":5,"column":45}},"3":{"start":{"line":6,"column":8},"end":{"line":6,"column":38}},"4":{"start":{"line":8,"column":8},"end":{"line":8,"column":52}},"5":{"start":{"line":13,"column":4},"end":{"line":19,"column":5}},"6":{"start":{"line":14,"column":19},"end":{"line":14,"column":42}},"7":{"start":{"line":15,"column":23},"end":{"line":15,"column":50}},"8":{"start":{"line":16,"column":8},"end":{"line":16,"column":37}},"9":{"start":{"line":18,"column":8},"end":{"line":18,"column":52}},"10":{"start":{"line":24,"column":4},"end":{"line":29,"column":5}},"11":{"start":{"line":25,"column":23},"end":{"line":25,"column":52}},"12":{"start":{"line":26,"column":8},"end":{"line":26,"column":37}},"13":{"start":{"line":28,"column":8},"end":{"line":28,"column":52}},"14":{"start":{"line":34,"column":4},"end":{"line":41,"column":5}},"15":{"start":{"line":35,"column":19},"end":{"line":35,"column":42}},"16":{"start":{"line":36,"column":23},"end":{"line":36,"column":50}},"17":{"start":{"line":37,"column":30},"end":{"line":37,"column":59}},"18":{"start":{"line":38,"column":8},"end":{"line":38,"column":44}},"19":{"start":{"line":40,"column":8},"end":{"line":40,"column":53}},"20":{"start":{"line":46,"column":4},"end":{"line":53,"column":5}},"21":{"start":{"line":47,"column":19},"end":{"line":47,"column":42}},"22":{"start":{"line":48,"column":23},"end":{"line":48,"column":50}},"23":{"start":{"line":49,"column":8},"end":{"line":49,"column":30}},"24":{"start":{"line":50,"column":8},"end":{"line":50,"column":53}},"25":{"start":{"line":52,"column":8},"end":{"line":52,"column":53}},"26":{"start":{"line":56,"column":0},"end":{"line":58,"column":1}}},"fnMap":{"0":{"name":"index","decl":{"start":{"line":3,"column":15},"end":{"line":3,"column":20}},"loc":{"start":{"line":3,"column":31},"end":{"line":10,"column":1}},"line":3},"1":{"name":"show","decl":{"start":{"line":12,"column":15},"end":{"line":12,"column":19}},"loc":{"start":{"line":12,"column":31},"end":{"line":20,"column":1}},"line":12},"2":{"name":"create","decl":{"start":{"line":23,"column":15},"end":{"line":23,"column":21}},"loc":{"start":{"line":23,"column":33},"end":{"line":30,"column":1}},"line":23},"3":{"name":"update","decl":{"start":{"line":33,"column":15},"end":{"line":33,"column":21}},"loc":{"start":{"line":33,"column":33},"end":{"line":42,"column":1}},"line":33},"4":{"name":"destroy","decl":{"start":{"line":45,"column":15},"end":{"line":45,"column":22}},"loc":{"start":{"line":45,"column":34},"end":{"line":54,"column":1}},"line":45}},"branchMap":{},"s":{"0":1,"1":0,"2":0,"3":0,"4":0,"5":0,"6":0,"7":0,"8":0,"9":0,"10":0,"11":0,"12":0,"13":0,"14":0,"15":0,"16":0,"17":0,"18":0,"19":0,"20":0,"21":0,"22":0,"23":0,"24":0,"25":0,"26":1},"f":{"0":0,"1":0,"2":0,"3":0,"4":0},"b":{},"_coverageSchema":"1a1c01bbd47fc00a2c39e90264f33305004495a9","hash":"d557f1eef27599dd8b6c864884d0cdea7d4c00e1"}
,"C:\\Users\\Genui\\Documents\\lap3\\CramWrite-back-end\\api\\controllers\\question.js": {"path":"C:\\Users\\Genui\\Documents\\lap3\\CramWrite-back-end\\api\\controllers\\question.js","statementMap":{"0":{"start":{"line":1,"column":17},"end":{"line":1,"column":49}},"1":{"start":{"line":4,"column":4},"end":{"line":9,"column":5}},"2":{"start":{"line":5,"column":26},"end":{"line":5,"column":49}},"3":{"start":{"line":6,"column":8},"end":{"line":6,"column":40}},"4":{"start":{"line":8,"column":8},"end":{"line":8,"column":52}},"5":{"start":{"line":13,"column":4},"end":{"line":19,"column":5}},"6":{"start":{"line":14,"column":19},"end":{"line":14,"column":42}},"7":{"start":{"line":15,"column":25},"end":{"line":15,"column":54}},"8":{"start":{"line":16,"column":8},"end":{"line":16,"column":39}},"9":{"start":{"line":18,"column":8},"end":{"line":18,"column":52}},"10":{"start":{"line":23,"column":4},"end":{"line":29,"column":5}},"11":{"start":{"line":24,"column":19},"end":{"line":24,"column":42}},"12":{"start":{"line":25,"column":26},"end":{"line":25,"column":56}},"13":{"start":{"line":26,"column":8},"end":{"line":26,"column":40}},"14":{"start":{"line":28,"column":8},"end":{"line":28,"column":52}},"15":{"start":{"line":33,"column":4},"end":{"line":38,"column":5}},"16":{"start":{"line":34,"column":25},"end":{"line":34,"column":56}},"17":{"start":{"line":35,"column":8},"end":{"line":35,"column":39}},"18":{"start":{"line":37,"column":8},"end":{"line":37,"column":52}},"19":{"start":{"line":42,"column":4},"end":{"line":49,"column":5}},"20":{"start":{"line":43,"column":19},"end":{"line":43,"column":42}},"21":{"start":{"line":44,"column":25},"end":{"line":44,"column":54}},"22":{"start":{"line":45,"column":32},"end":{"line":45,"column":63}},"23":{"start":{"line":46,"column":8},"end":{"line":46,"column":46}},"24":{"start":{"line":48,"column":8},"end":{"line":48,"column":53}},"25":{"start":{"line":53,"column":4},"end":{"line":60,"column":5}},"26":{"start":{"line":54,"column":19},"end":{"line":54,"column":42}},"27":{"start":{"line":55,"column":25},"end":{"line":55,"column":54}},"28":{"start":{"line":56,"column":8},"end":{"line":56,"column":32}},"29":{"start":{"line":57,"column":8},"end":{"line":57,"column":53}},"30":{"start":{"line":59,"column":8},"end":{"line":59,"column":53}},"31":{"start":{"line":63,"column":0},"end":{"line":65,"column":1}}},"fnMap":{"0":{"name":"index","decl":{"start":{"line":3,"column":15},"end":{"line":3,"column":20}},"loc":{"start":{"line":3,"column":31},"end":{"line":10,"column":1}},"line":3},"1":{"name":"show","decl":{"start":{"line":12,"column":15},"end":{"line":12,"column":19}},"loc":{"start":{"line":12,"column":31},"end":{"line":20,"column":1}},"line":12},"2":{"name":"showQuiz","decl":{"start":{"line":22,"column":15},"end":{"line":22,"column":23}},"loc":{"start":{"line":22,"column":35},"end":{"line":30,"column":1}},"line":22},"3":{"name":"create","decl":{"start":{"line":32,"column":15},"end":{"line":32,"column":21}},"loc":{"start":{"line":32,"column":33},"end":{"line":39,"column":1}},"line":32},"4":{"name":"update","decl":{"start":{"line":41,"column":15},"end":{"line":41,"column":21}},"loc":{"start":{"line":41,"column":33},"end":{"line":50,"column":1}},"line":41},"5":{"name":"destroy","decl":{"start":{"line":52,"column":15},"end":{"line":52,"column":22}},"loc":{"start":{"line":52,"column":34},"end":{"line":61,"column":1}},"line":52}},"branchMap":{},"s":{"0":1,"1":0,"2":0,"3":0,"4":0,"5":0,"6":0,"7":0,"8":0,"9":0,"10":0,"11":0,"12":0,"13":0,"14":0,"15":0,"16":0,"17":0,"18":0,"19":0,"20":0,"21":0,"22":0,"23":0,"24":0,"25":0,"26":0,"27":0,"28":0,"29":0,"30":0,"31":1},"f":{"0":0,"1":0,"2":0,"3":0,"4":0,"5":0},"b":{},"_coverageSchema":"1a1c01bbd47fc00a2c39e90264f33305004495a9","hash":"43c376b6ffe5e4e99abd397de70053e7cfed224a"}
,"C:\\Users\\Genui\\Documents\\lap3\\CramWrite-back-end\\api\\controllers\\set.js": {"path":"C:\\Users\\Genui\\Documents\\lap3\\CramWrite-back-end\\api\\controllers\\set.js","statementMap":{"0":{"start":{"line":1,"column":12},"end":{"line":1,"column":39}},"1":{"start":{"line":4,"column":4},"end":{"line":9,"column":5}},"2":{"start":{"line":5,"column":21},"end":{"line":5,"column":39}},"3":{"start":{"line":6,"column":8},"end":{"line":6,"column":35}},"4":{"start":{"line":8,"column":8},"end":{"line":8,"column":52}},"5":{"start":{"line":13,"column":4},"end":{"line":19,"column":5}},"6":{"start":{"line":14,"column":19},"end":{"line":14,"column":42}},"7":{"start":{"line":15,"column":20},"end":{"line":15,"column":44}},"8":{"start":{"line":16,"column":8},"end":{"line":16,"column":34}},"9":{"start":{"line":18,"column":8},"end":{"line":18,"column":52}},"10":{"start":{"line":23,"column":4},"end":{"line":29,"column":5}},"11":{"start":{"line":24,"column":19},"end":{"line":24,"column":42}},"12":{"start":{"line":25,"column":21},"end":{"line":25,"column":48}},"13":{"start":{"line":26,"column":8},"end":{"line":26,"column":35}},"14":{"start":{"line":28,"column":8},"end":{"line":28,"column":52}},"15":{"start":{"line":33,"column":4},"end":{"line":40,"column":5}},"16":{"start":{"line":34,"column":19},"end":{"line":34,"column":42}},"17":{"start":{"line":35,"column":20},"end":{"line":35,"column":44}},"18":{"start":{"line":36,"column":27},"end":{"line":36,"column":52}},"19":{"start":{"line":37,"column":8},"end":{"line":37,"column":41}},"20":{"start":{"line":39,"column":8},"end":{"line":39,"column":52}},"21":{"start":{"line":44,"column":4},"end":{"line":49,"column":5}},"22":{"start":{"line":45,"column":20},"end":{"line":45,"column":46}},"23":{"start":{"line":46,"column":8},"end":{"line":46,"column":34}},"24":{"start":{"line":48,"column":8},"end":{"line":48,"column":52}},"25":{"start":{"line":53,"column":4},"end":{"line":60,"column":5}},"26":{"start":{"line":54,"column":19},"end":{"line":54,"column":42}},"27":{"start":{"line":55,"column":20},"end":{"line":55,"column":44}},"28":{"start":{"line":56,"column":27},"end":{"line":56,"column":53}},"29":{"start":{"line":57,"column":8},"end":{"line":57,"column":41}},"30":{"start":{"line":59,"column":8},"end":{"line":59,"column":53}},"31":{"start":{"line":64,"column":4},"end":{"line":71,"column":5}},"32":{"start":{"line":65,"column":19},"end":{"line":65,"column":42}},"33":{"start":{"line":66,"column":20},"end":{"line":66,"column":44}},"34":{"start":{"line":67,"column":8},"end":{"line":67,"column":27}},"35":{"start":{"line":68,"column":8},"end":{"line":68,"column":53}},"36":{"start":{"line":70,"column":8},"end":{"line":70,"column":53}},"37":{"start":{"line":74,"column":0},"end":{"line":76,"column":1}}},"fnMap":{"0":{"name":"index","decl":{"start":{"line":3,"column":15},"end":{"line":3,"column":20}},"loc":{"start":{"line":3,"column":31},"end":{"line":10,"column":1}},"line":3},"1":{"name":"show","decl":{"start":{"line":12,"column":15},"end":{"line":12,"column":19}},"loc":{"start":{"line":12,"column":31},"end":{"line":20,"column":1}},"line":12},"2":{"name":"showFolder","decl":{"start":{"line":22,"column":15},"end":{"line":22,"column":25}},"loc":{"start":{"line":22,"column":37},"end":{"line":30,"column":1}},"line":22},"3":{"name":"showAllFlashcards","decl":{"start":{"line":32,"column":15},"end":{"line":32,"column":32}},"loc":{"start":{"line":32,"column":43},"end":{"line":41,"column":1}},"line":32},"4":{"name":"create","decl":{"start":{"line":43,"column":15},"end":{"line":43,"column":21}},"loc":{"start":{"line":43,"column":33},"end":{"line":50,"column":1}},"line":43},"5":{"name":"update","decl":{"start":{"line":52,"column":15},"end":{"line":52,"column":21}},"loc":{"start":{"line":52,"column":33},"end":{"line":61,"column":1}},"line":52},"6":{"name":"destroy","decl":{"start":{"line":63,"column":15},"end":{"line":63,"column":22}},"loc":{"start":{"line":63,"column":34},"end":{"line":72,"column":1}},"line":63}},"branchMap":{},"s":{"0":1,"1":0,"2":0,"3":0,"4":0,"5":0,"6":0,"7":0,"8":0,"9":0,"10":0,"11":0,"12":0,"13":0,"14":0,"15":0,"16":0,"17":0,"18":0,"19":0,"20":0,"21":0,"22":0,"23":0,"24":0,"25":0,"26":0,"27":0,"28":0,"29":0,"30":0,"31":0,"32":0,"33":0,"34":0,"35":0,"36":0,"37":1},"f":{"0":0,"1":0,"2":0,"3":0,"4":0,"5":0,"6":0},"b":{},"_coverageSchema":"1a1c01bbd47fc00a2c39e90264f33305004495a9","hash":"ef879532e804fb39590202cf37eb8b74891dcfe2"}
,"C:\\Users\\Genui\\Documents\\lap3\\CramWrite-back-end\\api\\controllers\\subject.js": {"path":"C:\\Users\\Genui\\Documents\\lap3\\CramWrite-back-end\\api\\controllers\\subject.js","statementMap":{"0":{"start":{"line":1,"column":16},"end":{"line":1,"column":47}},"1":{"start":{"line":4,"column":4},"end":{"line":9,"column":5}},"2":{"start":{"line":5,"column":25},"end":{"line":5,"column":47}},"3":{"start":{"line":6,"column":8},"end":{"line":6,"column":39}},"4":{"start":{"line":8,"column":8},"end":{"line":8,"column":52}},"5":{"start":{"line":13,"column":4},"end":{"line":19,"column":5}},"6":{"start":{"line":14,"column":19},"end":{"line":14,"column":42}},"7":{"start":{"line":15,"column":24},"end":{"line":15,"column":52}},"8":{"start":{"line":16,"column":8},"end":{"line":16,"column":38}},"9":{"start":{"line":18,"column":8},"end":{"line":18,"column":52}},"10":{"start":{"line":24,"column":4},"end":{"line":29,"column":5}},"11":{"start":{"line":25,"column":24},"end":{"line":25,"column":54}},"12":{"start":{"line":26,"column":8},"end":{"line":26,"column":38}},"13":{"start":{"line":28,"column":8},"end":{"line":28,"column":52}},"14":{"start":{"line":33,"column":4},"end":{"line":40,"column":5}},"15":{"start":{"line":34,"column":19},"end":{"line":34,"column":42}},"16":{"start":{"line":35,"column":24},"end":{"line":35,"column":52}},"17":{"start":{"line":36,"column":31},"end":{"line":36,"column":61}},"18":{"start":{"line":37,"column":8},"end":{"line":37,"column":45}},"19":{"start":{"line":39,"column":8},"end":{"line":39,"column":53}},"20":{"start":{"line":44,"column":4},"end":{"line":50,"column":5}},"21":{"start":{"line":45,"column":19},"end":{"line":45,"column":42}},"22":{"start":{"line":46,"column":24},"end":{"line":46,"column":55}},"23":{"start":{"line":47,"column":8},"end":{"line":47,"column":37}},"24":{"start":{"line":49,"column":8},"end":{"line":49,"column":53}},"25":{"start":{"line":55,"column":4},"end":{"line":62,"column":5}},"26":{"start":{"line":56,"column":19},"end":{"line":56,"column":42}},"27":{"start":{"line":57,"column":24},"end":{"line":57,"column":52}},"28":{"start":{"line":58,"column":8},"end":{"line":58,"column":31}},"29":{"start":{"line":59,"column":8},"end":{"line":59,"column":53}},"30":{"start":{"line":61,"column":8},"end":{"line":61,"column":53}},"31":{"start":{"line":65,"column":0},"end":{"line":67,"column":1}}},"fnMap":{"0":{"name":"index","decl":{"start":{"line":3,"column":15},"end":{"line":3,"column":20}},"loc":{"start":{"line":3,"column":31},"end":{"line":10,"column":1}},"line":3},"1":{"name":"show","decl":{"start":{"line":12,"column":15},"end":{"line":12,"column":19}},"loc":{"start":{"line":12,"column":31},"end":{"line":20,"column":1}},"line":12},"2":{"name":"create","decl":{"start":{"line":23,"column":15},"end":{"line":23,"column":21}},"loc":{"start":{"line":23,"column":33},"end":{"line":30,"column":1}},"line":23},"3":{"name":"update","decl":{"start":{"line":32,"column":15},"end":{"line":32,"column":21}},"loc":{"start":{"line":32,"column":33},"end":{"line":41,"column":1}},"line":32},"4":{"name":"showClient","decl":{"start":{"line":43,"column":15},"end":{"line":43,"column":25}},"loc":{"start":{"line":43,"column":37},"end":{"line":51,"column":1}},"line":43},"5":{"name":"destroy","decl":{"start":{"line":54,"column":15},"end":{"line":54,"column":22}},"loc":{"start":{"line":54,"column":34},"end":{"line":63,"column":1}},"line":54}},"branchMap":{},"s":{"0":1,"1":0,"2":0,"3":0,"4":0,"5":0,"6":0,"7":0,"8":0,"9":0,"10":0,"11":0,"12":0,"13":0,"14":0,"15":0,"16":0,"17":0,"18":0,"19":0,"20":0,"21":0,"22":0,"23":0,"24":0,"25":0,"26":0,"27":0,"28":0,"29":0,"30":0,"31":1},"f":{"0":0,"1":0,"2":0,"3":0,"4":0,"5":0},"b":{},"_coverageSchema":"1a1c01bbd47fc00a2c39e90264f33305004495a9","hash":"e4d85fac477ad7478f5cdeeb97e394c0c5dbeeb5"}
,"C:\\Users\\Genui\\Documents\\lap3\\CramWrite-back-end\\api\\database\\connect.js": {"path":"C:\\Users\\Genui\\Documents\\lap3\\CramWrite-back-end\\api\\database\\connect.js","statementMap":{"0":{"start":{"line":1,"column":17},"end":{"line":1,"column":30}},"1":{"start":{"line":3,"column":11},"end":{"line":5,"column":2}},"2":{"start":{"line":7,"column":0},"end":{"line":7,"column":41}},"3":{"start":{"line":9,"column":0},"end":{"line":9,"column":20}}},"fnMap":{},"branchMap":{},"s":{"0":1,"1":1,"2":1,"3":1},"f":{},"b":{},"_coverageSchema":"1a1c01bbd47fc00a2c39e90264f33305004495a9","hash":"ee11a9b37ca408ee039444cba99acb339be07c25"}
,"C:\\Users\\Genui\\Documents\\lap3\\CramWrite-back-end\\api\\middleware\\authenticator.js": {"path":"C:\\Users\\Genui\\Documents\\lap3\\CramWrite-back-end\\api\\middleware\\authenticator.js","statementMap":{"0":{"start":{"line":1,"column":14},"end":{"line":1,"column":40}},"1":{"start":{"line":4,"column":4},"end":{"line":16,"column":5}},"2":{"start":{"line":5,"column":26},"end":{"line":5,"column":51}},"3":{"start":{"line":7,"column":8},"end":{"line":13,"column":9}},"4":{"start":{"line":8,"column":12},"end":{"line":8,"column":55}},"5":{"start":{"line":10,"column":31},"end":{"line":10,"column":67}},"6":{"start":{"line":12,"column":12},"end":{"line":12,"column":19}},"7":{"start":{"line":15,"column":8},"end":{"line":15,"column":51}},"8":{"start":{"line":19,"column":0},"end":{"line":19,"column":31}}},"fnMap":{"0":{"name":"authenticator","decl":{"start":{"line":3,"column":15},"end":{"line":3,"column":28}},"loc":{"start":{"line":3,"column":45},"end":{"line":17,"column":1}},"line":3}},"branchMap":{"0":{"loc":{"start":{"line":7,"column":8},"end":{"line":13,"column":9}},"type":"if","locations":[{"start":{"line":7,"column":8},"end":{"line":13,"column":9}},{"start":{"line":9,"column":15},"end":{"line":13,"column":9}}],"line":7}},"s":{"0":1,"1":2,"2":2,"3":2,"4":0,"5":2,"6":2,"7":0,"8":1},"f":{"0":2},"b":{"0":[0,2]},"_coverageSchema":"1a1c01bbd47fc00a2c39e90264f33305004495a9","hash":"b2d3c3bad1ffbe7e1fbb8c7bca9265060586e500"}
,"C:\\Users\\Genui\\Documents\\lap3\\CramWrite-back-end\\api\\middleware\\logger.js": {"path":"C:\\Users\\Genui\\Documents\\lap3\\CramWrite-back-end\\api\\middleware\\logger.js","statementMap":{"0":{"start":{"line":2,"column":4},"end":{"line":2,"column":86}},"1":{"start":{"line":4,"column":4},"end":{"line":4,"column":11}},"2":{"start":{"line":7,"column":0},"end":{"line":7,"column":24}}},"fnMap":{"0":{"name":"logger","decl":{"start":{"line":1,"column":9},"end":{"line":1,"column":15}},"loc":{"start":{"line":1,"column":32},"end":{"line":5,"column":1}},"line":1}},"branchMap":{},"s":{"0":3,"1":3,"2":1},"f":{"0":3},"b":{},"_coverageSchema":"1a1c01bbd47fc00a2c39e90264f33305004495a9","hash":"960f4b5bee67af9ff7d74fe96953674e57d65ae1"}
,"C:\\Users\\Genui\\Documents\\lap3\\CramWrite-back-end\\api\\models\\Client.js": {"path":"C:\\Users\\Genui\\Documents\\lap3\\CramWrite-back-end\\api\\models\\Client.js","statementMap":{"0":{"start":{"line":1,"column":11},"end":{"line":1,"column":41}},"1":{"start":{"line":5,"column":8},"end":{"line":5,"column":28}},"2":{"start":{"line":6,"column":8},"end":{"line":6,"column":29}},"3":{"start":{"line":7,"column":8},"end":{"line":7,"column":34}},"4":{"start":{"line":8,"column":8},"end":{"line":8,"column":33}},"5":{"start":{"line":9,"column":8},"end":{"line":9,"column":33}},"6":{"start":{"line":14,"column":21},"end":{"line":14,"column":128}},"7":{"start":{"line":15,"column":4},"end":{"line":15,"column":49}},"8":{"start":{"line":15,"column":34},"end":{"line":15,"column":47}},"9":{"start":{"line":19,"column":21},"end":{"line":19,"column":135}},"10":{"start":{"line":20,"column":4},"end":{"line":22,"column":5}},"11":{"start":{"line":21,"column":8},"end":{"line":21,"column":48}},"12":{"start":{"line":23,"column":4},"end":{"line":23,"column":40}},"13":{"start":{"line":27,"column":21},"end":{"line":27,"column":140}},"14":{"start":{"line":28,"column":4},"end":{"line":30,"column":5}},"15":{"start":{"line":29,"column":8},"end":{"line":29,"column":48}},"16":{"start":{"line":31,"column":4},"end":{"line":31,"column":40}},"17":{"start":{"line":35,"column":50},"end":{"line":35,"column":54}},"18":{"start":{"line":36,"column":21},"end":{"line":36,"column":174}},"19":{"start":{"line":38,"column":4},"end":{"line":38,"column":40}},"20":{"start":{"line":42,"column":50},"end":{"line":42,"column":54}},"21":{"start":{"line":43,"column":4},"end":{"line":45,"column":5}},"22":{"start":{"line":44,"column":8},"end":{"line":44,"column":41}},"23":{"start":{"line":46,"column":21},"end":{"line":46,"column":197}},"24":{"start":{"line":47,"column":4},"end":{"line":47,"column":40}},"25":{"start":{"line":51,"column":21},"end":{"line":51,"column":102}},"26":{"start":{"line":52,"column":4},"end":{"line":52,"column":40}},"27":{"start":{"line":56,"column":4},"end":{"line":56,"column":24}},"28":{"start":{"line":62,"column":0},"end":{"line":62,"column":24}}},"fnMap":{"0":{"name":"(anonymous_0)","decl":{"start":{"line":4,"column":4},"end":{"line":4,"column":5}},"loc":{"start":{"line":4,"column":72},"end":{"line":11,"column":1}},"line":4},"1":{"name":"(anonymous_1)","decl":{"start":{"line":13,"column":0},"end":{"line":13,"column":1}},"loc":{"start":{"line":13,"column":22},"end":{"line":16,"column":1}},"line":13},"2":{"name":"(anonymous_2)","decl":{"start":{"line":15,"column":29},"end":{"line":15,"column":30}},"loc":{"start":{"line":15,"column":34},"end":{"line":15,"column":47}},"line":15},"3":{"name":"(anonymous_3)","decl":{"start":{"line":18,"column":0},"end":{"line":18,"column":1}},"loc":{"start":{"line":18,"column":28},"end":{"line":24,"column":1}},"line":18},"4":{"name":"(anonymous_4)","decl":{"start":{"line":26,"column":0},"end":{"line":26,"column":1}},"loc":{"start":{"line":26,"column":40},"end":{"line":32,"column":1}},"line":26},"5":{"name":"(anonymous_5)","decl":{"start":{"line":34,"column":0},"end":{"line":34,"column":1}},"loc":{"start":{"line":34,"column":26},"end":{"line":39,"column":1}},"line":34},"6":{"name":"(anonymous_6)","decl":{"start":{"line":41,"column":0},"end":{"line":41,"column":1}},"loc":{"start":{"line":41,"column":19},"end":{"line":48,"column":1}},"line":41},"7":{"name":"(anonymous_7)","decl":{"start":{"line":50,"column":0},"end":{"line":50,"column":1}},"loc":{"start":{"line":50,"column":16},"end":{"line":53,"column":1}},"line":50},"8":{"name":"(anonymous_8)","decl":{"start":{"line":55,"column":0},"end":{"line":55,"column":1}},"loc":{"start":{"line":55,"column":21},"end":{"line":57,"column":1}},"line":55}},"branchMap":{"0":{"loc":{"start":{"line":20,"column":4},"end":{"line":22,"column":5}},"type":"if","locations":[{"start":{"line":20,"column":4},"end":{"line":22,"column":5}},{"start":{},"end":{}}],"line":20},"1":{"loc":{"start":{"line":28,"column":4},"end":{"line":30,"column":5}},"type":"if","locations":[{"start":{"line":28,"column":4},"end":{"line":30,"column":5}},{"start":{},"end":{}}],"line":28},"2":{"loc":{"start":{"line":43,"column":4},"end":{"line":45,"column":5}},"type":"if","locations":[{"start":{"line":43,"column":4},"end":{"line":45,"column":5}},{"start":{},"end":{}}],"line":43},"3":{"loc":{"start":{"line":43,"column":8},"end":{"line":43,"column":53}},"type":"binary-expr","locations":[{"start":{"line":43,"column":8},"end":{"line":43,"column":15}},{"start":{"line":43,"column":19},"end":{"line":43,"column":27}},{"start":{"line":43,"column":31},"end":{"line":43,"column":40}},{"start":{"line":43,"column":44},"end":{"line":43,"column":53}}],"line":43}},"s":{"0":1,"1":3,"2":3,"3":3,"4":3,"5":3,"6":1,"7":1,"8":1,"9":2,"10":2,"11":0,"12":2,"13":0,"14":0,"15":0,"16":0,"17":0,"18":0,"19":0,"20":0,"21":0,"22":0,"23":0,"24":0,"25":0,"26":0,"27":1,"28":1},"f":{"0":3,"1":1,"2":1,"3":2,"4":0,"5":0,"6":0,"7":0,"8":1},"b":{"0":[0,2],"1":[0,0],"2":[0,0],"3":[0,0,0,0]},"_coverageSchema":"1a1c01bbd47fc00a2c39e90264f33305004495a9","hash":"05c7db3dc1d0a9dc3174cea42b44fc41dc669603"}
,"C:\\Users\\Genui\\Documents\\lap3\\CramWrite-back-end\\api\\models\\flashcard.js": {"path":"C:\\Users\\Genui\\Documents\\lap3\\CramWrite-back-end\\api\\models\\flashcard.js","statementMap":{"0":{"start":{"line":1,"column":11},"end":{"line":1,"column":41}},"1":{"start":{"line":5,"column":8},"end":{"line":5,"column":27}},"2":{"start":{"line":6,"column":8},"end":{"line":6,"column":34}},"3":{"start":{"line":7,"column":8},"end":{"line":7,"column":26}},"4":{"start":{"line":8,"column":8},"end":{"line":8,"column":32}},"5":{"start":{"line":9,"column":8},"end":{"line":9,"column":25}},"6":{"start":{"line":10,"column":8},"end":{"line":10,"column":37}},"7":{"start":{"line":11,"column":8},"end":{"line":11,"column":29}},"8":{"start":{"line":15,"column":25},"end":{"line":15,"column":149}},"9":{"start":{"line":16,"column":8},"end":{"line":16,"column":56}},"10":{"start":{"line":16,"column":38},"end":{"line":16,"column":54}},"11":{"start":{"line":20,"column":25},"end":{"line":20,"column":157}},"12":{"start":{"line":21,"column":8},"end":{"line":23,"column":9}},"13":{"start":{"line":22,"column":12},"end":{"line":22,"column":57}},"14":{"start":{"line":24,"column":8},"end":{"line":24,"column":47}},"15":{"start":{"line":28,"column":25},"end":{"line":28,"column":155}},"16":{"start":{"line":29,"column":8},"end":{"line":31,"column":9}},"17":{"start":{"line":30,"column":12},"end":{"line":30,"column":58}},"18":{"start":{"line":32,"column":8},"end":{"line":32,"column":56}},"19":{"start":{"line":32,"column":38},"end":{"line":32,"column":54}},"20":{"start":{"line":36,"column":79},"end":{"line":36,"column":83}},"21":{"start":{"line":37,"column":25},"end":{"line":37,"column":217}},"22":{"start":{"line":39,"column":8},"end":{"line":39,"column":47}},"23":{"start":{"line":43,"column":57},"end":{"line":43,"column":61}},"24":{"start":{"line":44,"column":8},"end":{"line":46,"column":9}},"25":{"start":{"line":45,"column":12},"end":{"line":45,"column":45}},"26":{"start":{"line":47,"column":25},"end":{"line":47,"column":217}},"27":{"start":{"line":48,"column":8},"end":{"line":48,"column":47}},"28":{"start":{"line":52,"column":25},"end":{"line":52,"column":159}},"29":{"start":{"line":53,"column":8},"end":{"line":55,"column":9}},"30":{"start":{"line":54,"column":12},"end":{"line":54,"column":59}},"31":{"start":{"line":56,"column":8},"end":{"line":56,"column":57}},"32":{"start":{"line":56,"column":39},"end":{"line":56,"column":55}},"33":{"start":{"line":60,"column":25},"end":{"line":60,"column":160}},"34":{"start":{"line":61,"column":8},"end":{"line":63,"column":9}},"35":{"start":{"line":62,"column":12},"end":{"line":62,"column":59}},"36":{"start":{"line":64,"column":8},"end":{"line":64,"column":57}},"37":{"start":{"line":64,"column":39},"end":{"line":64,"column":55}},"38":{"start":{"line":68,"column":25},"end":{"line":68,"column":108}},"39":{"start":{"line":69,"column":8},"end":{"line":69,"column":47}},"40":{"start":{"line":76,"column":0},"end":{"line":76,"column":27}}},"fnMap":{"0":{"name":"(anonymous_0)","decl":{"start":{"line":4,"column":4},"end":{"line":4,"column":5}},"loc":{"start":{"line":4,"column":88},"end":{"line":12,"column":5}},"line":4},"1":{"name":"(anonymous_1)","decl":{"start":{"line":14,"column":4},"end":{"line":14,"column":5}},"loc":{"start":{"line":14,"column":26},"end":{"line":17,"column":5}},"line":14},"2":{"name":"(anonymous_2)","decl":{"start":{"line":16,"column":33},"end":{"line":16,"column":34}},"loc":{"start":{"line":16,"column":38},"end":{"line":16,"column":54}},"line":16},"3":{"name":"(anonymous_3)","decl":{"start":{"line":19,"column":4},"end":{"line":19,"column":5}},"loc":{"start":{"line":19,"column":32},"end":{"line":25,"column":5}},"line":19},"4":{"name":"(anonymous_4)","decl":{"start":{"line":27,"column":4},"end":{"line":27,"column":5}},"loc":{"start":{"line":27,"column":32},"end":{"line":33,"column":5}},"line":27},"5":{"name":"(anonymous_5)","decl":{"start":{"line":32,"column":33},"end":{"line":32,"column":34}},"loc":{"start":{"line":32,"column":38},"end":{"line":32,"column":54}},"line":32},"6":{"name":"(anonymous_6)","decl":{"start":{"line":35,"column":4},"end":{"line":35,"column":5}},"loc":{"start":{"line":35,"column":30},"end":{"line":40,"column":5}},"line":35},"7":{"name":"(anonymous_7)","decl":{"start":{"line":42,"column":4},"end":{"line":42,"column":5}},"loc":{"start":{"line":42,"column":23},"end":{"line":49,"column":5}},"line":42},"8":{"name":"(anonymous_8)","decl":{"start":{"line":51,"column":4},"end":{"line":51,"column":5}},"loc":{"start":{"line":51,"column":35},"end":{"line":57,"column":5}},"line":51},"9":{"name":"(anonymous_9)","decl":{"start":{"line":56,"column":34},"end":{"line":56,"column":35}},"loc":{"start":{"line":56,"column":39},"end":{"line":56,"column":55}},"line":56},"10":{"name":"(anonymous_10)","decl":{"start":{"line":59,"column":4},"end":{"line":59,"column":5}},"loc":{"start":{"line":59,"column":36},"end":{"line":65,"column":5}},"line":59},"11":{"name":"(anonymous_11)","decl":{"start":{"line":64,"column":34},"end":{"line":64,"column":35}},"loc":{"start":{"line":64,"column":39},"end":{"line":64,"column":55}},"line":64},"12":{"name":"(anonymous_12)","decl":{"start":{"line":67,"column":4},"end":{"line":67,"column":5}},"loc":{"start":{"line":67,"column":20},"end":{"line":70,"column":5}},"line":67}},"branchMap":{"0":{"loc":{"start":{"line":21,"column":8},"end":{"line":23,"column":9}},"type":"if","locations":[{"start":{"line":21,"column":8},"end":{"line":23,"column":9}},{"start":{},"end":{}}],"line":21},"1":{"loc":{"start":{"line":29,"column":8},"end":{"line":31,"column":9}},"type":"if","locations":[{"start":{"line":29,"column":8},"end":{"line":31,"column":9}},{"start":{},"end":{}}],"line":29},"2":{"loc":{"start":{"line":36,"column":24},"end":{"line":36,"column":34}},"type":"default-arg","locations":[{"start":{"line":36,"column":30},"end":{"line":36,"column":34}}],"line":36},"3":{"loc":{"start":{"line":36,"column":62},"end":{"line":36,"column":75}},"type":"default-arg","locations":[{"start":{"line":36,"column":71},"end":{"line":36,"column":75}}],"line":36},"4":{"loc":{"start":{"line":44,"column":8},"end":{"line":46,"column":9}},"type":"if","locations":[{"start":{"line":44,"column":8},"end":{"line":46,"column":9}},{"start":{},"end":{}}],"line":44},"5":{"loc":{"start":{"line":44,"column":12},"end":{"line":44,"column":63}},"type":"binary-expr","locations":[{"start":{"line":44,"column":12},"end":{"line":44,"column":20}},{"start":{"line":44,"column":24},"end":{"line":44,"column":28}},{"start":{"line":44,"column":32},"end":{"line":44,"column":37}},{"start":{"line":44,"column":41},"end":{"line":44,"column":52}},{"start":{"line":44,"column":56},"end":{"line":44,"column":63}}],"line":44},"6":{"loc":{"start":{"line":53,"column":8},"end":{"line":55,"column":9}},"type":"if","locations":[{"start":{"line":53,"column":8},"end":{"line":55,"column":9}},{"start":{},"end":{}}],"line":53},"7":{"loc":{"start":{"line":61,"column":8},"end":{"line":63,"column":9}},"type":"if","locations":[{"start":{"line":61,"column":8},"end":{"line":63,"column":9}},{"start":{},"end":{}}],"line":61}},"s":{"0":1,"1":0,"2":0,"3":0,"4":0,"5":0,"6":0,"7":0,"8":0,"9":0,"10":0,"11":0,"12":0,"13":0,"14":0,"15":0,"16":0,"17":0,"18":0,"19":0,"20":0,"21":0,"22":0,"23":0,"24":0,"25":0,"26":0,"27":0,"28":0,"29":0,"30":0,"31":0,"32":0,"33":0,"34":0,"35":0,"36":0,"37":0,"38":0,"39":0,"40":1},"f":{"0":0,"1":0,"2":0,"3":0,"4":0,"5":0,"6":0,"7":0,"8":0,"9":0,"10":0,"11":0,"12":0},"b":{"0":[0,0],"1":[0,0],"2":[0],"3":[0],"4":[0,0],"5":[0,0,0,0,0],"6":[0,0],"7":[0,0]},"_coverageSchema":"1a1c01bbd47fc00a2c39e90264f33305004495a9","hash":"370e1568c5f2f03e97e8b80bd53dbbdc7357babd"}
,"C:\\Users\\Genui\\Documents\\lap3\\CramWrite-back-end\\api\\models\\folder.js": {"path":"C:\\Users\\Genui\\Documents\\lap3\\CramWrite-back-end\\api\\models\\folder.js","statementMap":{"0":{"start":{"line":1,"column":11},"end":{"line":1,"column":41}},"1":{"start":{"line":5,"column":8},"end":{"line":5,"column":28}},"2":{"start":{"line":6,"column":8},"end":{"line":6,"column":29}},"3":{"start":{"line":11,"column":21},"end":{"line":11,"column":95}},"4":{"start":{"line":12,"column":4},"end":{"line":12,"column":49}},"5":{"start":{"line":12,"column":34},"end":{"line":12,"column":47}},"6":{"start":{"line":16,"column":21},"end":{"line":16,"column":103}},"7":{"start":{"line":17,"column":4},"end":{"line":19,"column":5}},"8":{"start":{"line":18,"column":8},"end":{"line":18,"column":50}},"9":{"start":{"line":20,"column":4},"end":{"line":20,"column":40}},"10":{"start":{"line":24,"column":21},"end":{"line":24,"column":25}},"11":{"start":{"line":25,"column":21},"end":{"line":25,"column":101}},"12":{"start":{"line":27,"column":4},"end":{"line":27,"column":40}},"13":{"start":{"line":31,"column":21},"end":{"line":31,"column":25}},"14":{"start":{"line":32,"column":4},"end":{"line":34,"column":5}},"15":{"start":{"line":33,"column":8},"end":{"line":33,"column":41}},"16":{"start":{"line":35,"column":21},"end":{"line":35,"column":100}},"17":{"start":{"line":36,"column":4},"end":{"line":36,"column":40}},"18":{"start":{"line":40,"column":21},"end":{"line":40,"column":102}},"19":{"start":{"line":41,"column":4},"end":{"line":41,"column":40}},"20":{"start":{"line":47,"column":0},"end":{"line":47,"column":24}}},"fnMap":{"0":{"name":"(anonymous_0)","decl":{"start":{"line":4,"column":4},"end":{"line":4,"column":5}},"loc":{"start":{"line":4,"column":40},"end":{"line":8,"column":1}},"line":4},"1":{"name":"(anonymous_1)","decl":{"start":{"line":10,"column":0},"end":{"line":10,"column":1}},"loc":{"start":{"line":10,"column":22},"end":{"line":13,"column":1}},"line":10},"2":{"name":"(anonymous_2)","decl":{"start":{"line":12,"column":29},"end":{"line":12,"column":30}},"loc":{"start":{"line":12,"column":34},"end":{"line":12,"column":47}},"line":12},"3":{"name":"(anonymous_3)","decl":{"start":{"line":15,"column":0},"end":{"line":15,"column":1}},"loc":{"start":{"line":15,"column":28},"end":{"line":21,"column":1}},"line":15},"4":{"name":"(anonymous_4)","decl":{"start":{"line":23,"column":0},"end":{"line":23,"column":1}},"loc":{"start":{"line":23,"column":26},"end":{"line":28,"column":1}},"line":23},"5":{"name":"(anonymous_5)","decl":{"start":{"line":30,"column":0},"end":{"line":30,"column":1}},"loc":{"start":{"line":30,"column":19},"end":{"line":37,"column":1}},"line":30},"6":{"name":"(anonymous_6)","decl":{"start":{"line":39,"column":0},"end":{"line":39,"column":1}},"loc":{"start":{"line":39,"column":16},"end":{"line":42,"column":1}},"line":39}},"branchMap":{"0":{"loc":{"start":{"line":17,"column":4},"end":{"line":19,"column":5}},"type":"if","locations":[{"start":{"line":17,"column":4},"end":{"line":19,"column":5}},{"start":{},"end":{}}],"line":17},"1":{"loc":{"start":{"line":32,"column":4},"end":{"line":34,"column":5}},"type":"if","locations":[{"start":{"line":32,"column":4},"end":{"line":34,"column":5}},{"start":{},"end":{}}],"line":32}},"s":{"0":1,"1":0,"2":0,"3":0,"4":0,"5":0,"6":0,"7":0,"8":0,"9":0,"10":0,"11":0,"12":0,"13":0,"14":0,"15":0,"16":0,"17":0,"18":0,"19":0,"20":1},"f":{"0":0,"1":0,"2":0,"3":0,"4":0,"5":0,"6":0},"b":{"0":[0,0],"1":[0,0]},"_coverageSchema":"1a1c01bbd47fc00a2c39e90264f33305004495a9","hash":"11457efe46775255679b138bf26b6ba014cb1bc0"}
,"C:\\Users\\Genui\\Documents\\lap3\\CramWrite-back-end\\api\\models\\question.js": {"path":"C:\\Users\\Genui\\Documents\\lap3\\CramWrite-back-end\\api\\models\\question.js","statementMap":{"0":{"start":{"line":1,"column":11},"end":{"line":1,"column":41}},"1":{"start":{"line":5,"column":8},"end":{"line":5,"column":30}},"2":{"start":{"line":6,"column":8},"end":{"line":6,"column":28}},"3":{"start":{"line":7,"column":8},"end":{"line":7,"column":33}},"4":{"start":{"line":8,"column":8},"end":{"line":8,"column":39}},"5":{"start":{"line":9,"column":8},"end":{"line":9,"column":39}},"6":{"start":{"line":10,"column":8},"end":{"line":10,"column":39}},"7":{"start":{"line":11,"column":8},"end":{"line":11,"column":39}},"8":{"start":{"line":15,"column":25},"end":{"line":15,"column":168}},"9":{"start":{"line":16,"column":8},"end":{"line":16,"column":55}},"10":{"start":{"line":16,"column":38},"end":{"line":16,"column":53}},"11":{"start":{"line":20,"column":25},"end":{"line":20,"column":176}},"12":{"start":{"line":21,"column":8},"end":{"line":23,"column":9}},"13":{"start":{"line":22,"column":12},"end":{"line":22,"column":56}},"14":{"start":{"line":24,"column":8},"end":{"line":24,"column":46}},"15":{"start":{"line":28,"column":25},"end":{"line":28,"column":172}},"16":{"start":{"line":29,"column":8},"end":{"line":31,"column":9}},"17":{"start":{"line":30,"column":12},"end":{"line":30,"column":57}},"18":{"start":{"line":32,"column":8},"end":{"line":32,"column":55}},"19":{"start":{"line":32,"column":38},"end":{"line":32,"column":53}},"20":{"start":{"line":36,"column":85},"end":{"line":36,"column":89}},"21":{"start":{"line":37,"column":25},"end":{"line":37,"column":250}},"22":{"start":{"line":39,"column":8},"end":{"line":39,"column":46}},"23":{"start":{"line":43,"column":79},"end":{"line":43,"column":83}},"24":{"start":{"line":44,"column":8},"end":{"line":46,"column":9}},"25":{"start":{"line":45,"column":12},"end":{"line":45,"column":45}},"26":{"start":{"line":47,"column":25},"end":{"line":47,"column":257}},"27":{"start":{"line":48,"column":8},"end":{"line":48,"column":46}},"28":{"start":{"line":52,"column":25},"end":{"line":52,"column":110}},"29":{"start":{"line":53,"column":8},"end":{"line":53,"column":46}},"30":{"start":{"line":59,"column":0},"end":{"line":59,"column":26}}},"fnMap":{"0":{"name":"(anonymous_0)","decl":{"start":{"line":4,"column":4},"end":{"line":4,"column":5}},"loc":{"start":{"line":4,"column":105},"end":{"line":12,"column":5}},"line":4},"1":{"name":"(anonymous_1)","decl":{"start":{"line":14,"column":4},"end":{"line":14,"column":5}},"loc":{"start":{"line":14,"column":26},"end":{"line":17,"column":5}},"line":14},"2":{"name":"(anonymous_2)","decl":{"start":{"line":16,"column":33},"end":{"line":16,"column":34}},"loc":{"start":{"line":16,"column":38},"end":{"line":16,"column":53}},"line":16},"3":{"name":"(anonymous_3)","decl":{"start":{"line":19,"column":4},"end":{"line":19,"column":5}},"loc":{"start":{"line":19,"column":32},"end":{"line":25,"column":5}},"line":19},"4":{"name":"(anonymous_4)","decl":{"start":{"line":27,"column":4},"end":{"line":27,"column":5}},"loc":{"start":{"line":27,"column":33},"end":{"line":33,"column":5}},"line":27},"5":{"name":"(anonymous_5)","decl":{"start":{"line":32,"column":33},"end":{"line":32,"column":34}},"loc":{"start":{"line":32,"column":38},"end":{"line":32,"column":53}},"line":32},"6":{"name":"(anonymous_6)","decl":{"start":{"line":35,"column":4},"end":{"line":35,"column":5}},"loc":{"start":{"line":35,"column":30},"end":{"line":40,"column":5}},"line":35},"7":{"name":"(anonymous_7)","decl":{"start":{"line":42,"column":4},"end":{"line":42,"column":5}},"loc":{"start":{"line":42,"column":23},"end":{"line":49,"column":5}},"line":42},"8":{"name":"(anonymous_8)","decl":{"start":{"line":51,"column":4},"end":{"line":51,"column":5}},"loc":{"start":{"line":51,"column":20},"end":{"line":54,"column":5}},"line":51}},"branchMap":{"0":{"loc":{"start":{"line":21,"column":8},"end":{"line":23,"column":9}},"type":"if","locations":[{"start":{"line":21,"column":8},"end":{"line":23,"column":9}},{"start":{},"end":{}}],"line":21},"1":{"loc":{"start":{"line":29,"column":8},"end":{"line":31,"column":9}},"type":"if","locations":[{"start":{"line":29,"column":8},"end":{"line":31,"column":9}},{"start":{},"end":{}}],"line":29},"2":{"loc":{"start":{"line":44,"column":8},"end":{"line":46,"column":9}},"type":"if","locations":[{"start":{"line":44,"column":8},"end":{"line":46,"column":9}},{"start":{},"end":{}}],"line":44},"3":{"loc":{"start":{"line":44,"column":12},"end":{"line":44,"column":85}},"type":"binary-expr","locations":[{"start":{"line":44,"column":12},"end":{"line":44,"column":21}},{"start":{"line":44,"column":25},"end":{"line":44,"column":37}},{"start":{"line":44,"column":41},"end":{"line":44,"column":53}},{"start":{"line":44,"column":57},"end":{"line":44,"column":69}},{"start":{"line":44,"column":73},"end":{"line":44,"column":85}}],"line":44}},"s":{"0":1,"1":0,"2":0,"3":0,"4":0,"5":0,"6":0,"7":0,"8":0,"9":0,"10":0,"11":0,"12":0,"13":0,"14":0,"15":0,"16":0,"17":0,"18":0,"19":0,"20":0,"21":0,"22":0,"23":0,"24":0,"25":0,"26":0,"27":0,"28":0,"29":0,"30":1},"f":{"0":0,"1":0,"2":0,"3":0,"4":0,"5":0,"6":0,"7":0,"8":0},"b":{"0":[0,0],"1":[0,0],"2":[0,0],"3":[0,0,0,0,0]},"_coverageSchema":"1a1c01bbd47fc00a2c39e90264f33305004495a9","hash":"d2ec4e1c5e61d3d1778400294ce853470e11242f"}
,"C:\\Users\\Genui\\Documents\\lap3\\CramWrite-back-end\\api\\models\\set.js": {"path":"C:\\Users\\Genui\\Documents\\lap3\\CramWrite-back-end\\api\\models\\set.js","statementMap":{"0":{"start":{"line":1,"column":11},"end":{"line":1,"column":41}},"1":{"start":{"line":2,"column":18},"end":{"line":2,"column":40}},"2":{"start":{"line":6,"column":8},"end":{"line":6,"column":25}},"3":{"start":{"line":7,"column":8},"end":{"line":7,"column":32}},"4":{"start":{"line":8,"column":8},"end":{"line":8,"column":29}},"5":{"start":{"line":12,"column":25},"end":{"line":12,"column":110}},"6":{"start":{"line":13,"column":8},"end":{"line":13,"column":50}},"7":{"start":{"line":13,"column":38},"end":{"line":13,"column":48}},"8":{"start":{"line":17,"column":25},"end":{"line":17,"column":118}},"9":{"start":{"line":18,"column":8},"end":{"line":20,"column":9}},"10":{"start":{"line":19,"column":12},"end":{"line":19,"column":57}},"11":{"start":{"line":21,"column":8},"end":{"line":21,"column":41}},"12":{"start":{"line":25,"column":25},"end":{"line":25,"column":121}},"13":{"start":{"line":26,"column":8},"end":{"line":28,"column":9}},"14":{"start":{"line":27,"column":12},"end":{"line":27,"column":58}},"15":{"start":{"line":29,"column":8},"end":{"line":29,"column":50}},"16":{"start":{"line":29,"column":38},"end":{"line":29,"column":48}},"17":{"start":{"line":33,"column":37},"end":{"line":33,"column":41}},"18":{"start":{"line":34,"column":25},"end":{"line":34,"column":131}},"19":{"start":{"line":36,"column":8},"end":{"line":36,"column":41}},"20":{"start":{"line":40,"column":30},"end":{"line":40,"column":34}},"21":{"start":{"line":41,"column":8},"end":{"line":43,"column":9}},"22":{"start":{"line":42,"column":12},"end":{"line":42,"column":45}},"23":{"start":{"line":44,"column":25},"end":{"line":44,"column":149}},"24":{"start":{"line":45,"column":8},"end":{"line":45,"column":41}},"25":{"start":{"line":49,"column":25},"end":{"line":49,"column":106}},"26":{"start":{"line":50,"column":8},"end":{"line":50,"column":41}},"27":{"start":{"line":54,"column":25},"end":{"line":54,"column":60}},"28":{"start":{"line":55,"column":8},"end":{"line":55,"column":24}},"29":{"start":{"line":61,"column":0},"end":{"line":61,"column":21}}},"fnMap":{"0":{"name":"(anonymous_0)","decl":{"start":{"line":5,"column":4},"end":{"line":5,"column":5}},"loc":{"start":{"line":5,"column":51},"end":{"line":9,"column":5}},"line":5},"1":{"name":"(anonymous_1)","decl":{"start":{"line":11,"column":4},"end":{"line":11,"column":5}},"loc":{"start":{"line":11,"column":26},"end":{"line":14,"column":5}},"line":11},"2":{"name":"(anonymous_2)","decl":{"start":{"line":13,"column":33},"end":{"line":13,"column":34}},"loc":{"start":{"line":13,"column":38},"end":{"line":13,"column":48}},"line":13},"3":{"name":"(anonymous_3)","decl":{"start":{"line":16,"column":4},"end":{"line":16,"column":5}},"loc":{"start":{"line":16,"column":32},"end":{"line":22,"column":5}},"line":16},"4":{"name":"(anonymous_4)","decl":{"start":{"line":24,"column":4},"end":{"line":24,"column":5}},"loc":{"start":{"line":24,"column":35},"end":{"line":30,"column":5}},"line":24},"5":{"name":"(anonymous_5)","decl":{"start":{"line":29,"column":33},"end":{"line":29,"column":34}},"loc":{"start":{"line":29,"column":38},"end":{"line":29,"column":48}},"line":29},"6":{"name":"(anonymous_6)","decl":{"start":{"line":32,"column":4},"end":{"line":32,"column":5}},"loc":{"start":{"line":32,"column":30},"end":{"line":37,"column":5}},"line":32},"7":{"name":"(anonymous_7)","decl":{"start":{"line":39,"column":4},"end":{"line":39,"column":5}},"loc":{"start":{"line":39,"column":23},"end":{"line":46,"column":5}},"line":39},"8":{"name":"(anonymous_8)","decl":{"start":{"line":48,"column":4},"end":{"line":48,"column":5}},"loc":{"start":{"line":48,"column":20},"end":{"line":51,"column":5}},"line":48},"9":{"name":"(anonymous_9)","decl":{"start":{"line":53,"column":4},"end":{"line":53,"column":5}},"loc":{"start":{"line":53,"column":26},"end":{"line":56,"column":5}},"line":53}},"branchMap":{"0":{"loc":{"start":{"line":18,"column":8},"end":{"line":20,"column":9}},"type":"if","locations":[{"start":{"line":18,"column":8},"end":{"line":20,"column":9}},{"start":{},"end":{}}],"line":18},"1":{"loc":{"start":{"line":26,"column":8},"end":{"line":28,"column":9}},"type":"if","locations":[{"start":{"line":26,"column":8},"end":{"line":28,"column":9}},{"start":{},"end":{}}],"line":26},"2":{"loc":{"start":{"line":33,"column":15},"end":{"line":33,"column":28}},"type":"default-arg","locations":[{"start":{"line":33,"column":24},"end":{"line":33,"column":28}}],"line":33},"3":{"loc":{"start":{"line":41,"column":8},"end":{"line":43,"column":9}},"type":"if","locations":[{"start":{"line":41,"column":8},"end":{"line":43,"column":9}},{"start":{},"end":{}}],"line":41},"4":{"loc":{"start":{"line":41,"column":12},"end":{"line":41,"column":27}},"type":"binary-expr","locations":[{"start":{"line":41,"column":12},"end":{"line":41,"column":19}},{"start":{"line":41,"column":23},"end":{"line":41,"column":27}}],"line":41}},"s":{"0":1,"1":1,"2":0,"3":0,"4":0,"5":0,"6":0,"7":0,"8":0,"9":0,"10":0,"11":0,"12":0,"13":0,"14":0,"15":0,"16":0,"17":0,"18":0,"19":0,"20":0,"21":0,"22":0,"23":0,"24":0,"25":0,"26":0,"27":0,"28":0,"29":1},"f":{"0":0,"1":0,"2":0,"3":0,"4":0,"5":0,"6":0,"7":0,"8":0,"9":0},"b":{"0":[0,0],"1":[0,0],"2":[0],"3":[0,0],"4":[0,0]},"_coverageSchema":"1a1c01bbd47fc00a2c39e90264f33305004495a9","hash":"8427b3314c23e0bf99ecbc936ade2f85e2bfe213"}
,"C:\\Users\\Genui\\Documents\\lap3\\CramWrite-back-end\\api\\models\\subject.js": {"path":"C:\\Users\\Genui\\Documents\\lap3\\CramWrite-back-end\\api\\models\\subject.js","statementMap":{"0":{"start":{"line":1,"column":11},"end":{"line":1,"column":41}},"1":{"start":{"line":5,"column":8},"end":{"line":5,"column":29}},"2":{"start":{"line":6,"column":8},"end":{"line":6,"column":32}},"3":{"start":{"line":7,"column":8},"end":{"line":7,"column":31}},"4":{"start":{"line":12,"column":25},"end":{"line":12,"column":115}},"5":{"start":{"line":13,"column":8},"end":{"line":13,"column":54}},"6":{"start":{"line":13,"column":38},"end":{"line":13,"column":52}},"7":{"start":{"line":17,"column":25},"end":{"line":17,"column":123}},"8":{"start":{"line":18,"column":8},"end":{"line":20,"column":9}},"9":{"start":{"line":19,"column":12},"end":{"line":19,"column":55}},"10":{"start":{"line":21,"column":8},"end":{"line":21,"column":45}},"11":{"start":{"line":25,"column":37},"end":{"line":25,"column":41}},"12":{"start":{"line":26,"column":25},"end":{"line":26,"column":134}},"13":{"start":{"line":28,"column":8},"end":{"line":28,"column":45}},"14":{"start":{"line":32,"column":37},"end":{"line":32,"column":41}},"15":{"start":{"line":33,"column":8},"end":{"line":35,"column":9}},"16":{"start":{"line":34,"column":12},"end":{"line":34,"column":45}},"17":{"start":{"line":36,"column":25},"end":{"line":36,"column":133}},"18":{"start":{"line":37,"column":8},"end":{"line":37,"column":45}},"19":{"start":{"line":41,"column":25},"end":{"line":41,"column":122}},"20":{"start":{"line":42,"column":8},"end":{"line":44,"column":9}},"21":{"start":{"line":43,"column":12},"end":{"line":43,"column":57}},"22":{"start":{"line":45,"column":8},"end":{"line":45,"column":55}},"23":{"start":{"line":45,"column":39},"end":{"line":45,"column":53}},"24":{"start":{"line":50,"column":25},"end":{"line":50,"column":108}},"25":{"start":{"line":51,"column":8},"end":{"line":51,"column":45}},"26":{"start":{"line":58,"column":0},"end":{"line":58,"column":25}}},"fnMap":{"0":{"name":"(anonymous_0)","decl":{"start":{"line":4,"column":4},"end":{"line":4,"column":5}},"loc":{"start":{"line":4,"column":53},"end":{"line":9,"column":5}},"line":4},"1":{"name":"(anonymous_1)","decl":{"start":{"line":11,"column":4},"end":{"line":11,"column":5}},"loc":{"start":{"line":11,"column":26},"end":{"line":14,"column":5}},"line":11},"2":{"name":"(anonymous_2)","decl":{"start":{"line":13,"column":33},"end":{"line":13,"column":34}},"loc":{"start":{"line":13,"column":38},"end":{"line":13,"column":52}},"line":13},"3":{"name":"(anonymous_3)","decl":{"start":{"line":16,"column":4},"end":{"line":16,"column":5}},"loc":{"start":{"line":16,"column":32},"end":{"line":22,"column":5}},"line":16},"4":{"name":"(anonymous_4)","decl":{"start":{"line":24,"column":4},"end":{"line":24,"column":5}},"loc":{"start":{"line":24,"column":30},"end":{"line":29,"column":5}},"line":24},"5":{"name":"(anonymous_5)","decl":{"start":{"line":31,"column":4},"end":{"line":31,"column":5}},"loc":{"start":{"line":31,"column":23},"end":{"line":38,"column":5}},"line":31},"6":{"name":"(anonymous_6)","decl":{"start":{"line":40,"column":4},"end":{"line":40,"column":5}},"loc":{"start":{"line":40,"column":35},"end":{"line":46,"column":5}},"line":40},"7":{"name":"(anonymous_7)","decl":{"start":{"line":45,"column":34},"end":{"line":45,"column":35}},"loc":{"start":{"line":45,"column":39},"end":{"line":45,"column":53}},"line":45},"8":{"name":"(anonymous_8)","decl":{"start":{"line":49,"column":4},"end":{"line":49,"column":5}},"loc":{"start":{"line":49,"column":20},"end":{"line":52,"column":5}},"line":49}},"branchMap":{"0":{"loc":{"start":{"line":18,"column":8},"end":{"line":20,"column":9}},"type":"if","locations":[{"start":{"line":18,"column":8},"end":{"line":20,"column":9}},{"start":{},"end":{}}],"line":18},"1":{"loc":{"start":{"line":33,"column":8},"end":{"line":35,"column":9}},"type":"if","locations":[{"start":{"line":33,"column":8},"end":{"line":35,"column":9}},{"start":{},"end":{}}],"line":33},"2":{"loc":{"start":{"line":33,"column":12},"end":{"line":33,"column":34}},"type":"binary-expr","locations":[{"start":{"line":33,"column":12},"end":{"line":33,"column":22}},{"start":{"line":33,"column":26},"end":{"line":33,"column":34}}],"line":33},"3":{"loc":{"start":{"line":42,"column":8},"end":{"line":44,"column":9}},"type":"if","locations":[{"start":{"line":42,"column":8},"end":{"line":44,"column":9}},{"start":{},"end":{}}],"line":42}},"s":{"0":1,"1":0,"2":0,"3":0,"4":0,"5":0,"6":0,"7":0,"8":0,"9":0,"10":0,"11":0,"12":0,"13":0,"14":0,"15":0,"16":0,"17":0,"18":0,"19":0,"20":0,"21":0,"22":0,"23":0,"24":0,"25":0,"26":1},"f":{"0":0,"1":0,"2":0,"3":0,"4":0,"5":0,"6":0,"7":0,"8":0},"b":{"0":[0,0],"1":[0,0],"2":[0,0],"3":[0,0]},"_coverageSchema":"1a1c01bbd47fc00a2c39e90264f33305004495a9","hash":"d3f93ae06eb7feccaaeca02a17628cd009464a96"}
,"C:\\Users\\Genui\\Documents\\lap3\\CramWrite-back-end\\api\\models\\token.js": {"path":"C:\\Users\\Genui\\Documents\\lap3\\CramWrite-back-end\\api\\models\\token.js","statementMap":{"0":{"start":{"line":1,"column":23},"end":{"line":1,"column":38}},"1":{"start":{"line":3,"column":11},"end":{"line":3,"column":41}},"2":{"start":{"line":7,"column":8},"end":{"line":7,"column":33}},"3":{"start":{"line":8,"column":8},"end":{"line":8,"column":32}},"4":{"start":{"line":9,"column":8},"end":{"line":9,"column":27}},"5":{"start":{"line":13,"column":22},"end":{"line":13,"column":30}},"6":{"start":{"line":14,"column":23},"end":{"line":14,"column":126}},"7":{"start":{"line":16,"column":8},"end":{"line":16,"column":43}},"8":{"start":{"line":20,"column":25},"end":{"line":20,"column":89}},"9":{"start":{"line":21,"column":8},"end":{"line":23,"column":9}},"10":{"start":{"line":22,"column":12},"end":{"line":22,"column":55}},"11":{"start":{"line":24,"column":8},"end":{"line":24,"column":43}},"12":{"start":{"line":28,"column":25},"end":{"line":28,"column":89}},"13":{"start":{"line":29,"column":8},"end":{"line":31,"column":9}},"14":{"start":{"line":30,"column":12},"end":{"line":30,"column":55}},"15":{"start":{"line":32,"column":8},"end":{"line":32,"column":43}},"16":{"start":{"line":36,"column":0},"end":{"line":36,"column":23}}},"fnMap":{"0":{"name":"(anonymous_0)","decl":{"start":{"line":6,"column":4},"end":{"line":6,"column":5}},"loc":{"start":{"line":6,"column":48},"end":{"line":10,"column":5}},"line":6},"1":{"name":"(anonymous_1)","decl":{"start":{"line":12,"column":4},"end":{"line":12,"column":5}},"loc":{"start":{"line":12,"column":35},"end":{"line":17,"column":5}},"line":12},"2":{"name":"(anonymous_2)","decl":{"start":{"line":19,"column":4},"end":{"line":19,"column":5}},"loc":{"start":{"line":19,"column":32},"end":{"line":25,"column":5}},"line":19},"3":{"name":"(anonymous_3)","decl":{"start":{"line":27,"column":4},"end":{"line":27,"column":5}},"loc":{"start":{"line":27,"column":38},"end":{"line":33,"column":5}},"line":27}},"branchMap":{"0":{"loc":{"start":{"line":21,"column":8},"end":{"line":23,"column":9}},"type":"if","locations":[{"start":{"line":21,"column":8},"end":{"line":23,"column":9}},{"start":{},"end":{}}],"line":21},"1":{"loc":{"start":{"line":29,"column":8},"end":{"line":31,"column":9}},"type":"if","locations":[{"start":{"line":29,"column":8},"end":{"line":31,"column":9}},{"start":{},"end":{}}],"line":29}},"s":{"0":1,"1":1,"2":2,"3":2,"4":2,"5":0,"6":0,"7":0,"8":0,"9":0,"10":0,"11":0,"12":2,"13":2,"14":0,"15":2,"16":1},"f":{"0":2,"1":0,"2":0,"3":2},"b":{"0":[0,0],"1":[0,2]},"_coverageSchema":"1a1c01bbd47fc00a2c39e90264f33305004495a9","hash":"694cd4fab07a37de85cfa8de3084ebdf11222743"}
,"C:\\Users\\Genui\\Documents\\lap3\\CramWrite-back-end\\api\\routers\\client.js": {"path":"C:\\Users\\Genui\\Documents\\lap3\\CramWrite-back-end\\api\\routers\\client.js","statementMap":{"0":{"start":{"line":1,"column":19},"end":{"line":1,"column":37}},"1":{"start":{"line":3,"column":22},"end":{"line":3,"column":63}},"2":{"start":{"line":5,"column":25},"end":{"line":5,"column":60}},"3":{"start":{"line":6,"column":15},"end":{"line":6,"column":45}},"4":{"start":{"line":8,"column":21},"end":{"line":8,"column":29}},"5":{"start":{"line":10,"column":0},"end":{"line":10,"column":61}},"6":{"start":{"line":11,"column":0},"end":{"line":11,"column":58}},"7":{"start":{"line":12,"column":0},"end":{"line":12,"column":52}},"8":{"start":{"line":13,"column":0},"end":{"line":13,"column":63}},"9":{"start":{"line":14,"column":0},"end":{"line":14,"column":63}},"10":{"start":{"line":15,"column":0},"end":{"line":15,"column":67}},"11":{"start":{"line":16,"column":0},"end":{"line":16,"column":69}},"12":{"start":{"line":17,"column":0},"end":{"line":17,"column":62}},"13":{"start":{"line":20,"column":0},"end":{"line":20,"column":30}}},"fnMap":{},"branchMap":{},"s":{"0":1,"1":1,"2":1,"3":1,"4":1,"5":1,"6":1,"7":1,"8":1,"9":1,"10":1,"11":1,"12":1,"13":1},"f":{},"b":{},"_coverageSchema":"1a1c01bbd47fc00a2c39e90264f33305004495a9","hash":"72b8d080cdd492bd686f2195d07d6da5e89ddfd6"}
,"C:\\Users\\Genui\\Documents\\lap3\\CramWrite-back-end\\api\\routers\\flashcard.js": {"path":"C:\\Users\\Genui\\Documents\\lap3\\CramWrite-back-end\\api\\routers\\flashcard.js","statementMap":{"0":{"start":{"line":1,"column":19},"end":{"line":1,"column":37}},"1":{"start":{"line":3,"column":28},"end":{"line":3,"column":66}},"2":{"start":{"line":4,"column":18},"end":{"line":4,"column":51}},"3":{"start":{"line":6,"column":24},"end":{"line":6,"column":32}},"4":{"start":{"line":8,"column":0},"end":{"line":8,"column":52}},"5":{"start":{"line":9,"column":0},"end":{"line":9,"column":54}},"6":{"start":{"line":10,"column":0},"end":{"line":10,"column":54}},"7":{"start":{"line":11,"column":0},"end":{"line":11,"column":67}},"8":{"start":{"line":12,"column":0},"end":{"line":12,"column":69}},"9":{"start":{"line":13,"column":0},"end":{"line":13,"column":58}},"10":{"start":{"line":14,"column":0},"end":{"line":14,"column":60}},"11":{"start":{"line":15,"column":0},"end":{"line":15,"column":67}},"12":{"start":{"line":18,"column":0},"end":{"line":18,"column":33}}},"fnMap":{},"branchMap":{},"s":{"0":1,"1":1,"2":1,"3":1,"4":1,"5":1,"6":1,"7":1,"8":1,"9":1,"10":1,"11":1,"12":1},"f":{},"b":{},"_coverageSchema":"1a1c01bbd47fc00a2c39e90264f33305004495a9","hash":"de6e162befe81c44216849877b58e14d85ada460"}
,"C:\\Users\\Genui\\Documents\\lap3\\CramWrite-back-end\\api\\routers\\folder.js": {"path":"C:\\Users\\Genui\\Documents\\lap3\\CramWrite-back-end\\api\\routers\\folder.js","statementMap":{"0":{"start":{"line":1,"column":19},"end":{"line":1,"column":37}},"1":{"start":{"line":3,"column":25},"end":{"line":3,"column":60}},"2":{"start":{"line":4,"column":15},"end":{"line":4,"column":45}},"3":{"start":{"line":6,"column":21},"end":{"line":6,"column":29}},"4":{"start":{"line":8,"column":0},"end":{"line":8,"column":46}},"5":{"start":{"line":9,"column":0},"end":{"line":9,"column":48}},"6":{"start":{"line":10,"column":0},"end":{"line":10,"column":48}},"7":{"start":{"line":11,"column":0},"end":{"line":11,"column":52}},"8":{"start":{"line":12,"column":0},"end":{"line":12,"column":54}},"9":{"start":{"line":16,"column":0},"end":{"line":16,"column":30}}},"fnMap":{},"branchMap":{},"s":{"0":1,"1":1,"2":1,"3":1,"4":1,"5":1,"6":1,"7":1,"8":1,"9":1},"f":{},"b":{},"_coverageSchema":"1a1c01bbd47fc00a2c39e90264f33305004495a9","hash":"9c3cda9e7aaaaef602e44b8a71c81e45ebe91769"}
,"C:\\Users\\Genui\\Documents\\lap3\\CramWrite-back-end\\api\\routers\\question.js": {"path":"C:\\Users\\Genui\\Documents\\lap3\\CramWrite-back-end\\api\\routers\\question.js","statementMap":{"0":{"start":{"line":1,"column":19},"end":{"line":1,"column":37}},"1":{"start":{"line":3,"column":27},"end":{"line":3,"column":64}},"2":{"start":{"line":5,"column":23},"end":{"line":5,"column":31}},"3":{"start":{"line":7,"column":0},"end":{"line":7,"column":50}},"4":{"start":{"line":8,"column":0},"end":{"line":8,"column":52}},"5":{"start":{"line":9,"column":0},"end":{"line":9,"column":52}},"6":{"start":{"line":10,"column":0},"end":{"line":10,"column":61}},"7":{"start":{"line":11,"column":0},"end":{"line":11,"column":56}},"8":{"start":{"line":12,"column":0},"end":{"line":12,"column":58}},"9":{"start":{"line":15,"column":0},"end":{"line":15,"column":32}}},"fnMap":{},"branchMap":{},"s":{"0":1,"1":1,"2":1,"3":1,"4":1,"5":1,"6":1,"7":1,"8":1,"9":1},"f":{},"b":{},"_coverageSchema":"1a1c01bbd47fc00a2c39e90264f33305004495a9","hash":"9599de000a29e7ba0a5da18a284f0be6f3871c94"}
,"C:\\Users\\Genui\\Documents\\lap3\\CramWrite-back-end\\api\\routers\\set.js": {"path":"C:\\Users\\Genui\\Documents\\lap3\\CramWrite-back-end\\api\\routers\\set.js","statementMap":{"0":{"start":{"line":1,"column":19},"end":{"line":1,"column":37}},"1":{"start":{"line":3,"column":22},"end":{"line":3,"column":54}},"2":{"start":{"line":5,"column":18},"end":{"line":5,"column":26}},"3":{"start":{"line":7,"column":0},"end":{"line":7,"column":40}},"4":{"start":{"line":8,"column":0},"end":{"line":8,"column":42}},"5":{"start":{"line":9,"column":0},"end":{"line":9,"column":42}},"6":{"start":{"line":10,"column":0},"end":{"line":10,"column":55}},"7":{"start":{"line":11,"column":0},"end":{"line":11,"column":64}},"8":{"start":{"line":12,"column":0},"end":{"line":12,"column":46}},"9":{"start":{"line":13,"column":0},"end":{"line":13,"column":48}},"10":{"start":{"line":16,"column":0},"end":{"line":16,"column":27}}},"fnMap":{},"branchMap":{},"s":{"0":1,"1":1,"2":1,"3":1,"4":1,"5":1,"6":1,"7":1,"8":1,"9":1,"10":1},"f":{},"b":{},"_coverageSchema":"1a1c01bbd47fc00a2c39e90264f33305004495a9","hash":"338f2148fc3f29bf8edae0a7162cef7b13ff151f"}
,"C:\\Users\\Genui\\Documents\\lap3\\CramWrite-back-end\\api\\routers\\subject.js": {"path":"C:\\Users\\Genui\\Documents\\lap3\\CramWrite-back-end\\api\\routers\\subject.js","statementMap":{"0":{"start":{"line":1,"column":19},"end":{"line":1,"column":37}},"1":{"start":{"line":3,"column":26},"end":{"line":3,"column":62}},"2":{"start":{"line":4,"column":16},"end":{"line":4,"column":47}},"3":{"start":{"line":6,"column":22},"end":{"line":6,"column":30}},"4":{"start":{"line":8,"column":0},"end":{"line":8,"column":48}},"5":{"start":{"line":9,"column":0},"end":{"line":9,"column":50}},"6":{"start":{"line":10,"column":0},"end":{"line":10,"column":50}},"7":{"start":{"line":11,"column":0},"end":{"line":11,"column":63}},"8":{"start":{"line":12,"column":0},"end":{"line":12,"column":54}},"9":{"start":{"line":13,"column":0},"end":{"line":13,"column":56}},"10":{"start":{"line":17,"column":0},"end":{"line":17,"column":31}}},"fnMap":{},"branchMap":{},"s":{"0":1,"1":1,"2":1,"3":1,"4":1,"5":1,"6":1,"7":1,"8":1,"9":1,"10":1},"f":{},"b":{},"_coverageSchema":"1a1c01bbd47fc00a2c39e90264f33305004495a9","hash":"3f94b6aed004415b35df3d5419a33b49db3c4b3a"}
}
